[Binance 2021-11-27 17:57:02.648804] Start trading...
[Binance 2021-11-27 17:57:05.347171] Cancled all orders
[Binance 2021-11-27 17:58:03.600762] target coins: dict_keys(['ANKR/USDT-UP', 'STORJ/USDT-UP', 'DOT/USDT-DOWN', 'SAND/USDT-UP', 'ADA/USDT-DOWN', 'XRP/USDT-DOWN'])
[Binance 2021-11-27 17:58:04.327261] target_amount: 125.119156329
{'symbol': 'ANKRUSDT', 'leverage': '1', 'maxNotionalValue': '30000000'}
[Binance 2021-11-27 17:58:05.175411] {'info': {'orderId': '1512866465', 'symbol': 'ANKRUSDT', 'status': 'FILLED', 'clientOrderId': 'x-xcKtGhcuca3d7e95c7fdfaeee5e202', 'price': '0', 'avgPrice': '0.176832', 'origQty': '708', 'executedQty': '708', 'cumQty': '708', 'cumQuote': '125.197340', 'timeInForce': 'GTC', 'type': 'MARKET', 'reduceOnly': False, 'closePosition': False, 'side': 'BUY', 'positionSide': 'BOTH', 'stopPrice': '0', 'workingType': 'CONTRACT_PRICE', 'priceProtect': False, 'origType': 'MARKET', 'updateTime': '1638003487286'}, 'id': '1512866465', 'clientOrderId': 'x-xcKtGhcuca3d7e95c7fdfaeee5e202', 'timestamp': None, 'datetime': None, 'lastTradeTimestamp': None, 'symbol': 'ANKR/USDT', 'type': 'market', 'timeInForce': 'GTC', 'postOnly': False, 'side': 'buy', 'price': 0.176832, 'stopPrice': None, 'amount': 708.0, 'cost': 125.19734, 'average': 0.176832, 'filled': 708.0, 'remaining': 0.0, 'status': 'closed', 'fee': None, 'trades': [], 'fees': []}
{'symbol': 'STORJUSDT', 'leverage': '1', 'maxNotionalValue': '30000000'}
[Binance 2021-11-27 17:58:06.200592] {'info': {'orderId': '3163012762', 'symbol': 'STORJUSDT', 'status': 'FILLED', 'clientOrderId': 'x-xcKtGhcu4f702d23234ec4e4c493ac', 'price': '0', 'avgPrice': '2.9374', 'origQty': '43', 'executedQty': '43', 'cumQty': '43', 'cumQuote': '126.3082', 'timeInForce': 'GTC', 'type': 'MARKET', 'reduceOnly': False, 'closePosition': False, 'side': 'BUY', 'positionSide': 'BOTH', 'stopPrice': '0', 'workingType': 'CONTRACT_PRICE', 'priceProtect': False, 'origType': 'MARKET', 'updateTime': '1638003488311'}, 'id': '3163012762', 'clientOrderId': 'x-xcKtGhcu4f702d23234ec4e4c493ac', 'timestamp': None, 'datetime': None, 'lastTradeTimestamp': None, 'symbol': 'STORJ/USDT', 'type': 'market', 'timeInForce': 'GTC', 'postOnly': False, 'side': 'buy', 'price': 2.9374, 'stopPrice': None, 'amount': 43.0, 'cost': 126.3082, 'average': 2.9374, 'filled': 43.0, 'remaining': 0.0, 'status': 'closed', 'fee': None, 'trades': [], 'fees': []}
{'symbol': 'SANDUSDT', 'leverage': '2', 'maxNotionalValue': '2000000'}
[Binance 2021-11-27 17:58:07.069144] {'info': {'orderId': '3835675543', 'symbol': 'SANDUSDT', 'status': 'FILLED', 'clientOrderId': 'x-xcKtGhcu4a6e5b28ec7ec690049470', 'price': '0', 'avgPrice': '6.72406', 'origQty': '37', 'executedQty': '37', 'cumQty': '37', 'cumQuote': '248.79018', 'timeInForce': 'GTC', 'type': 'MARKET', 'reduceOnly': False, 'closePosition': False, 'side': 'BUY', 'positionSide': 'BOTH', 'stopPrice': '0', 'workingType': 'CONTRACT_PRICE', 'priceProtect': False, 'origType': 'MARKET', 'updateTime': '1638003489178'}, 'id': '3835675543', 'clientOrderId': 'x-xcKtGhcu4a6e5b28ec7ec690049470', 'timestamp': None, 'datetime': None, 'lastTradeTimestamp': None, 'symbol': 'SAND/USDT', 'type': 'market', 'timeInForce': 'GTC', 'postOnly': False, 'side': 'buy', 'price': 6.72406, 'stopPrice': None, 'amount': 37.0, 'cost': 248.79018, 'average': 6.72406, 'filled': 37.0, 'remaining': 0.0, 'status': 'closed', 'fee': None, 'trades': [], 'fees': []}
[Binance 2021-11-27 17:58:07.546398] End trading
[Binance 2021-11-28 09:00:03.312265] Start trading...
[Binance 2021-11-28 09:00:05.949837] Cancled all orders
[Binance 2021-11-28 09:01:08.171243] target coins: dict_keys(['BAT/USDT-UP', 'LIT/USDT-UP', 'STORJ/USDT-UP', 'ANKR/USDT-UP', 'GRT/USDT-UP', 'FIL/USDT-UP'])
[Binance 2021-11-28 09:01:08.763098] target_amount: 122.90835615450001
{'symbol': 'BATUSDT', 'leverage': '1', 'maxNotionalValue': '30000000'}
[Binance 2021-11-28 09:01:09.654068] {'info': {'orderId': '2429599107', 'symbol': 'BATUSDT', 'status': 'FILLED', 'clientOrderId': 'x-xcKtGhcu5c592ad0413fd2efc31e68', 'price': '0', 'avgPrice': '1.78630', 'origQty': '69', 'executedQty': '69', 'cumQty': '69', 'cumQuote': '123.25470', 'timeInForce': 'GTC', 'type': 'MARKET', 'reduceOnly': False, 'closePosition': False, 'side': 'BUY', 'positionSide': 'BOTH', 'stopPrice': '0', 'workingType': 'CONTRACT_PRICE', 'priceProtect': False, 'origType': 'MARKET', 'updateTime': '1638057669617'}, 'id': '2429599107', 'clientOrderId': 'x-xcKtGhcu5c592ad0413fd2efc31e68', 'timestamp': None, 'datetime': None, 'lastTradeTimestamp': None, 'symbol': 'BAT/USDT', 'type': 'market', 'timeInForce': 'GTC', 'postOnly': False, 'side': 'buy', 'price': 1.7863, 'stopPrice': None, 'amount': 69.0, 'cost': 123.2547, 'average': 1.7863, 'filled': 69.0, 'remaining': 0.0, 'status': 'closed', 'fee': None, 'trades': [], 'fees': []}
{'symbol': 'LITUSDT', 'leverage': '1', 'maxNotionalValue': '30000000'}
[Binance 2021-11-28 09:01:10.506924] {'info': {'orderId': '901746601', 'symbol': 'LITUSDT', 'status': 'FILLED', 'clientOrderId': 'x-xcKtGhcu8c5b5ddb1b9083c871d938', 'price': '0', 'avgPrice': '5.9580', 'origQty': '20.6', 'executedQty': '20.6', 'cumQty': '20.6', 'cumQuote': '122.7348', 'timeInForce': 'GTC', 'type': 'MARKET', 'reduceOnly': False, 'closePosition': False, 'side': 'BUY', 'positionSide': 'BOTH', 'stopPrice': '0', 'workingType': 'CONTRACT_PRICE', 'priceProtect': False, 'origType': 'MARKET', 'updateTime': '1638057670469'}, 'id': '901746601', 'clientOrderId': 'x-xcKtGhcu8c5b5ddb1b9083c871d938', 'timestamp': None, 'datetime': None, 'lastTradeTimestamp': None, 'symbol': 'LIT/USDT', 'type': 'market', 'timeInForce': 'GTC', 'postOnly': False, 'side': 'buy', 'price': 5.958, 'stopPrice': None, 'amount': 20.6, 'cost': 122.7348, 'average': 5.958, 'filled': 20.6, 'remaining': 0.0, 'status': 'closed', 'fee': None, 'trades': [], 'fees': []}
{'symbol': 'STORJUSDT', 'leverage': '1', 'maxNotionalValue': '30000000'}
[Binance 2021-11-28 09:01:11.336085] {'info': {'orderId': '3174695778', 'symbol': 'STORJUSDT', 'status': 'FILLED', 'clientOrderId': 'x-xcKtGhcu83253c2d65538f45b8e172', 'price': '0', 'avgPrice': '2.8361', 'origQty': '43', 'executedQty': '43', 'cumQty': '43', 'cumQuote': '121.9523', 'timeInForce': 'GTC', 'type': 'MARKET', 'reduceOnly': False, 'closePosition': False, 'side': 'BUY', 'positionSide': 'BOTH', 'stopPrice': '0', 'workingType': 'CONTRACT_PRICE', 'priceProtect': False, 'origType': 'MARKET', 'updateTime': '1638057671294'}, 'id': '3174695778', 'clientOrderId': 'x-xcKtGhcu83253c2d65538f45b8e172', 'timestamp': None, 'datetime': None, 'lastTradeTimestamp': None, 'symbol': 'STORJ/USDT', 'type': 'market', 'timeInForce': 'GTC', 'postOnly': False, 'side': 'buy', 'price': 2.8361, 'stopPrice': None, 'amount': 43.0, 'cost': 121.9523, 'average': 2.8361, 'filled': 43.0, 'remaining': 0.0, 'status': 'closed', 'fee': None, 'trades': [], 'fees': []}
{'symbol': 'ANKRUSDT', 'leverage': '1', 'maxNotionalValue': '30000000'}
[Binance 2021-11-28 09:01:12.219072] {'info': {'orderId': '1525990368', 'symbol': 'ANKRUSDT', 'status': 'FILLED', 'clientOrderId': 'x-xcKtGhcu1d5a48d3fb86f036df8170', 'price': '0', 'avgPrice': '0.171386', 'origQty': '721', 'executedQty': '721', 'cumQty': '721', 'cumQuote': '123.569120', 'timeInForce': 'GTC', 'type': 'MARKET', 'reduceOnly': False, 'closePosition': False, 'side': 'BUY', 'positionSide': 'BOTH', 'stopPrice': '0', 'workingType': 'CONTRACT_PRICE', 'priceProtect': False, 'origType': 'MARKET', 'updateTime': '1638057672180'}, 'id': '1525990368', 'clientOrderId': 'x-xcKtGhcu1d5a48d3fb86f036df8170', 'timestamp': None, 'datetime': None, 'lastTradeTimestamp': None, 'symbol': 'ANKR/USDT', 'type': 'market', 'timeInForce': 'GTC', 'postOnly': False, 'side': 'buy', 'price': 0.171386, 'stopPrice': None, 'amount': 721.0, 'cost': 123.56912, 'average': 0.171386, 'filled': 721.0, 'remaining': 0.0, 'status': 'closed', 'fee': None, 'trades': [], 'fees': []}
[Binance 2021-11-28 09:01:12.697573] End trading
[Binance 2021-11-29 09:00:02.038537] Start trading...
[Binance 2021-11-29 09:00:05.064702] Cancled all orders
[Binance 2021-11-29 09:01:05.687156] target coins: dict_keys(['RSR/USDT-UP', 'BAT/USDT-UP', 'SAND/USDT-UP', 'LUNA/USDT-UP', 'LIT/USDT-UP', 'MANA/USDT-UP'])
[Binance 2021-11-29 09:01:06.265275] target_amount: 119.86889886600001
{'symbol': 'BATUSDT', 'leverage': '1', 'maxNotionalValue': '30000000'}
[Binance 2021-11-29 09:01:07.125189] {'info': {'orderId': '2452065924', 'symbol': 'BATUSDT', 'status': 'FILLED', 'clientOrderId': 'x-xcKtGhcud3f9f86ee889c89c21f50f', 'price': '0', 'avgPrice': '1.64960', 'origQty': '73', 'executedQty': '73', 'cumQty': '73', 'cumQuote': '120.42080', 'timeInForce': 'GTC', 'type': 'MARKET', 'reduceOnly': False, 'closePosition': False, 'side': 'BUY', 'positionSide': 'BOTH', 'stopPrice': '0', 'workingType': 'CONTRACT_PRICE', 'priceProtect': False, 'origType': 'MARKET', 'updateTime': '1638144067102'}, 'id': '2452065924', 'clientOrderId': 'x-xcKtGhcud3f9f86ee889c89c21f50f', 'timestamp': None, 'datetime': None, 'lastTradeTimestamp': None, 'symbol': 'BAT/USDT', 'type': 'market', 'timeInForce': 'GTC', 'postOnly': False, 'side': 'buy', 'price': 1.6496, 'stopPrice': None, 'amount': 73.0, 'cost': 120.4208, 'average': 1.6496, 'filled': 73.0, 'remaining': 0.0, 'status': 'closed', 'fee': None, 'trades': [], 'fees': []}
{'symbol': 'SANDUSDT', 'leverage': '1', 'maxNotionalValue': '30000000'}
[Binance 2021-11-29 09:01:08.035769] {'info': {'orderId': '3947021412', 'symbol': 'SANDUSDT', 'status': 'FILLED', 'clientOrderId': 'x-xcKtGhcu7c50278259bfc349df38af', 'price': '0', 'avgPrice': '7.52713', 'origQty': '16', 'executedQty': '16', 'cumQty': '16', 'cumQuote': '120.43408', 'timeInForce': 'GTC', 'type': 'MARKET', 'reduceOnly': False, 'closePosition': False, 'side': 'BUY', 'positionSide': 'BOTH', 'stopPrice': '0', 'workingType': 'CONTRACT_PRICE', 'priceProtect': False, 'origType': 'MARKET', 'updateTime': '1638144068012'}, 'id': '3947021412', 'clientOrderId': 'x-xcKtGhcu7c50278259bfc349df38af', 'timestamp': None, 'datetime': None, 'lastTradeTimestamp': None, 'symbol': 'SAND/USDT', 'type': 'market', 'timeInForce': 'GTC', 'postOnly': False, 'side': 'buy', 'price': 7.52713, 'stopPrice': None, 'amount': 16.0, 'cost': 120.43408, 'average': 7.52713, 'filled': 16.0, 'remaining': 0.0, 'status': 'closed', 'fee': None, 'trades': [], 'fees': []}
{'symbol': 'LITUSDT', 'leverage': '1', 'maxNotionalValue': '30000000'}
[Binance 2021-11-29 09:01:08.929596] {'info': {'orderId': '916766826', 'symbol': 'LITUSDT', 'status': 'FILLED', 'clientOrderId': 'x-xcKtGhcuad79ee1b19753cbc59b182', 'price': '0', 'avgPrice': '5.9295', 'origQty': '20.2', 'executedQty': '20.2', 'cumQty': '20.2', 'cumQuote': '119.7763', 'timeInForce': 'GTC', 'type': 'MARKET', 'reduceOnly': False, 'closePosition': False, 'side': 'BUY', 'positionSide': 'BOTH', 'stopPrice': '0', 'workingType': 'CONTRACT_PRICE', 'priceProtect': False, 'origType': 'MARKET', 'updateTime': '1638144068906'}, 'id': '916766826', 'clientOrderId': 'x-xcKtGhcuad79ee1b19753cbc59b182', 'timestamp': None, 'datetime': None, 'lastTradeTimestamp': None, 'symbol': 'LIT/USDT', 'type': 'market', 'timeInForce': 'GTC', 'postOnly': False, 'side': 'buy', 'price': 5.9295, 'stopPrice': None, 'amount': 20.2, 'cost': 119.7763, 'average': 5.9295, 'filled': 20.2, 'remaining': 0.0, 'status': 'closed', 'fee': None, 'trades': [], 'fees': []}
{'symbol': 'MANAUSDT', 'leverage': '1', 'maxNotionalValue': '30000000'}
[Binance 2021-11-29 09:01:09.847297] {'info': {'orderId': '2402947851', 'symbol': 'MANAUSDT', 'status': 'FILLED', 'clientOrderId': 'x-xcKtGhcu24d23597507186f58b165e', 'price': '0', 'avgPrice': '5.1377', 'origQty': '23', 'executedQty': '23', 'cumQty': '23', 'cumQuote': '118.1671', 'timeInForce': 'GTC', 'type': 'MARKET', 'reduceOnly': False, 'closePosition': False, 'side': 'BUY', 'positionSide': 'BOTH', 'stopPrice': '0', 'workingType': 'CONTRACT_PRICE', 'priceProtect': False, 'origType': 'MARKET', 'updateTime': '1638144069821'}, 'id': '2402947851', 'clientOrderId': 'x-xcKtGhcu24d23597507186f58b165e', 'timestamp': None, 'datetime': None, 'lastTradeTimestamp': None, 'symbol': 'MANA/USDT', 'type': 'market', 'timeInForce': 'GTC', 'postOnly': False, 'side': 'buy', 'price': 5.1377, 'stopPrice': None, 'amount': 23.0, 'cost': 118.1671, 'average': 5.1377, 'filled': 23.0, 'remaining': 0.0, 'status': 'closed', 'fee': None, 'trades': [], 'fees': []}
[Binance 2021-11-29 09:01:10.316240] End trading
[Binance 2021-11-30 09:00:03.510384] Start trading...
[Binance 2021-11-30 09:00:26.079407] Cancled all orders
[Binance 2021-11-30 09:01:25.714103] target coins: dict_keys(['RSR/USDT-UP', 'XTZ/USDT-UP', 'LUNA/USDT-UP', 'STORJ/USDT-UP', 'MATIC/USDT-UP', 'IOST/USDT-UP'])
[Binance 2021-11-30 09:01:27.807201] target_amount: 117.6795642375
{'symbol': 'RSRUSDT', 'leverage': '1', 'maxNotionalValue': '30000000'}
[Binance 2021-11-30 09:01:29.955525] {'info': {'orderId': '633327751803672999', 'symbol': 'RSRUSDT', 'status': 'FILLED', 'clientOrderId': 'x-xcKtGhcu5c7cfc2dab5e1b9a11ad7b', 'price': '0', 'avgPrice': '0.054265', 'origQty': '2168', 'executedQty': '2168', 'cumQty': '2168', 'cumQuote': '117.646520', 'timeInForce': 'GTC', 'type': 'MARKET', 'reduceOnly': False, 'closePosition': False, 'side': 'BUY', 'positionSide': 'BOTH', 'stopPrice': '0', 'workingType': 'CONTRACT_PRICE', 'priceProtect': False, 'origType': 'MARKET', 'updateTime': '1638230489890'}, 'id': '633327751803672999', 'clientOrderId': 'x-xcKtGhcu5c7cfc2dab5e1b9a11ad7b', 'timestamp': None, 'datetime': None, 'lastTradeTimestamp': None, 'symbol': 'RSR/USDT', 'type': 'market', 'timeInForce': 'GTC', 'postOnly': False, 'side': 'buy', 'price': 0.054265, 'stopPrice': None, 'amount': 2168.0, 'cost': 117.64652, 'average': 0.054265, 'filled': 2168.0, 'remaining': 0.0, 'status': 'closed', 'fee': None, 'trades': [], 'fees': []}
{'symbol': 'STORJUSDT', 'leverage': '1', 'maxNotionalValue': '30000000'}
[Binance 2021-11-30 09:01:32.034112] {'info': {'orderId': '3206611218', 'symbol': 'STORJUSDT', 'status': 'FILLED', 'clientOrderId': 'x-xcKtGhcud27d79f2172b5aa5fea42', 'price': '0', 'avgPrice': '2.9773', 'origQty': '40', 'executedQty': '40', 'cumQty': '40', 'cumQuote': '119.0920', 'timeInForce': 'GTC', 'type': 'MARKET', 'reduceOnly': False, 'closePosition': False, 'side': 'BUY', 'positionSide': 'BOTH', 'stopPrice': '0', 'workingType': 'CONTRACT_PRICE', 'priceProtect': False, 'origType': 'MARKET', 'updateTime': '1638230491971'}, 'id': '3206611218', 'clientOrderId': 'x-xcKtGhcud27d79f2172b5aa5fea42', 'timestamp': None, 'datetime': None, 'lastTradeTimestamp': None, 'symbol': 'STORJ/USDT', 'type': 'market', 'timeInForce': 'GTC', 'postOnly': False, 'side': 'buy', 'price': 2.9773, 'stopPrice': None, 'amount': 40.0, 'cost': 119.092, 'average': 2.9773, 'filled': 40.0, 'remaining': 0.0, 'status': 'closed', 'fee': None, 'trades': [], 'fees': []}
[Binance 2021-11-30 09:01:32.561505] End trading
[Binance 2021-12-01 09:00:03.590145] Start trading...
[Binance 2021-12-01 09:00:05.877703] Cancled all orders
[Binance 2021-12-01 09:01:09.077247] target coins: dict_keys(['LUNA/USDT-UP', 'RSR/USDT-UP', 'ETH/USDT-UP', 'XTZ/USDT-UP', 'MATIC/USDT-UP', 'SOL/USDT-UP'])
[Binance 2021-12-01 09:01:09.648093] target_amount: 114.18890445750002
{'symbol': 'LUNAUSDT', 'leverage': '1', 'maxNotionalValue': '50000000'}
[Binance 2021-12-01 09:01:10.607782] {'info': {'orderId': '3537611674', 'symbol': 'LUNAUSDT', 'status': 'FILLED', 'clientOrderId': 'x-xcKtGhcub1f2e6caef5ad2b5a819a5', 'price': '0', 'avgPrice': '59.3430', 'origQty': '1', 'executedQty': '1', 'cumQty': '1', 'cumQuote': '59.3430', 'timeInForce': 'GTC', 'type': 'MARKET', 'reduceOnly': False, 'closePosition': False, 'side': 'BUY', 'positionSide': 'BOTH', 'stopPrice': '0', 'workingType': 'CONTRACT_PRICE', 'priceProtect': False, 'origType': 'MARKET', 'updateTime': '1638316870665'}, 'id': '3537611674', 'clientOrderId': 'x-xcKtGhcub1f2e6caef5ad2b5a819a5', 'timestamp': None, 'datetime': None, 'lastTradeTimestamp': None, 'symbol': 'LUNA/USDT', 'type': 'market', 'timeInForce': 'GTC', 'postOnly': False, 'side': 'buy', 'price': 59.343, 'stopPrice': None, 'amount': 1.0, 'cost': 59.343, 'average': 59.343, 'filled': 1.0, 'remaining': 0.0, 'status': 'closed', 'fee': None, 'trades': [], 'fees': []}
{'symbol': 'RSRUSDT', 'leverage': '1', 'maxNotionalValue': '30000000'}
[Binance 2021-12-01 09:01:11.498275] {'info': {'orderId': '633327751825994988', 'symbol': 'RSRUSDT', 'status': 'FILLED', 'clientOrderId': 'x-xcKtGhcua9ec262ba9546ac232bf2', 'price': '0', 'avgPrice': '0.049744', 'origQty': '2295', 'executedQty': '2295', 'cumQty': '2295', 'cumQuote': '114.162480', 'timeInForce': 'GTC', 'type': 'MARKET', 'reduceOnly': False, 'closePosition': False, 'side': 'BUY', 'positionSide': 'BOTH', 'stopPrice': '0', 'workingType': 'CONTRACT_PRICE', 'priceProtect': False, 'origType': 'MARKET', 'updateTime': '1638316871553'}, 'id': '633327751825994988', 'clientOrderId': 'x-xcKtGhcua9ec262ba9546ac232bf2', 'timestamp': None, 'datetime': None, 'lastTradeTimestamp': None, 'symbol': 'RSR/USDT', 'type': 'market', 'timeInForce': 'GTC', 'postOnly': False, 'side': 'buy', 'price': 0.049744, 'stopPrice': None, 'amount': 2295.0, 'cost': 114.16248, 'average': 0.049744, 'filled': 2295.0, 'remaining': 0.0, 'status': 'closed', 'fee': None, 'trades': [], 'fees': []}
[Binance 2021-12-01 09:01:11.954664] End trading
[Binance 2021-12-02 09:00:02.960701] Start trading...
[Binance 2021-12-02 09:00:05.227775] Cancled all orders
[Binance 2021-12-02 09:01:04.013255] target coins: dict_keys(['CTK/USDT-UP', 'LUNA/USDT-UP', 'SFP/USDT-UP', 'MATIC/USDT-UP', 'SOL/USDT-UP', 'ALICE/USDT-UP'])
[Binance 2021-12-02 09:01:04.597296] target_amount: 115.456544382
{'symbol': 'CTKUSDT', 'leverage': '1', 'maxNotionalValue': '30000000'}
[Binance 2021-12-02 09:01:05.459903] {'info': {'orderId': '1084216025', 'symbol': 'CTKUSDT', 'status': 'FILLED', 'clientOrderId': 'x-xcKtGhcu2598cd91e66718f728041a', 'price': '0', 'avgPrice': '2.57600', 'origQty': '44', 'executedQty': '44', 'cumQty': '44', 'cumQuote': '113.34400', 'timeInForce': 'GTC', 'type': 'MARKET', 'reduceOnly': False, 'closePosition': False, 'side': 'BUY', 'positionSide': 'BOTH', 'stopPrice': '0', 'workingType': 'CONTRACT_PRICE', 'priceProtect': False, 'origType': 'MARKET', 'updateTime': '1638403265441'}, 'id': '1084216025', 'clientOrderId': 'x-xcKtGhcu2598cd91e66718f728041a', 'timestamp': None, 'datetime': None, 'lastTradeTimestamp': None, 'symbol': 'CTK/USDT', 'type': 'market', 'timeInForce': 'GTC', 'postOnly': False, 'side': 'buy', 'price': 2.576, 'stopPrice': None, 'amount': 44.0, 'cost': 113.344, 'average': 2.576, 'filled': 44.0, 'remaining': 0.0, 'status': 'closed', 'fee': None, 'trades': [], 'fees': []}
{'symbol': 'LUNAUSDT', 'leverage': '1', 'maxNotionalValue': '50000000'}
[Binance 2021-12-02 09:01:06.303928] {'info': {'orderId': '3566667548', 'symbol': 'LUNAUSDT', 'status': 'FILLED', 'clientOrderId': 'x-xcKtGhcu965954ea5a6fba1e440f31', 'price': '0', 'avgPrice': '63.9990', 'origQty': '1', 'executedQty': '1', 'cumQty': '1', 'cumQuote': '63.9990', 'timeInForce': 'GTC', 'type': 'MARKET', 'reduceOnly': False, 'closePosition': False, 'side': 'BUY', 'positionSide': 'BOTH', 'stopPrice': '0', 'workingType': 'CONTRACT_PRICE', 'priceProtect': False, 'origType': 'MARKET', 'updateTime': '1638403266285'}, 'id': '3566667548', 'clientOrderId': 'x-xcKtGhcu965954ea5a6fba1e440f31', 'timestamp': None, 'datetime': None, 'lastTradeTimestamp': None, 'symbol': 'LUNA/USDT', 'type': 'market', 'timeInForce': 'GTC', 'postOnly': False, 'side': 'buy', 'price': 63.999, 'stopPrice': None, 'amount': 1.0, 'cost': 63.999, 'average': 63.999, 'filled': 1.0, 'remaining': 0.0, 'status': 'closed', 'fee': None, 'trades': [], 'fees': []}
{'symbol': 'SFPUSDT', 'leverage': '1', 'maxNotionalValue': '30000000'}
[Binance 2021-12-02 09:01:07.131396] {'info': {'orderId': '1209194425', 'symbol': 'SFPUSDT', 'status': 'FILLED', 'clientOrderId': 'x-xcKtGhcu23e246b217b69ce913992f', 'price': '0', 'avgPrice': '2.4579', 'origQty': '47', 'executedQty': '47', 'cumQty': '47', 'cumQuote': '115.5213', 'timeInForce': 'GTC', 'type': 'MARKET', 'reduceOnly': False, 'closePosition': False, 'side': 'BUY', 'positionSide': 'BOTH', 'stopPrice': '0', 'workingType': 'CONTRACT_PRICE', 'priceProtect': False, 'origType': 'MARKET', 'updateTime': '1638403267112'}, 'id': '1209194425', 'clientOrderId': 'x-xcKtGhcu23e246b217b69ce913992f', 'timestamp': None, 'datetime': None, 'lastTradeTimestamp': None, 'symbol': 'SFP/USDT', 'type': 'market', 'timeInForce': 'GTC', 'postOnly': False, 'side': 'buy', 'price': 2.4579, 'stopPrice': None, 'amount': 47.0, 'cost': 115.5213, 'average': 2.4579, 'filled': 47.0, 'remaining': 0.0, 'status': 'closed', 'fee': None, 'trades': [], 'fees': []}
[Binance 2021-12-02 09:01:07.611384] End trading
[Binance 2021-12-03 09:00:03.898572] Start trading...
[Binance 2021-12-03 09:00:06.842782] Cancled all orders
[Binance 2021-12-03 09:01:08.365836] target coins: dict_keys(['LUNA/USDT-UP', 'MATIC/USDT-UP', 'EGLD/USDT-DOWN', 'SOL/USDT-UP', 'ADA/USDT-UP', 'SFP/USDT-UP'])
[Binance 2021-12-03 09:01:09.078816] target_amount: 113.33218856250001
{'symbol': 'LUNAUSDT', 'leverage': '1', 'maxNotionalValue': '50000000'}
[Binance 2021-12-03 09:01:10.188897] {'info': {'orderId': '3595169979', 'symbol': 'LUNAUSDT', 'status': 'FILLED', 'clientOrderId': 'x-xcKtGhcu848ed590ef8efed216c2ea', 'price': '0', 'avgPrice': '66.2570', 'origQty': '1', 'executedQty': '1', 'cumQty': '1', 'cumQuote': '66.2570', 'timeInForce': 'GTC', 'type': 'MARKET', 'reduceOnly': False, 'closePosition': False, 'side': 'BUY', 'positionSide': 'BOTH', 'stopPrice': '0', 'workingType': 'CONTRACT_PRICE', 'priceProtect': False, 'origType': 'MARKET', 'updateTime': '1638489670215'}, 'id': '3595169979', 'clientOrderId': 'x-xcKtGhcu848ed590ef8efed216c2ea', 'timestamp': None, 'datetime': None, 'lastTradeTimestamp': None, 'symbol': 'LUNA/USDT', 'type': 'market', 'timeInForce': 'GTC', 'postOnly': False, 'side': 'buy', 'price': 66.257, 'stopPrice': None, 'amount': 1.0, 'cost': 66.257, 'average': 66.257, 'filled': 1.0, 'remaining': 0.0, 'status': 'closed', 'fee': None, 'trades': [], 'fees': []}
{'symbol': 'MATICUSDT', 'leverage': '1', 'maxNotionalValue': '30000000'}
[Binance 2021-12-03 09:01:10.978224] {'info': {'orderId': '14698733772', 'symbol': 'MATICUSDT', 'status': 'FILLED', 'clientOrderId': 'x-xcKtGhcud70f6780f84fc27e58def7', 'price': '0', 'avgPrice': '2.12600', 'origQty': '53', 'executedQty': '53', 'cumQty': '53', 'cumQuote': '112.67800', 'timeInForce': 'GTC', 'type': 'MARKET', 'reduceOnly': False, 'closePosition': False, 'side': 'BUY', 'positionSide': 'BOTH', 'stopPrice': '0', 'workingType': 'CONTRACT_PRICE', 'priceProtect': False, 'origType': 'MARKET', 'updateTime': '1638489671002'}, 'id': '14698733772', 'clientOrderId': 'x-xcKtGhcud70f6780f84fc27e58def7', 'timestamp': None, 'datetime': None, 'lastTradeTimestamp': None, 'symbol': 'MATIC/USDT', 'type': 'market', 'timeInForce': 'GTC', 'postOnly': False, 'side': 'buy', 'price': 2.126, 'stopPrice': None, 'amount': 53.0, 'cost': 112.678, 'average': 2.126, 'filled': 53.0, 'remaining': 0.0, 'status': 'closed', 'fee': None, 'trades': [], 'fees': []}
[Binance 2021-12-04 09:00:02.706691] Start trading...
[Binance 2021-12-04 09:00:06.263761] Cancled all orders
[Binance 2021-12-04 09:01:05.319483] target coins: dict_keys(['MATIC/USDT-UP', 'ATOM/USDT-UP', 'MANA/USDT-DOWN', 'BZRX/USDT-UP', 'BEL/USDT-UP', 'LUNA/USDT-UP'])
[Binance 2021-12-04 09:01:05.897951] target_amount: 114.042858825
{'symbol': 'LUNAUSDT', 'leverage': '1', 'maxNotionalValue': '50000000'}
[Binance 2021-12-04 09:01:06.707531] {'info': {'orderId': '3625066075', 'symbol': 'LUNAUSDT', 'status': 'FILLED', 'clientOrderId': 'x-xcKtGhcub389ed79094cbf7278b434', 'price': '0', 'avgPrice': '63.5310', 'origQty': '1', 'executedQty': '1', 'cumQty': '1', 'cumQuote': '63.5310', 'timeInForce': 'GTC', 'type': 'MARKET', 'reduceOnly': False, 'closePosition': False, 'side': 'BUY', 'positionSide': 'BOTH', 'stopPrice': '0', 'workingType': 'CONTRACT_PRICE', 'priceProtect': False, 'origType': 'MARKET', 'updateTime': '1638576066679'}, 'id': '3625066075', 'clientOrderId': 'x-xcKtGhcub389ed79094cbf7278b434', 'timestamp': None, 'datetime': None, 'lastTradeTimestamp': None, 'symbol': 'LUNA/USDT', 'type': 'market', 'timeInForce': 'GTC', 'postOnly': False, 'side': 'buy', 'price': 63.531, 'stopPrice': None, 'amount': 1.0, 'cost': 63.531, 'average': 63.531, 'filled': 1.0, 'remaining': 0.0, 'status': 'closed', 'fee': None, 'trades': [], 'fees': []}
[Binance 2021-12-04 09:01:07.174044] End trading
[Binance 2021-12-05 09:00:02.292340] Start trading...
[Binance 2021-12-05 09:00:04.736822] Cancled all orders
[Binance 2021-12-05 09:01:05.580206] target coins: dict_keys(['LUNA/USDT-UP', 'FIL/USDT-DOWN', 'ALICE/USDT-DOWN', 'EOS/USDT-DOWN', 'LTC/USDT-DOWN', 'DOT/USDT-DOWN'])
[Binance 2021-12-05 09:01:06.277752] target_amount: 115.763998188
{'symbol': 'LUNAUSDT', 'leverage': '2', 'maxNotionalValue': '15000000'}
[Binance 2021-12-05 09:01:07.116747] {'info': {'orderId': '3673831122', 'symbol': 'LUNAUSDT', 'status': 'FILLED', 'clientOrderId': 'x-xcKtGhcu5d972508a51a7ce68e8b8a', 'price': '0', 'avgPrice': '74.9690', 'origQty': '3', 'executedQty': '3', 'cumQty': '3', 'cumQuote': '224.9070', 'timeInForce': 'GTC', 'type': 'MARKET', 'reduceOnly': False, 'closePosition': False, 'side': 'BUY', 'positionSide': 'BOTH', 'stopPrice': '0', 'workingType': 'CONTRACT_PRICE', 'priceProtect': False, 'origType': 'MARKET', 'updateTime': '1638662467097'}, 'id': '3673831122', 'clientOrderId': 'x-xcKtGhcu5d972508a51a7ce68e8b8a', 'timestamp': None, 'datetime': None, 'lastTradeTimestamp': None, 'symbol': 'LUNA/USDT', 'type': 'market', 'timeInForce': 'GTC', 'postOnly': False, 'side': 'buy', 'price': 74.969, 'stopPrice': None, 'amount': 3.0, 'cost': 224.907, 'average': 74.969, 'filled': 3.0, 'remaining': 0.0, 'status': 'closed', 'fee': None, 'trades': [], 'fees': []}
[Binance 2021-12-06 09:00:02.262758] Start trading...
[Binance 2021-12-06 09:00:04.235030] Cancled all orders
[Binance 2021-12-06 09:01:03.631672] target coins: dict_keys(['ALICE/USDT-DOWN', 'FTM/USDT-DOWN', 'AVAX/USDT-DOWN', 'LTC/USDT-DOWN', 'LINK/USDT-DOWN', 'EOS/USDT-DOWN'])
[Binance 2021-12-06 09:01:04.192534] target_amount: 112.6412542545
[Binance 2021-12-07 09:00:02.802133] Start trading...
[Binance 2021-12-07 09:00:04.637008] Cancled all orders
[Binance 2021-12-07 09:01:05.796016] target coins: dict_keys(['BTT/USDT-UP', 'MATIC/USDT-UP', 'FTM/USDT-DOWN', 'DOT/USDT-DOWN', 'ATOM/USDT-DOWN', 'LTC/USDT-DOWN'])
[Binance 2021-12-07 09:01:06.381563] target_amount: 112.6412542545
{'symbol': 'MATICUSDT', 'leverage': '1', 'maxNotionalValue': '30000000'}
[Binance 2021-12-07 09:01:07.215737] {'info': {'orderId': '14867214031', 'symbol': 'MATICUSDT', 'status': 'FILLED', 'clientOrderId': 'x-xcKtGhcu6e0623aee7b79266930e1d', 'price': '0', 'avgPrice': '2.29302', 'origQty': '49', 'executedQty': '49', 'cumQty': '49', 'cumQuote': '112.35820', 'timeInForce': 'GTC', 'type': 'MARKET', 'reduceOnly': False, 'closePosition': False, 'side': 'BUY', 'positionSide': 'BOTH', 'stopPrice': '0', 'workingType': 'CONTRACT_PRICE', 'priceProtect': False, 'origType': 'MARKET', 'updateTime': '1638835267293'}, 'id': '14867214031', 'clientOrderId': 'x-xcKtGhcu6e0623aee7b79266930e1d', 'timestamp': None, 'datetime': None, 'lastTradeTimestamp': None, 'symbol': 'MATIC/USDT', 'type': 'market', 'timeInForce': 'GTC', 'postOnly': False, 'side': 'buy', 'price': 2.29302, 'stopPrice': None, 'amount': 49.0, 'cost': 112.3582, 'average': 2.29302, 'filled': 49.0, 'remaining': 0.0, 'status': 'closed', 'fee': None, 'trades': [], 'fees': []}
[Binance 2021-12-08 09:00:02.446334] Start trading...
[Binance 2021-12-08 09:00:05.676508] Cancled all orders
[Binance 2021-12-09 09:00:02.267022] Start trading...
[Binance 2021-12-09 09:00:05.269240] Cancled all orders
[Binance 2021-12-09 09:01:06.100697] target coins: dict_keys(['NEAR/USDT-UP', 'LUNA/USDT-UP', 'BTT/USDT-UP', 'XTZ/USDT-UP', 'MATIC/USDT-UP', 'EOS/USDT-UP'])
[Binance 2021-12-09 09:01:06.752900] target_amount: 116.50429519949999
{'symbol': 'LUNAUSDT', 'leverage': '1', 'maxNotionalValue': '50000000'}
[Binance 2021-12-09 09:01:07.759737] {'info': {'orderId': '3853185252', 'symbol': 'LUNAUSDT', 'status': 'FILLED', 'clientOrderId': 'x-xcKtGhcu1533485647299d4658c6d0', 'price': '0', 'avgPrice': '74.9020', 'origQty': '1', 'executedQty': '1', 'cumQty': '1', 'cumQuote': '74.9020', 'timeInForce': 'GTC', 'type': 'MARKET', 'reduceOnly': False, 'closePosition': False, 'side': 'BUY', 'positionSide': 'BOTH', 'stopPrice': '0', 'workingType': 'CONTRACT_PRICE', 'priceProtect': False, 'origType': 'MARKET', 'updateTime': '1639008067740'}, 'id': '3853185252', 'clientOrderId': 'x-xcKtGhcu1533485647299d4658c6d0', 'timestamp': None, 'datetime': None, 'lastTradeTimestamp': None, 'symbol': 'LUNA/USDT', 'type': 'market', 'timeInForce': 'GTC', 'postOnly': False, 'side': 'buy', 'price': 74.902, 'stopPrice': None, 'amount': 1.0, 'cost': 74.902, 'average': 74.902, 'filled': 1.0, 'remaining': 0.0, 'status': 'closed', 'fee': None, 'trades': [], 'fees': []}
{'symbol': 'MATICUSDT', 'leverage': '1', 'maxNotionalValue': '30000000'}
[Binance 2021-12-09 09:01:08.641874] {'info': {'orderId': '14971608554', 'symbol': 'MATICUSDT', 'status': 'FILLED', 'clientOrderId': 'x-xcKtGhcu438eae73ed2f1cd7c45193', 'price': '0', 'avgPrice': '2.41490', 'origQty': '48', 'executedQty': '48', 'cumQty': '48', 'cumQuote': '115.91520', 'timeInForce': 'GTC', 'type': 'MARKET', 'reduceOnly': False, 'closePosition': False, 'side': 'BUY', 'positionSide': 'BOTH', 'stopPrice': '0', 'workingType': 'CONTRACT_PRICE', 'priceProtect': False, 'origType': 'MARKET', 'updateTime': '1639008068623'}, 'id': '14971608554', 'clientOrderId': 'x-xcKtGhcu438eae73ed2f1cd7c45193', 'timestamp': None, 'datetime': None, 'lastTradeTimestamp': None, 'symbol': 'MATIC/USDT', 'type': 'market', 'timeInForce': 'GTC', 'postOnly': False, 'side': 'buy', 'price': 2.4149, 'stopPrice': None, 'amount': 48.0, 'cost': 115.9152, 'average': 2.4149, 'filled': 48.0, 'remaining': 0.0, 'status': 'closed', 'fee': None, 'trades': [], 'fees': []}
[Binance 2021-12-09 09:01:09.212208] End trading
[Binance 2021-12-10 09:00:02.277821] Start trading...
[Binance 2021-12-10 09:00:05.699428] Cancled all orders
[Binance 2021-12-10 09:01:05.721651] target coins: dict_keys(['NEAR/USDT-UP', 'ALICE/USDT-DOWN', 'DOT/USDT-DOWN', 'MANA/USDT-DOWN', 'AVAX/USDT-DOWN', 'ADA/USDT-DOWN'])
[Binance 2021-12-10 09:01:06.565799] target_amount: 112.8195282855
{'symbol': 'ALICEUSDT', 'leverage': '2', 'maxNotionalValue': '2000000'}
[Binance 2021-12-10 09:01:07.691530] {'info': {'orderId': '2672860047', 'symbol': 'ALICEUSDT', 'status': 'FILLED', 'clientOrderId': 'x-xcKtGhcue6d499a43f2295a7d3e305', 'price': '0', 'avgPrice': '12.8907', 'origQty': '17.5', 'executedQty': '17.5', 'cumQty': '17.5', 'cumQuote': '225.5866', 'timeInForce': 'GTC', 'type': 'MARKET', 'reduceOnly': False, 'closePosition': False, 'side': 'BUY', 'positionSide': 'BOTH', 'stopPrice': '0', 'workingType': 'CONTRACT_PRICE', 'priceProtect': False, 'origType': 'MARKET', 'updateTime': '1639094467796'}, 'id': '2672860047', 'clientOrderId': 'x-xcKtGhcue6d499a43f2295a7d3e305', 'timestamp': None, 'datetime': None, 'lastTradeTimestamp': None, 'symbol': 'ALICE/USDT', 'type': 'market', 'timeInForce': 'GTC', 'postOnly': False, 'side': 'buy', 'price': 12.8907, 'stopPrice': None, 'amount': 17.5, 'cost': 225.5866, 'average': 12.8907, 'filled': 17.5, 'remaining': 0.0, 'status': 'closed', 'fee': None, 'trades': [], 'fees': []}
{'symbol': 'DOTUSDT', 'leverage': '2', 'maxNotionalValue': '50000000'}
[Binance 2021-12-10 09:01:08.751170] {'info': {'orderId': '10525962788', 'symbol': 'DOTUSDT', 'status': 'FILLED', 'clientOrderId': 'x-xcKtGhcubdbd52249e88f9678bd9a4', 'price': '0', 'avgPrice': '26.9560', 'origQty': '8.3', 'executedQty': '8.3', 'cumQty': '8.3', 'cumQuote': '223.7348', 'timeInForce': 'GTC', 'type': 'MARKET', 'reduceOnly': False, 'closePosition': False, 'side': 'BUY', 'positionSide': 'BOTH', 'stopPrice': '0', 'workingType': 'CONTRACT_PRICE', 'priceProtect': False, 'origType': 'MARKET', 'updateTime': '1639094468855'}, 'id': '10525962788', 'clientOrderId': 'x-xcKtGhcubdbd52249e88f9678bd9a4', 'timestamp': None, 'datetime': None, 'lastTradeTimestamp': None, 'symbol': 'DOT/USDT', 'type': 'market', 'timeInForce': 'GTC', 'postOnly': False, 'side': 'buy', 'price': 26.956, 'stopPrice': None, 'amount': 8.3, 'cost': 223.7348, 'average': 26.956, 'filled': 8.3, 'remaining': 0.0, 'status': 'closed', 'fee': None, 'trades': [], 'fees': []}
{'symbol': 'MANAUSDT', 'leverage': '2', 'maxNotionalValue': '2000000'}
[Binance 2021-12-10 09:01:09.658169] {'info': {'orderId': '2842120266', 'symbol': 'MANAUSDT', 'status': 'FILLED', 'clientOrderId': 'x-xcKtGhcu304e8abbb958ce8bf394a0', 'price': '0', 'avgPrice': '3.4722', 'origQty': '65', 'executedQty': '65', 'cumQty': '65', 'cumQuote': '225.6930', 'timeInForce': 'GTC', 'type': 'MARKET', 'reduceOnly': False, 'closePosition': False, 'side': 'BUY', 'positionSide': 'BOTH', 'stopPrice': '0', 'workingType': 'CONTRACT_PRICE', 'priceProtect': False, 'origType': 'MARKET', 'updateTime': '1639094469762'}, 'id': '2842120266', 'clientOrderId': 'x-xcKtGhcu304e8abbb958ce8bf394a0', 'timestamp': None, 'datetime': None, 'lastTradeTimestamp': None, 'symbol': 'MANA/USDT', 'type': 'market', 'timeInForce': 'GTC', 'postOnly': False, 'side': 'buy', 'price': 3.4722, 'stopPrice': None, 'amount': 65.0, 'cost': 225.693, 'average': 3.4722, 'filled': 65.0, 'remaining': 0.0, 'status': 'closed', 'fee': None, 'trades': [], 'fees': []}
{'symbol': 'AVAXUSDT', 'leverage': '2', 'maxNotionalValue': '1000000'}
[Binance 2021-12-10 09:01:10.541731] {'info': {'orderId': '5651330045', 'symbol': 'AVAXUSDT', 'status': 'FILLED', 'clientOrderId': 'x-xcKtGhcubb177547f6f698cb210de', 'price': '0', 'avgPrice': '85.9240', 'origQty': '2', 'executedQty': '2', 'cumQty': '2', 'cumQuote': '171.8480', 'timeInForce': 'GTC', 'type': 'MARKET', 'reduceOnly': False, 'closePosition': False, 'side': 'BUY', 'positionSide': 'BOTH', 'stopPrice': '0', 'workingType': 'CONTRACT_PRICE', 'priceProtect': False, 'origType': 'MARKET', 'updateTime': '1639094470646'}, 'id': '5651330045', 'clientOrderId': 'x-xcKtGhcubb177547f6f698cb210de', 'timestamp': None, 'datetime': None, 'lastTradeTimestamp': None, 'symbol': 'AVAX/USDT', 'type': 'market', 'timeInForce': 'GTC', 'postOnly': False, 'side': 'buy', 'price': 85.924, 'stopPrice': None, 'amount': 2.0, 'cost': 171.848, 'average': 85.924, 'filled': 2.0, 'remaining': 0.0, 'status': 'closed', 'fee': None, 'trades': [], 'fees': []}
[Binance 2021-12-10 09:01:11.029913] End trading
[Binance 2021-12-11 09:00:02.048927] Start trading...
[Binance 2021-12-11 09:00:05.112445] Cancled all orders
[Binance 2021-12-11 09:01:05.334535] target coins: dict_keys(['SFP/USDT-UP', 'SOL/USDT-DOWN', 'MANA/USDT-DOWN', 'ADA/USDT-DOWN', 'NEAR/USDT-UP', 'AVAX/USDT-DOWN'])
[Binance 2021-12-11 09:01:05.918526] target_amount: 176.8269449025
{'symbol': 'MANAUSDT', 'leverage': '2', 'maxNotionalValue': '2000000'}
[Binance 2021-12-11 09:01:06.737290] {'info': {'orderId': '2876619154', 'symbol': 'MANAUSDT', 'status': 'FILLED', 'clientOrderId': 'x-xcKtGhcu7c1546e88c9d8c93cc01ea', 'price': '0', 'avgPrice': '3.2373', 'origQty': '109', 'executedQty': '109', 'cumQty': '109', 'cumQuote': '352.8657', 'timeInForce': 'GTC', 'type': 'MARKET', 'reduceOnly': False, 'closePosition': False, 'side': 'BUY', 'positionSide': 'BOTH', 'stopPrice': '0', 'workingType': 'CONTRACT_PRICE', 'priceProtect': False, 'origType': 'MARKET', 'updateTime': '1639180868714'}, 'id': '2876619154', 'clientOrderId': 'x-xcKtGhcu7c1546e88c9d8c93cc01ea', 'timestamp': None, 'datetime': None, 'lastTradeTimestamp': None, 'symbol': 'MANA/USDT', 'type': 'market', 'timeInForce': 'GTC', 'postOnly': False, 'side': 'buy', 'price': 3.2373, 'stopPrice': None, 'amount': 109.0, 'cost': 352.8657, 'average': 3.2373, 'filled': 109.0, 'remaining': 0.0, 'status': 'closed', 'fee': None, 'trades': [], 'fees': []}
{'symbol': 'AVAXUSDT', 'leverage': '2', 'maxNotionalValue': '1000000'}
[Binance 2021-12-11 09:01:07.661017] {'info': {'orderId': '5682433219', 'symbol': 'AVAXUSDT', 'status': 'FILLED', 'clientOrderId': 'x-xcKtGhcucf9075ed91b336ee2b3973', 'price': '0', 'avgPrice': '80.6240', 'origQty': '4', 'executedQty': '4', 'cumQty': '4', 'cumQuote': '322.4960', 'timeInForce': 'GTC', 'type': 'MARKET', 'reduceOnly': False, 'closePosition': False, 'side': 'BUY', 'positionSide': 'BOTH', 'stopPrice': '0', 'workingType': 'CONTRACT_PRICE', 'priceProtect': False, 'origType': 'MARKET', 'updateTime': '1639180869637'}, 'id': '5682433219', 'clientOrderId': 'x-xcKtGhcucf9075ed91b336ee2b3973', 'timestamp': None, 'datetime': None, 'lastTradeTimestamp': None, 'symbol': 'AVAX/USDT', 'type': 'market', 'timeInForce': 'GTC', 'postOnly': False, 'side': 'buy', 'price': 80.624, 'stopPrice': None, 'amount': 4.0, 'cost': 322.496, 'average': 80.624, 'filled': 4.0, 'remaining': 0.0, 'status': 'closed', 'fee': None, 'trades': [], 'fees': []}
[Binance 2021-12-11 09:01:08.137449] End trading
