[Binance 2021-11-21 09:02:01.835777] Start trading...
[Binance 2021-11-21 09:03:09.207694] buying_list ['COCOSUSDT', 'MITHUSDT', 'KEYUSDT', 'TLMUSDT', 'AVAXUSDT']
[Binance 2021-11-21 09:03:10.195572] {'symbol': 'MANAUSDT', 'orderId': 611640572, 'orderListId': -1, 'clientOrderId': 'NdriDB9um2wBxqJah43DDa', 'transactTime': 1637452990184, 'price': '0.00000000', 'origQty': '47.00000000', 'executedQty': '47.00000000', 'cummulativeQuoteQty': '189.47330000', 'status': 'FILLED', 'timeInForce': 'GTC', 'type': 'MARKET', 'side': 'SELL', 'fills': [{'price': '4.03160000', 'qty': '25.00000000', 'commission': '0.10079000', 'commissionAsset': 'USDT', 'tradeId': 88589368}, {'price': '4.03160000', 'qty': '5.00000000', 'commission': '0.02015800', 'commissionAsset': 'USDT', 'tradeId': 88589369}, {'price': '4.03090000', 'qty': '17.00000000', 'commission': '0.06852530', 'commissionAsset': 'USDT', 'tradeId': 88589370}]}
[Binance 2021-11-21 09:03:11.107675] {'symbol': 'SANDUSDT', 'orderId': 695627096, 'orderListId': -1, 'clientOrderId': '2AsVCnYdn41YtQ5GSuufLP', 'transactTime': 1637452991095, 'price': '0.00000000', 'origQty': '45.00000000', 'executedQty': '45.00000000', 'cummulativeQuoteQty': '192.26190000', 'status': 'FILLED', 'timeInForce': 'GTC', 'type': 'MARKET', 'side': 'SELL', 'fills': [{'price': '4.27270000', 'qty': '5.00000000', 'commission': '0.02136350', 'commissionAsset': 'USDT', 'tradeId': 64670986}, {'price': '4.27270000', 'qty': '5.00000000', 'commission': '0.02136350', 'commissionAsset': 'USDT', 'tradeId': 64670987}, {'price': '4.27270000', 'qty': '5.00000000', 'commission': '0.02136350', 'commissionAsset': 'USDT', 'tradeId': 64670988}, {'price': '4.27270000', 'qty': '5.00000000', 'commission': '0.02136350', 'commissionAsset': 'USDT', 'tradeId': 64670989}, {'price': '4.27240000', 'qty': '4.00000000', 'commission': '0.01708960', 'commissionAsset': 'USDT', 'tradeId': 64670990}, {'price': '4.27230000', 'qty': '21.00000000', 'commission': '0.08971830', 'commissionAsset': 'USDT', 'tradeId': 64670991}]}
[Binance 2021-11-21 09:03:11.962341] target amount: 212.27840970069556
[Binance 2021-11-21 09:03:12.717447] {'symbol': 'COCOSUSDT', 'orderId': 105654413, 'orderListId': -1, 'clientOrderId': 'LefGeFrqnXOlflikMhxNvu', 'transactTime': 1637452992706, 'price': '0.00000000', 'origQty': '25.00000000', 'executedQty': '25.00000000', 'cummulativeQuoteQty': '114.52190000', 'status': 'FILLED', 'timeInForce': 'GTC', 'type': 'MARKET', 'side': 'SELL', 'fills': [{'price': '4.58180000', 'qty': '4.00000000', 'commission': '0.01832720', 'commissionAsset': 'USDT', 'tradeId': 17804252}, {'price': '4.58070000', 'qty': '21.00000000', 'commission': '0.09619470', 'commissionAsset': 'USDT', 'tradeId': 17804253}]}
[Binance 2021-11-21 09:03:13.242067] name 'client' is not defined
[Binance 2021-11-21 09:03:14.079056] name 'client' is not defined
[Binance 2021-11-21 09:03:14.896499] name 'client' is not defined
[Binance 2021-11-21 09:03:15.752455] name 'client' is not defined
[Binance 2021-11-21 09:03:16.530867] name 'client' is not defined
[Binance 2021-11-22 09:01:01.857335] Start trading...
[Binance 2021-11-22 09:02:09.165522] buying_list ['COCOSUSDT', 'ROSEUSDT', 'EGLDUSDT']
[Binance 2021-11-22 09:02:10.269357] APIError(code=-1013): Filter failure: MIN_NOTIONAL
[Binance 2021-11-22 09:02:11.255697] APIError(code=-1013): Filter failure: MIN_NOTIONAL
[Binance 2021-11-22 09:02:12.301648] APIError(code=-1013): Filter failure: MIN_NOTIONAL
[Binance 2021-11-22 09:02:13.249416] APIError(code=-1013): Filter failure: MIN_NOTIONAL
[Binance 2021-11-22 09:02:14.220223] APIError(code=-1013): Filter failure: MIN_NOTIONAL
[Binance 2021-11-23 09:01:06.959054] Start trading...
[Binance 2021-11-23 09:02:15.754029] buying_list ['EGLDUSDT', 'SANDUSDT', 'ROSEUSDT', 'AVAXUSDT']
[Binance 2021-11-24 09:02:02.512748] Start trading...
[Binance 2021-11-24 09:03:10.376859] buying_list ['ALICEUSDT', 'ROSEUSDT', 'SANDUSDT']
[Binance 2021-11-24 09:03:11.698657] {'symbol': 'EGLDUSDT', 'orderId': 472404755, 'orderListId': -1, 'clientOrderId': 'ULdUXy7Pz6kMWf1vmrSYW5', 'transactTime': 1637712191814, 'price': '0.00000000', 'origQty': '0.37000000', 'executedQty': '0.37000000', 'cummulativeQuoteQty': '173.11190000', 'status': 'FILLED', 'timeInForce': 'GTC', 'type': 'MARKET', 'side': 'SELL', 'fills': [{'price': '467.87000000', 'qty': '0.37000000', 'commission': '0.00021901', 'commissionAsset': 'BNB', 'tradeId': 45189318}]}
[Binance 2021-11-24 09:03:12.638925] {'symbol': 'AVAXUSDT', 'orderId': 909680098, 'orderListId': -1, 'clientOrderId': 'l8rlT8DJNITL9gxQeDQYaV', 'transactTime': 1637712192754, 'price': '0.00000000', 'origQty': '1.31000000', 'executedQty': '1.31000000', 'cummulativeQuoteQty': '161.61130000', 'status': 'FILLED', 'timeInForce': 'GTC', 'type': 'MARKET', 'side': 'SELL', 'fills': [{'price': '123.37000000', 'qty': '0.97000000', 'commission': '0.00015139', 'commissionAsset': 'BNB', 'tradeId': 104994626}, {'price': '123.36000000', 'qty': '0.34000000', 'commission': '0.00005306', 'commissionAsset': 'BNB', 'tradeId': 104994627}]}
stage1
[Binance 2021-11-24 09:03:13.914444] target amount: 179.08520800363965
[Binance 2021-11-24 09:03:14.782682] None
[Binance 2021-11-24 09:03:15.694681] {'symbol': 'ROSEUSDT', 'orderId': 192213528, 'orderListId': -1, 'clientOrderId': 'kiA6z73lxW0NIUgOItn6l6', 'transactTime': 1637712195812, 'price': '0.00000000', 'origQty': '57.80000000', 'executedQty': '57.80000000', 'cummulativeQuoteQty': '24.33437800', 'status': 'FILLED', 'timeInForce': 'GTC', 'type': 'MARKET', 'side': 'SELL', 'fills': [{'price': '0.42101000', 'qty': '57.80000000', 'commission': '0.00003078', 'commissionAsset': 'BNB', 'tradeId': 24544931}]}
stage2
[Binance 2021-11-24 09:03:16.579200] {'symbol': 'ALICEUSDT', 'orderId': 479966765, 'orderListId': -1, 'clientOrderId': 'Sg1KvmXU7n20Dt04Cq4HVQ', 'transactTime': 1637712196694, 'price': '0.00000000', 'origQty': '7.20000000', 'executedQty': '7.20000000', 'cummulativeQuoteQty': '178.92000000', 'status': 'FILLED', 'timeInForce': 'GTC', 'type': 'MARKET', 'side': 'BUY', 'fills': [{'price': '24.85000000', 'qty': '7.20000000', 'commission': '0.00022727', 'commissionAsset': 'BNB', 'tradeId': 54384056}]}
[Binance 2021-11-24 09:03:18.034924] End trading
[Binance 2021-11-25 09:02:02.039041] Start trading...
[Binance 2021-11-25 09:03:13.206911] buying_list ['COCOSUSDT', 'SANDUSDT', 'ALICEUSDT', 'CRVUSDT', 'TLMUSDT']
[Binance 2021-11-25 09:03:14.365243] {'symbol': 'ROSEUSDT', 'orderId': 194592088, 'orderListId': -1, 'clientOrderId': 'CZugnOBbc5ABwFyqIic78j', 'transactTime': 1637798594346, 'price': '0.00000000', 'origQty': '425.20000000', 'executedQty': '425.20000000', 'cummulativeQuoteQty': '166.62312400', 'status': 'FILLED', 'timeInForce': 'GTC', 'type': 'MARKET', 'side': 'SELL', 'fills': [{'price': '0.39187000', 'qty': '425.20000000', 'commission': '0.00021123', 'commissionAsset': 'BNB', 'tradeId': 24945522}]}
stage1
[Binance 2021-11-25 09:03:15.444597] target amount: 191.83733034514788
[Binance 2021-11-25 09:03:16.298749] {'symbol': 'SANDUSDT', 'orderId': 745652888, 'orderListId': -1, 'clientOrderId': 'B9NTPxQMtitD0SEMYAElvT', 'transactTime': 1637798596278, 'price': '0.00000000', 'origQty': '8.00000000', 'executedQty': '8.00000000', 'cummulativeQuoteQty': '58.59280000', 'status': 'FILLED', 'timeInForce': 'GTC', 'type': 'MARKET', 'side': 'SELL', 'fills': [{'price': '7.32410000', 'qty': '8.00000000', 'commission': '0.00007428', 'commissionAsset': 'BNB', 'tradeId': 73454770}]}
stage2
[Binance 2021-11-25 09:03:17.057513] {'symbol': 'COCOSUSDT', 'orderId': 125141195, 'orderListId': -1, 'clientOrderId': 'WRDOtgruAQWRuQTSlEOybJ', 'transactTime': 1637798596967, 'price': '0.00000000', 'origQty': '37.00000000', 'executedQty': '37.00000000', 'cummulativeQuoteQty': '191.34550000', 'status': 'FILLED', 'timeInForce': 'GTC', 'type': 'MARKET', 'side': 'BUY', 'fills': [{'price': '5.17150000', 'qty': '37.00000000', 'commission': '0.00024458', 'commissionAsset': 'BNB', 'tradeId': 21704317}]}
[Binance 2021-11-25 09:03:17.745146] {'symbol': 'CRVUSDT', 'orderId': 465377258, 'orderListId': -1, 'clientOrderId': 'NiQBFXFeqjWZnQk0D7lVIE', 'transactTime': 1637798597725, 'price': '0.00000000', 'origQty': '33.00000000', 'executedQty': '33.00000000', 'cummulativeQuoteQty': '191.56500000', 'status': 'FILLED', 'timeInForce': 'GTC', 'type': 'MARKET', 'side': 'BUY', 'fills': [{'price': '5.80500000', 'qty': '33.00000000', 'commission': '0.00024401', 'commissionAsset': 'BNB', 'tradeId': 53282854}]}
[Binance 2021-11-25 09:03:18.444070] {'symbol': 'TLMUSDT', 'orderId': 266836349, 'orderListId': -1, 'clientOrderId': '1diRPE5T6D5PxzoKuDRE3L', 'transactTime': 1637798598424, 'price': '0.00000000', 'origQty': '428.00000000', 'executedQty': '428.00000000', 'cummulativeQuoteQty': '191.91520000', 'status': 'FILLED', 'timeInForce': 'GTC', 'type': 'MARKET', 'side': 'BUY', 'fills': [{'price': '0.44840000', 'qty': '428.00000000', 'commission': '0.00024330', 'commissionAsset': 'BNB', 'tradeId': 50872388}]}
[Binance 2021-11-25 09:03:18.909465] End trading
[Binance 2021-11-26 09:02:02.564218] Start trading...
[Binance 2021-11-26 09:03:13.559485] buying_list ['AIONUSDT', 'SANDUSDT', 'TLMUSDT', 'CRVUSDT', 'ALICEUSDT']
[Binance 2021-11-26 09:03:14.745297] {'symbol': 'COCOSUSDT', 'orderId': 128525041, 'orderListId': -1, 'clientOrderId': '4sHwZpRLMknzzwY2kzYmhl', 'transactTime': 1637884994842, 'price': '0.00000000', 'origQty': '37.00000000', 'executedQty': '37.00000000', 'cummulativeQuoteQty': '154.96060000', 'status': 'FILLED', 'timeInForce': 'GTC', 'type': 'MARKET', 'side': 'SELL', 'fills': [{'price': '4.18900000', 'qty': '1.00000000', 'commission': '0.00000491', 'commissionAsset': 'BNB', 'tradeId': 22351259}, {'price': '4.18810000', 'qty': '36.00000000', 'commission': '0.00017687', 'commissionAsset': 'BNB', 'tradeId': 22351260}]}
stage1
[Binance 2021-11-26 09:03:16.458345] target amount: 183.95327130370333
[Binance 2021-11-26 09:03:17.295101] {'symbol': 'ALICEUSDT', 'orderId': 489129115, 'orderListId': -1, 'clientOrderId': '8q9GFvP2k61qky0cbL7SWs', 'transactTime': 1637884997385, 'price': '0.00000000', 'origQty': '0.51000000', 'executedQty': '0.51000000', 'cummulativeQuoteQty': '12.17370000', 'status': 'FILLED', 'timeInForce': 'GTC', 'type': 'MARKET', 'side': 'BUY', 'fills': [{'price': '23.87000000', 'qty': '0.51000000', 'commission': '0.00001425', 'commissionAsset': 'BNB', 'tradeId': 55935162}]}
[Binance 2021-11-26 09:03:18.081633] {'symbol': 'CRVUSDT', 'orderId': 469610259, 'orderListId': -1, 'clientOrderId': 'L2Wwalc0JNZ9Xee8CFbBwa', 'transactTime': 1637884998178, 'price': '0.00000000', 'origQty': '1.80000000', 'executedQty': '1.80000000', 'cummulativeQuoteQty': '10.64340000', 'status': 'FILLED', 'timeInForce': 'GTC', 'type': 'MARKET', 'side': 'SELL', 'fills': [{'price': '5.91300000', 'qty': '1.80000000', 'commission': '0.00001247', 'commissionAsset': 'BNB', 'tradeId': 54251030}]}
[Binance 2021-11-26 09:03:18.749496] None
[Binance 2021-11-26 09:03:19.528222] {'symbol': 'TLMUSDT', 'orderId': 272089972, 'orderListId': -1, 'clientOrderId': 'XJlsdS9RecTbGcoGGpg4PB', 'transactTime': 1637884999623, 'price': '0.00000000', 'origQty': '42.00000000', 'executedQty': '42.00000000', 'cummulativeQuoteQty': '20.03820000', 'status': 'FILLED', 'timeInForce': 'GTC', 'type': 'MARKET', 'side': 'SELL', 'fills': [{'price': '0.47710000', 'qty': '42.00000000', 'commission': '0.00002348', 'commissionAsset': 'BNB', 'tradeId': 51924091}]}
stage2
[Binance 2021-11-26 09:03:20.193385] {'symbol': 'AIONUSDT', 'orderId': 132373714, 'orderListId': -1, 'clientOrderId': 'lzYJaOMxzBfBIugE4VuIVd', 'transactTime': 1637885000288, 'price': '0.00000000', 'origQty': '611.00000000', 'executedQty': '611.00000000', 'cummulativeQuoteQty': '183.91100000', 'status': 'FILLED', 'timeInForce': 'GTC', 'type': 'MARKET', 'side': 'BUY', 'fills': [{'price': '0.30100000', 'qty': '611.00000000', 'commission': '0.00021411', 'commissionAsset': 'BNB', 'tradeId': 15621126}]}
[Binance 2021-11-26 09:03:20.642238] End trading
