[Binance 2022-07-26 09:00:03.181292] Start trading...
[Binance 2022-07-26 09:00:06.173865] Cancelled all orders
[Binance 2022-07-26 09:01:18.280434] target amount: 57.707
[Binance 2022-07-26 09:01:18.811619] leverage for LINK/USDT: -1
{'symbol': 'LINKUSDT', 'leverage': '1', 'maxNotionalValue': '50000000'}
[Binance 2022-07-26 09:01:19.905691] {'info': {'orderId': '20345192310', 'symbol': 'LINKUSDT', 'status': 'FILLED', 'clientOrderId': 'x-xcKtGhcu47999e2843a3656c69f3d3', 'price': '0', 'avgPrice': '6.41263', 'origQty': '9', 'executedQty': '9', 'cumQty': '9', 'cumQuote': '57.71363', 'timeInForce': 'GTC', 'type': 'MARKET', 'reduceOnly': False, 'closePosition': False, 'side': 'SELL', 'positionSide': 'BOTH', 'stopPrice': '0', 'workingType': 'CONTRACT_PRICE', 'priceProtect': False, 'origType': 'MARKET', 'updateTime': '1658793679882'}, 'id': '20345192310', 'clientOrderId': 'x-xcKtGhcu47999e2843a3656c69f3d3', 'timestamp': None, 'datetime': None, 'lastTradeTimestamp': None, 'symbol': 'LINK/USDT', 'type': 'market', 'timeInForce': 'GTC', 'postOnly': False, 'side': 'sell', 'price': 6.41263, 'stopPrice': None, 'amount': 9.0, 'cost': 57.71363, 'average': 6.41263, 'filled': 9.0, 'remaining': 0.0, 'status': 'closed', 'fee': None, 'trades': [], 'fees': []}
[Binance 2022-07-26 09:01:20.438499] leverage for ETH/USDT: 1
{'symbol': 'ETHUSDT', 'leverage': '1', 'maxNotionalValue': '500000000'}
[Binance 2022-07-26 09:01:21.378772] {'info': {'orderId': '8389765531959592779', 'symbol': 'ETHUSDT', 'status': 'FILLED', 'clientOrderId': 'x-xcKtGhcu97a954d82de2fa1a36e9e9', 'price': '0', 'avgPrice': '1440.12000', 'origQty': '0.040', 'executedQty': '0.040', 'cumQty': '0.040', 'cumQuote': '57.60480', 'timeInForce': 'GTC', 'type': 'MARKET', 'reduceOnly': False, 'closePosition': False, 'side': 'BUY', 'positionSide': 'BOTH', 'stopPrice': '0', 'workingType': 'CONTRACT_PRICE', 'priceProtect': False, 'origType': 'MARKET', 'updateTime': '1658793681354'}, 'id': '8389765531959592779', 'clientOrderId': 'x-xcKtGhcu97a954d82de2fa1a36e9e9', 'timestamp': None, 'datetime': None, 'lastTradeTimestamp': None, 'symbol': 'ETH/USDT', 'type': 'market', 'timeInForce': 'GTC', 'postOnly': False, 'side': 'buy', 'price': 1440.12, 'stopPrice': None, 'amount': 0.04, 'cost': 57.6048, 'average': 1440.12, 'filled': 0.04, 'remaining': 0.0, 'status': 'closed', 'fee': None, 'trades': [], 'fees': []}
[Binance 2022-07-26 09:01:21.914855] leverage for DOT/USDT: -1
{'symbol': 'DOTUSDT', 'leverage': '1', 'maxNotionalValue': '100000000'}
[Binance 2022-07-26 09:01:22.833945] {'info': {'orderId': '14731269322', 'symbol': 'DOTUSDT', 'status': 'FILLED', 'clientOrderId': 'x-xcKtGhcu64526b3e38fff69a4f7e34', 'price': '0', 'avgPrice': '6.7470', 'origQty': '8.5', 'executedQty': '8.5', 'cumQty': '8.5', 'cumQuote': '57.3495', 'timeInForce': 'GTC', 'type': 'MARKET', 'reduceOnly': False, 'closePosition': False, 'side': 'SELL', 'positionSide': 'BOTH', 'stopPrice': '0', 'workingType': 'CONTRACT_PRICE', 'priceProtect': False, 'origType': 'MARKET', 'updateTime': '1658793682804'}, 'id': '14731269322', 'clientOrderId': 'x-xcKtGhcu64526b3e38fff69a4f7e34', 'timestamp': None, 'datetime': None, 'lastTradeTimestamp': None, 'symbol': 'DOT/USDT', 'type': 'market', 'timeInForce': 'GTC', 'postOnly': False, 'side': 'sell', 'price': 6.747, 'stopPrice': None, 'amount': 8.5, 'cost': 57.3495, 'average': 6.747, 'filled': 8.5, 'remaining': 0.0, 'status': 'closed', 'fee': None, 'trades': [], 'fees': []}
[Binance 2022-07-26 09:01:23.379329] leverage for CRV/USDT: 0
[Binance 2022-07-26 09:01:23.914724] leverage for AVAX/USDT: -1
{'symbol': 'AVAXUSDT', 'leverage': '1', 'maxNotionalValue': '20000000'}
[Binance 2022-07-26 09:01:24.855781] {'info': {'orderId': '10740757318', 'symbol': 'AVAXUSDT', 'status': 'FILLED', 'clientOrderId': 'x-xcKtGhcubb93776d79fddd69173e24', 'price': '0', 'avgPrice': '20.9000', 'origQty': '2', 'executedQty': '2', 'cumQty': '2', 'cumQuote': '41.8000', 'timeInForce': 'GTC', 'type': 'MARKET', 'reduceOnly': False, 'closePosition': False, 'side': 'SELL', 'positionSide': 'BOTH', 'stopPrice': '0', 'workingType': 'CONTRACT_PRICE', 'priceProtect': False, 'origType': 'MARKET', 'updateTime': '1658793684827'}, 'id': '10740757318', 'clientOrderId': 'x-xcKtGhcubb93776d79fddd69173e24', 'timestamp': None, 'datetime': None, 'lastTradeTimestamp': None, 'symbol': 'AVAX/USDT', 'type': 'market', 'timeInForce': 'GTC', 'postOnly': False, 'side': 'sell', 'price': 20.9, 'stopPrice': None, 'amount': 2.0, 'cost': 41.8, 'average': 20.9, 'filled': 2.0, 'remaining': 0.0, 'status': 'closed', 'fee': None, 'trades': [], 'fees': []}
[Binance 2022-07-26 09:01:25.405951] leverage for SAND/USDT: -1
{'symbol': 'SANDUSDT', 'leverage': '1', 'maxNotionalValue': '5000000'}
[Binance 2022-07-26 09:01:26.338473] {'info': {'orderId': '10417360690', 'symbol': 'SANDUSDT', 'status': 'FILLED', 'clientOrderId': 'x-xcKtGhcue743708c3fc2e48296c814', 'price': '0', 'avgPrice': '1.20050', 'origQty': '48', 'executedQty': '48', 'cumQty': '48', 'cumQuote': '57.62400', 'timeInForce': 'GTC', 'type': 'MARKET', 'reduceOnly': False, 'closePosition': False, 'side': 'SELL', 'positionSide': 'BOTH', 'stopPrice': '0', 'workingType': 'CONTRACT_PRICE', 'priceProtect': False, 'origType': 'MARKET', 'updateTime': '1658793686316'}, 'id': '10417360690', 'clientOrderId': 'x-xcKtGhcue743708c3fc2e48296c814', 'timestamp': None, 'datetime': None, 'lastTradeTimestamp': None, 'symbol': 'SAND/USDT', 'type': 'market', 'timeInForce': 'GTC', 'postOnly': False, 'side': 'sell', 'price': 1.2005, 'stopPrice': None, 'amount': 48.0, 'cost': 57.624, 'average': 1.2005, 'filled': 48.0, 'remaining': 0.0, 'status': 'closed', 'fee': None, 'trades': [], 'fees': []}
[Binance 2022-07-26 09:01:26.877981] leverage for SOL/USDT: -1
{'symbol': 'SOLUSDT', 'leverage': '1', 'maxNotionalValue': '20000000'}
[Binance 2022-07-26 09:01:27.742723] {'info': {'orderId': '15121216267', 'symbol': 'SOLUSDT', 'status': 'FILLED', 'clientOrderId': 'x-xcKtGhcu1b4c510ec226794b628b8e', 'price': '0', 'avgPrice': '36.6800', 'origQty': '1', 'executedQty': '1', 'cumQty': '1', 'cumQuote': '36.6800', 'timeInForce': 'GTC', 'type': 'MARKET', 'reduceOnly': False, 'closePosition': False, 'side': 'SELL', 'positionSide': 'BOTH', 'stopPrice': '0', 'workingType': 'CONTRACT_PRICE', 'priceProtect': False, 'origType': 'MARKET', 'updateTime': '1658793687719'}, 'id': '15121216267', 'clientOrderId': 'x-xcKtGhcu1b4c510ec226794b628b8e', 'timestamp': None, 'datetime': None, 'lastTradeTimestamp': None, 'symbol': 'SOL/USDT', 'type': 'market', 'timeInForce': 'GTC', 'postOnly': False, 'side': 'sell', 'price': 36.68, 'stopPrice': None, 'amount': 1.0, 'cost': 36.68, 'average': 36.68, 'filled': 1.0, 'remaining': 0.0, 'status': 'closed', 'fee': None, 'trades': [], 'fees': []}
[Binance 2022-07-26 09:01:28.380469] leverage for MATIC/USDT: 0
[Binance 2022-07-26 09:01:28.839558] End trading
