[Binance 2022-05-16 09:00:02.371177] Start trading...
[Binance 2022-05-16 09:00:05.334604] Cancelled all orders
[Binance 2022-05-16 09:01:16.151505] target amount: 146.316
[Binance 2022-05-16 09:01:16.220187] leverage for DOGE/USDT: -2
{'symbol': 'DOGEUSDT', 'leverage': '2', 'maxNotionalValue': '10000000'}
[Binance 2022-05-16 09:01:16.585875] {'info': {'orderId': '15400631961', 'symbol': 'DOGEUSDT', 'status': 'FILLED', 'clientOrderId': 'x-xcKtGhcu6135dabea9bf9e49f548cb', 'price': '0', 'avgPrice': '0.092601', 'origQty': '3159', 'executedQty': '3159', 'cumQty': '3159', 'cumQuote': '292.526220', 'timeInForce': 'GTC', 'type': 'MARKET', 'reduceOnly': False, 'closePosition': False, 'side': 'SELL', 'positionSide': 'BOTH', 'stopPrice': '0', 'workingType': 'CONTRACT_PRICE', 'priceProtect': False, 'origType': 'MARKET', 'updateTime': '1652659276570'}, 'id': '15400631961', 'clientOrderId': 'x-xcKtGhcu6135dabea9bf9e49f548cb', 'timestamp': None, 'datetime': None, 'lastTradeTimestamp': None, 'symbol': 'DOGE/USDT', 'type': 'market', 'timeInForce': 'GTC', 'postOnly': False, 'side': 'sell', 'price': 0.092601, 'stopPrice': None, 'amount': 3159.0, 'cost': 292.52622, 'average': 0.092601, 'filled': 3159.0, 'remaining': 0.0, 'status': 'closed', 'fee': None, 'trades': [], 'fees': []}
[Binance 2022-05-16 09:01:16.645197] leverage for SAND/USDT: -2
{'symbol': 'SANDUSDT', 'leverage': '2', 'maxNotionalValue': '2000000'}
[Binance 2022-05-16 09:01:16.995867] {'info': {'orderId': '8633780826', 'symbol': 'SANDUSDT', 'status': 'FILLED', 'clientOrderId': 'x-xcKtGhcu76f33d447ec3726b322373', 'price': '0', 'avgPrice': '1.43880', 'origQty': '203', 'executedQty': '203', 'cumQty': '203', 'cumQuote': '292.07640', 'timeInForce': 'GTC', 'type': 'MARKET', 'reduceOnly': False, 'closePosition': False, 'side': 'SELL', 'positionSide': 'BOTH', 'stopPrice': '0', 'workingType': 'CONTRACT_PRICE', 'priceProtect': False, 'origType': 'MARKET', 'updateTime': '1652659276980'}, 'id': '8633780826', 'clientOrderId': 'x-xcKtGhcu76f33d447ec3726b322373', 'timestamp': None, 'datetime': None, 'lastTradeTimestamp': None, 'symbol': 'SAND/USDT', 'type': 'market', 'timeInForce': 'GTC', 'postOnly': False, 'side': 'sell', 'price': 1.4388, 'stopPrice': None, 'amount': 203.0, 'cost': 292.0764, 'average': 1.4388, 'filled': 203.0, 'remaining': 0.0, 'status': 'closed', 'fee': None, 'trades': [], 'fees': []}
[Binance 2022-05-16 09:01:17.059648] leverage for ZIL/USDT: -2
{'symbol': 'ZILUSDT', 'leverage': '2', 'maxNotionalValue': '2000000'}
[Binance 2022-05-16 09:01:17.406083] {'info': {'orderId': '6605152773', 'symbol': 'ZILUSDT', 'status': 'FILLED', 'clientOrderId': 'x-xcKtGhcua079c34caa7d0d542c4d8f', 'price': '0', 'avgPrice': '0.05444', 'origQty': '5373', 'executedQty': '5373', 'cumQty': '5373', 'cumQuote': '292.50612', 'timeInForce': 'GTC', 'type': 'MARKET', 'reduceOnly': False, 'closePosition': False, 'side': 'SELL', 'positionSide': 'BOTH', 'stopPrice': '0', 'workingType': 'CONTRACT_PRICE', 'priceProtect': False, 'origType': 'MARKET', 'updateTime': '1652659277391'}, 'id': '6605152773', 'clientOrderId': 'x-xcKtGhcua079c34caa7d0d542c4d8f', 'timestamp': None, 'datetime': None, 'lastTradeTimestamp': None, 'symbol': 'ZIL/USDT', 'type': 'market', 'timeInForce': 'GTC', 'postOnly': False, 'side': 'sell', 'price': 0.05444, 'stopPrice': None, 'amount': 5373.0, 'cost': 292.50612, 'average': 0.05444, 'filled': 5373.0, 'remaining': 0.0, 'status': 'closed', 'fee': None, 'trades': [], 'fees': []}
[Binance 2022-05-16 09:01:17.465053] leverage for 1000SHIB/USDT: -2
{'symbol': '1000SHIBUSDT', 'leverage': '2', 'maxNotionalValue': '2000000'}
[Binance 2022-05-16 09:01:17.731177] 0
[Binance 2022-05-16 09:01:17.792612] leverage for AVAX/USDT: -2
{'symbol': 'AVAXUSDT', 'leverage': '2', 'maxNotionalValue': '10000000'}
[Binance 2022-05-16 09:01:18.193392] {'info': {'orderId': '9156916295', 'symbol': 'AVAXUSDT', 'status': 'FILLED', 'clientOrderId': 'x-xcKtGhcubae0ee4fc398dd9f1b2ff7', 'price': '0', 'avgPrice': '36.2000', 'origQty': '8', 'executedQty': '8', 'cumQty': '8', 'cumQuote': '289.6000', 'timeInForce': 'GTC', 'type': 'MARKET', 'reduceOnly': False, 'closePosition': False, 'side': 'SELL', 'positionSide': 'BOTH', 'stopPrice': '0', 'workingType': 'CONTRACT_PRICE', 'priceProtect': False, 'origType': 'MARKET', 'updateTime': '1652659278178'}, 'id': '9156916295', 'clientOrderId': 'x-xcKtGhcubae0ee4fc398dd9f1b2ff7', 'timestamp': None, 'datetime': None, 'lastTradeTimestamp': None, 'symbol': 'AVAX/USDT', 'type': 'market', 'timeInForce': 'GTC', 'postOnly': False, 'side': 'sell', 'price': 36.2, 'stopPrice': None, 'amount': 8.0, 'cost': 289.6, 'average': 36.2, 'filled': 8.0, 'remaining': 0.0, 'status': 'closed', 'fee': None, 'trades': [], 'fees': []}
[Binance 2022-05-16 09:01:18.252589] leverage for GRT/USDT: -2
{'symbol': 'GRTUSDT', 'leverage': '2', 'maxNotionalValue': '1000000'}
[Binance 2022-05-16 09:01:18.621925] {'info': {'orderId': '5635138434', 'symbol': 'GRTUSDT', 'status': 'FILLED', 'clientOrderId': 'x-xcKtGhcu6a37d4df4e21db1281e74', 'price': '0', 'avgPrice': '0.19867', 'origQty': '1471', 'executedQty': '1471', 'cumQty': '1471', 'cumQuote': '292.24357', 'timeInForce': 'GTC', 'type': 'MARKET', 'reduceOnly': False, 'closePosition': False, 'side': 'SELL', 'positionSide': 'BOTH', 'stopPrice': '0', 'workingType': 'CONTRACT_PRICE', 'priceProtect': False, 'origType': 'MARKET', 'updateTime': '1652659278585'}, 'id': '5635138434', 'clientOrderId': 'x-xcKtGhcu6a37d4df4e21db1281e74', 'timestamp': None, 'datetime': None, 'lastTradeTimestamp': None, 'symbol': 'GRT/USDT', 'type': 'market', 'timeInForce': 'GTC', 'postOnly': False, 'side': 'sell', 'price': 0.19867, 'stopPrice': None, 'amount': 1471.0, 'cost': 292.24357, 'average': 0.19867, 'filled': 1471.0, 'remaining': 0.0, 'status': 'closed', 'fee': None, 'trades': [], 'fees': []}
[Binance 2022-05-16 09:01:18.688823] leverage for NEAR/USDT: -2
{'symbol': 'NEARUSDT', 'leverage': '2', 'maxNotionalValue': '2000000'}
[Binance 2022-05-16 09:01:19.066733] {'info': {'orderId': '9433149300', 'symbol': 'NEARUSDT', 'status': 'FILLED', 'clientOrderId': 'x-xcKtGhcu9bc01b1a879cd2496ed6cf', 'price': '0', 'avgPrice': '7.2800', 'origQty': '40', 'executedQty': '40', 'cumQty': '40', 'cumQuote': '291.2000', 'timeInForce': 'GTC', 'type': 'MARKET', 'reduceOnly': False, 'closePosition': False, 'side': 'SELL', 'positionSide': 'BOTH', 'stopPrice': '0', 'workingType': 'CONTRACT_PRICE', 'priceProtect': False, 'origType': 'MARKET', 'updateTime': '1652659279052'}, 'id': '9433149300', 'clientOrderId': 'x-xcKtGhcu9bc01b1a879cd2496ed6cf', 'timestamp': None, 'datetime': None, 'lastTradeTimestamp': None, 'symbol': 'NEAR/USDT', 'type': 'market', 'timeInForce': 'GTC', 'postOnly': False, 'side': 'sell', 'price': 7.28, 'stopPrice': None, 'amount': 40.0, 'cost': 291.2, 'average': 7.28, 'filled': 40.0, 'remaining': 0.0, 'status': 'closed', 'fee': None, 'trades': [], 'fees': []}
[Binance 2022-05-16 09:01:19.130459] leverage for FTM/USDT: -2
{'symbol': 'FTMUSDT', 'leverage': '2', 'maxNotionalValue': '10000000'}
[Binance 2022-05-16 09:01:19.460595] {'info': {'orderId': '10677603828', 'symbol': 'FTMUSDT', 'status': 'FILLED', 'clientOrderId': 'x-xcKtGhcua93fb900c392a17c9fbcf1', 'price': '0', 'avgPrice': '0.390100', 'origQty': '749', 'executedQty': '749', 'cumQty': '749', 'cumQuote': '292.184900', 'timeInForce': 'GTC', 'type': 'MARKET', 'reduceOnly': False, 'closePosition': False, 'side': 'SELL', 'positionSide': 'BOTH', 'stopPrice': '0', 'workingType': 'CONTRACT_PRICE', 'priceProtect': False, 'origType': 'MARKET', 'updateTime': '1652659279446'}, 'id': '10677603828', 'clientOrderId': 'x-xcKtGhcua93fb900c392a17c9fbcf1', 'timestamp': None, 'datetime': None, 'lastTradeTimestamp': None, 'symbol': 'FTM/USDT', 'type': 'market', 'timeInForce': 'GTC', 'postOnly': False, 'side': 'sell', 'price': 0.3901, 'stopPrice': None, 'amount': 749.0, 'cost': 292.1849, 'average': 0.3901, 'filled': 749.0, 'remaining': 0.0, 'status': 'closed', 'fee': None, 'trades': [], 'fees': []}
[Binance 2022-05-16 09:01:19.460688] End trading
