[Binance 2022-07-18 09:00:02.733231] Start trading...
[Binance 2022-07-18 09:00:05.198302] Cancelled all orders
[Binance 2022-07-18 09:01:16.796932] target amount: 78.488
[Binance 2022-07-18 09:01:17.339975] leverage for AXS/USDT: 0
[Binance 2022-07-18 09:01:17.876029] leverage for NEAR/USDT: 1
{'symbol': 'NEARUSDT', 'leverage': '1', 'maxNotionalValue': '5000000'}
[Binance 2022-07-18 09:01:19.145392] {'info': {'orderId': '10539240215', 'symbol': 'NEARUSDT', 'status': 'FILLED', 'clientOrderId': 'x-xcKtGhcu63fa6a9b4c3b29bad719ea', 'price': '0', 'avgPrice': '3.5180', 'origQty': '22', 'executedQty': '22', 'cumQty': '22', 'cumQuote': '77.3960', 'timeInForce': 'GTC', 'type': 'MARKET', 'reduceOnly': False, 'closePosition': False, 'side': 'BUY', 'positionSide': 'BOTH', 'stopPrice': '0', 'workingType': 'CONTRACT_PRICE', 'priceProtect': False, 'origType': 'MARKET', 'updateTime': '1658102479050'}, 'id': '10539240215', 'clientOrderId': 'x-xcKtGhcu63fa6a9b4c3b29bad719ea', 'timestamp': None, 'datetime': None, 'lastTradeTimestamp': None, 'symbol': 'NEAR/USDT', 'type': 'market', 'timeInForce': 'GTC', 'postOnly': False, 'side': 'buy', 'price': 3.518, 'stopPrice': None, 'amount': 22.0, 'cost': 77.396, 'average': 3.518, 'filled': 22.0, 'remaining': 0.0, 'status': 'closed', 'fee': None, 'trades': [], 'fees': []}
[Binance 2022-07-18 09:01:19.691825] leverage for BTC/USDT: 1
{'symbol': 'BTCUSDT', 'leverage': '1', 'maxNotionalValue': 'INF'}
[Binance 2022-07-18 09:01:20.975690] {'info': {'orderId': '63406742367', 'symbol': 'BTCUSDT', 'status': 'FILLED', 'clientOrderId': 'x-xcKtGhcuf80c4f62407fa6b9a1ee9d', 'price': '0', 'avgPrice': '20779.70000', 'origQty': '0.003', 'executedQty': '0.003', 'cumQty': '0.003', 'cumQuote': '62.33910', 'timeInForce': 'GTC', 'type': 'MARKET', 'reduceOnly': False, 'closePosition': False, 'side': 'BUY', 'positionSide': 'BOTH', 'stopPrice': '0', 'workingType': 'CONTRACT_PRICE', 'priceProtect': False, 'origType': 'MARKET', 'updateTime': '1658102480950'}, 'id': '63406742367', 'clientOrderId': 'x-xcKtGhcuf80c4f62407fa6b9a1ee9d', 'timestamp': None, 'datetime': None, 'lastTradeTimestamp': None, 'symbol': 'BTC/USDT', 'type': 'market', 'timeInForce': 'GTC', 'postOnly': False, 'side': 'buy', 'price': 20779.7, 'stopPrice': None, 'amount': 0.003, 'cost': 62.3391, 'average': 20779.7, 'filled': 0.003, 'remaining': 0.0, 'status': 'closed', 'fee': None, 'trades': [], 'fees': []}
[Binance 2022-07-18 09:01:21.531976] leverage for DYDX/USDT: 1
{'symbol': 'DYDXUSDT', 'leverage': '1', 'maxNotionalValue': '8000000'}
[Binance 2022-07-18 09:01:22.642667] {'info': {'orderId': '3282773540', 'symbol': 'DYDXUSDT', 'status': 'FILLED', 'clientOrderId': 'x-xcKtGhcu47845208d9cbf57587a4b4', 'price': '0', 'avgPrice': '2.0180', 'origQty': '38.9', 'executedQty': '38.9', 'cumQty': '38.9', 'cumQuote': '78.5002', 'timeInForce': 'GTC', 'type': 'MARKET', 'reduceOnly': False, 'closePosition': False, 'side': 'BUY', 'positionSide': 'BOTH', 'stopPrice': '0', 'workingType': 'CONTRACT_PRICE', 'priceProtect': False, 'origType': 'MARKET', 'updateTime': '1658102482617'}, 'id': '3282773540', 'clientOrderId': 'x-xcKtGhcu47845208d9cbf57587a4b4', 'timestamp': None, 'datetime': None, 'lastTradeTimestamp': None, 'symbol': 'DYDX/USDT', 'type': 'market', 'timeInForce': 'GTC', 'postOnly': False, 'side': 'buy', 'price': 2.018, 'stopPrice': None, 'amount': 38.9, 'cost': 78.5002, 'average': 2.018, 'filled': 38.9, 'remaining': 0.0, 'status': 'closed', 'fee': None, 'trades': [], 'fees': []}
[Binance 2022-07-18 09:01:23.186994] leverage for ADA/USDT: -1
{'symbol': 'ADAUSDT', 'leverage': '1', 'maxNotionalValue': '50000000'}
[Binance 2022-07-18 09:01:24.118647] {'info': {'orderId': '23409942596', 'symbol': 'ADAUSDT', 'status': 'FILLED', 'clientOrderId': 'x-xcKtGhcu9bb05cc991b8ad330fe6bf', 'price': '0', 'avgPrice': '0.44730', 'origQty': '175', 'executedQty': '175', 'cumQty': '175', 'cumQuote': '78.27750', 'timeInForce': 'GTC', 'type': 'MARKET', 'reduceOnly': False, 'closePosition': False, 'side': 'SELL', 'positionSide': 'BOTH', 'stopPrice': '0', 'workingType': 'CONTRACT_PRICE', 'priceProtect': False, 'origType': 'MARKET', 'updateTime': '1658102484093'}, 'id': '23409942596', 'clientOrderId': 'x-xcKtGhcu9bb05cc991b8ad330fe6bf', 'timestamp': None, 'datetime': None, 'lastTradeTimestamp': None, 'symbol': 'ADA/USDT', 'type': 'market', 'timeInForce': 'GTC', 'postOnly': False, 'side': 'sell', 'price': 0.4473, 'stopPrice': None, 'amount': 175.0, 'cost': 78.2775, 'average': 0.4473, 'filled': 175.0, 'remaining': 0.0, 'status': 'closed', 'fee': None, 'trades': [], 'fees': []}
[Binance 2022-07-18 09:01:24.676480] leverage for 1000SHIB/USDT: 1
{'symbol': '1000SHIBUSDT', 'leverage': '1', 'maxNotionalValue': '30000000'}
'NoneType' object is not subscriptable
[Binance 2022-07-18 09:01:25.721202] leverage for GALA/USDT: -1
{'symbol': 'GALAUSDT', 'leverage': '1', 'maxNotionalValue': '5000000'}
[Binance 2022-07-18 09:01:26.559529] {'info': {'orderId': '6776342098', 'symbol': 'GALAUSDT', 'status': 'FILLED', 'clientOrderId': 'x-xcKtGhcu574aa9198efc202c0ce726', 'price': '0', 'avgPrice': '0.05059', 'origQty': '1551', 'executedQty': '1551', 'cumQty': '1551', 'cumQuote': '78.46509', 'timeInForce': 'GTC', 'type': 'MARKET', 'reduceOnly': False, 'closePosition': False, 'side': 'SELL', 'positionSide': 'BOTH', 'stopPrice': '0', 'workingType': 'CONTRACT_PRICE', 'priceProtect': False, 'origType': 'MARKET', 'updateTime': '1658102486534'}, 'id': '6776342098', 'clientOrderId': 'x-xcKtGhcu574aa9198efc202c0ce726', 'timestamp': None, 'datetime': None, 'lastTradeTimestamp': None, 'symbol': 'GALA/USDT', 'type': 'market', 'timeInForce': 'GTC', 'postOnly': False, 'side': 'sell', 'price': 0.05059, 'stopPrice': None, 'amount': 1551.0, 'cost': 78.46509, 'average': 0.05059, 'filled': 1551.0, 'remaining': 0.0, 'status': 'closed', 'fee': None, 'trades': [], 'fees': []}
[Binance 2022-07-18 09:01:27.123088] leverage for UNFI/USDT: 1
{'symbol': 'UNFIUSDT', 'leverage': '1', 'maxNotionalValue': '5000000'}
[Binance 2022-07-18 09:01:28.079300] {'info': {'orderId': '2299568957', 'symbol': 'UNFIUSDT', 'status': 'FILLED', 'clientOrderId': 'x-xcKtGhcu576acfc189698bd213769e', 'price': '0', 'avgPrice': '6.2410', 'origQty': '12.6', 'executedQty': '12.6', 'cumQty': '12.6', 'cumQuote': '78.6366', 'timeInForce': 'GTC', 'type': 'MARKET', 'reduceOnly': False, 'closePosition': False, 'side': 'BUY', 'positionSide': 'BOTH', 'stopPrice': '0', 'workingType': 'CONTRACT_PRICE', 'priceProtect': False, 'origType': 'MARKET', 'updateTime': '1658102488051'}, 'id': '2299568957', 'clientOrderId': 'x-xcKtGhcu576acfc189698bd213769e', 'timestamp': None, 'datetime': None, 'lastTradeTimestamp': None, 'symbol': 'UNFI/USDT', 'type': 'market', 'timeInForce': 'GTC', 'postOnly': False, 'side': 'buy', 'price': 6.241, 'stopPrice': None, 'amount': 12.6, 'cost': 78.6366, 'average': 6.241, 'filled': 12.6, 'remaining': 0.0, 'status': 'closed', 'fee': None, 'trades': [], 'fees': []}
[Binance 2022-07-18 09:01:28.557395] End trading
