[Binance 2022-05-20 09:00:02.562786] Start trading...
[Binance 2022-05-20 09:00:05.807345] Cancelled all orders
[Binance 2022-05-20 09:01:15.484210] target amount: 184.531
[Binance 2022-05-20 09:01:15.551106] leverage for 1000SHIB/USDT: -2
{'symbol': '1000SHIBUSDT', 'leverage': '2', 'maxNotionalValue': '2000000'}
[Binance 2022-05-20 09:01:15.863257] 0
[Binance 2022-05-20 09:01:15.920745] leverage for DOGE/USDT: -2
{'symbol': 'DOGEUSDT', 'leverage': '2', 'maxNotionalValue': '10000000'}
[Binance 2022-05-20 09:01:16.240959] {'info': {'orderId': '15499541982', 'symbol': 'DOGEUSDT', 'status': 'FILLED', 'clientOrderId': 'x-xcKtGhcu42f22d9a2ec8d460d9d8d2', 'price': '0', 'avgPrice': '0.086630', 'origQty': '4259', 'executedQty': '4259', 'cumQty': '4259', 'cumQuote': '368.957170', 'timeInForce': 'GTC', 'type': 'MARKET', 'reduceOnly': False, 'closePosition': False, 'side': 'SELL', 'positionSide': 'BOTH', 'stopPrice': '0', 'workingType': 'CONTRACT_PRICE', 'priceProtect': False, 'origType': 'MARKET', 'updateTime': '1653004876248'}, 'id': '15499541982', 'clientOrderId': 'x-xcKtGhcu42f22d9a2ec8d460d9d8d2', 'timestamp': None, 'datetime': None, 'lastTradeTimestamp': None, 'symbol': 'DOGE/USDT', 'type': 'market', 'timeInForce': 'GTC', 'postOnly': False, 'side': 'sell', 'price': 0.08663, 'stopPrice': None, 'amount': 4259.0, 'cost': 368.95717, 'average': 0.08663, 'filled': 4259.0, 'remaining': 0.0, 'status': 'closed', 'fee': None, 'trades': [], 'fees': []}
[Binance 2022-05-20 09:01:16.304114] leverage for BTC/USDT: -2
{'symbol': 'BTCUSDT', 'leverage': '2', 'maxNotionalValue': '300000000'}
[Binance 2022-05-20 09:01:16.739076] {'info': {'orderId': '54708954287', 'symbol': 'BTCUSDT', 'status': 'FILLED', 'clientOrderId': 'x-xcKtGhcu87e18d0e2036ef98915fde', 'price': '0', 'avgPrice': '30298.80000', 'origQty': '0.012', 'executedQty': '0.012', 'cumQty': '0.012', 'cumQuote': '363.58560', 'timeInForce': 'GTC', 'type': 'MARKET', 'reduceOnly': False, 'closePosition': False, 'side': 'SELL', 'positionSide': 'BOTH', 'stopPrice': '0', 'workingType': 'CONTRACT_PRICE', 'priceProtect': False, 'origType': 'MARKET', 'updateTime': '1653004876743'}, 'id': '54708954287', 'clientOrderId': 'x-xcKtGhcu87e18d0e2036ef98915fde', 'timestamp': None, 'datetime': None, 'lastTradeTimestamp': None, 'symbol': 'BTC/USDT', 'type': 'market', 'timeInForce': 'GTC', 'postOnly': False, 'side': 'sell', 'price': 30298.8, 'stopPrice': None, 'amount': 0.012, 'cost': 363.5856, 'average': 30298.8, 'filled': 0.012, 'remaining': 0.0, 'status': 'closed', 'fee': None, 'trades': [], 'fees': []}
[Binance 2022-05-20 09:01:16.814346] leverage for ETH/USDT: -2
{'symbol': 'ETHUSDT', 'leverage': '2', 'maxNotionalValue': '150000000'}
[Binance 2022-05-20 09:01:17.266234] {'info': {'orderId': '8389765523452447615', 'symbol': 'ETHUSDT', 'status': 'FILLED', 'clientOrderId': 'x-xcKtGhcu81cde9911ed992b158bc7e', 'price': '0', 'avgPrice': '2017.70000', 'origQty': '0.182', 'executedQty': '0.182', 'cumQty': '0.182', 'cumQuote': '367.22140', 'timeInForce': 'GTC', 'type': 'MARKET', 'reduceOnly': False, 'closePosition': False, 'side': 'SELL', 'positionSide': 'BOTH', 'stopPrice': '0', 'workingType': 'CONTRACT_PRICE', 'priceProtect': False, 'origType': 'MARKET', 'updateTime': '1653004877271'}, 'id': '8389765523452447615', 'clientOrderId': 'x-xcKtGhcu81cde9911ed992b158bc7e', 'timestamp': None, 'datetime': None, 'lastTradeTimestamp': None, 'symbol': 'ETH/USDT', 'type': 'market', 'timeInForce': 'GTC', 'postOnly': False, 'side': 'sell', 'price': 2017.7, 'stopPrice': None, 'amount': 0.182, 'cost': 367.2214, 'average': 2017.7, 'filled': 0.182, 'remaining': 0.0, 'status': 'closed', 'fee': None, 'trades': [], 'fees': []}
[Binance 2022-05-20 09:01:17.333989] leverage for AVAX/USDT: -2
{'symbol': 'AVAXUSDT', 'leverage': '2', 'maxNotionalValue': '10000000'}
[Binance 2022-05-20 09:01:17.736285] {'info': {'orderId': '9236869352', 'symbol': 'AVAXUSDT', 'status': 'FILLED', 'clientOrderId': 'x-xcKtGhcua6ea0b1ea78ac4068b0d12', 'price': '0', 'avgPrice': '30.3400', 'origQty': '12', 'executedQty': '12', 'cumQty': '12', 'cumQuote': '364.0800', 'timeInForce': 'GTC', 'type': 'MARKET', 'reduceOnly': False, 'closePosition': False, 'side': 'SELL', 'positionSide': 'BOTH', 'stopPrice': '0', 'workingType': 'CONTRACT_PRICE', 'priceProtect': False, 'origType': 'MARKET', 'updateTime': '1653004877744'}, 'id': '9236869352', 'clientOrderId': 'x-xcKtGhcua6ea0b1ea78ac4068b0d12', 'timestamp': None, 'datetime': None, 'lastTradeTimestamp': None, 'symbol': 'AVAX/USDT', 'type': 'market', 'timeInForce': 'GTC', 'postOnly': False, 'side': 'sell', 'price': 30.34, 'stopPrice': None, 'amount': 12.0, 'cost': 364.08, 'average': 30.34, 'filled': 12.0, 'remaining': 0.0, 'status': 'closed', 'fee': None, 'trades': [], 'fees': []}
[Binance 2022-05-20 09:01:17.791689] leverage for NEAR/USDT: -2
{'symbol': 'NEARUSDT', 'leverage': '2', 'maxNotionalValue': '2000000'}
[Binance 2022-05-20 09:01:18.207377] {'info': {'orderId': '9534491181', 'symbol': 'NEARUSDT', 'status': 'FILLED', 'clientOrderId': 'x-xcKtGhcub94a1585da1288fde13312', 'price': '0', 'avgPrice': '6.0885', 'origQty': '60', 'executedQty': '60', 'cumQty': '60', 'cumQuote': '365.3110', 'timeInForce': 'GTC', 'type': 'MARKET', 'reduceOnly': False, 'closePosition': False, 'side': 'SELL', 'positionSide': 'BOTH', 'stopPrice': '0', 'workingType': 'CONTRACT_PRICE', 'priceProtect': False, 'origType': 'MARKET', 'updateTime': '1653004878213'}, 'id': '9534491181', 'clientOrderId': 'x-xcKtGhcub94a1585da1288fde13312', 'timestamp': None, 'datetime': None, 'lastTradeTimestamp': None, 'symbol': 'NEAR/USDT', 'type': 'market', 'timeInForce': 'GTC', 'postOnly': False, 'side': 'sell', 'price': 6.0885, 'stopPrice': None, 'amount': 60.0, 'cost': 365.311, 'average': 6.0885, 'filled': 60.0, 'remaining': 0.0, 'status': 'closed', 'fee': None, 'trades': [], 'fees': []}
[Binance 2022-05-20 09:01:18.276722] leverage for WAVES/USDT: -2
{'symbol': 'WAVESUSDT', 'leverage': '2', 'maxNotionalValue': '1000000'}
[Binance 2022-05-20 09:01:18.689867] {'info': {'orderId': '7318357084', 'symbol': 'WAVESUSDT', 'status': 'FILLED', 'clientOrderId': 'x-xcKtGhcuce63bdba481fb94fdf1fb', 'price': '0', 'avgPrice': '6.24200', 'origQty': '59.1', 'executedQty': '59.1', 'cumQty': '59.1', 'cumQuote': '368.90220', 'timeInForce': 'GTC', 'type': 'MARKET', 'reduceOnly': False, 'closePosition': False, 'side': 'SELL', 'positionSide': 'BOTH', 'stopPrice': '0', 'workingType': 'CONTRACT_PRICE', 'priceProtect': False, 'origType': 'MARKET', 'updateTime': '1653004878694'}, 'id': '7318357084', 'clientOrderId': 'x-xcKtGhcuce63bdba481fb94fdf1fb', 'timestamp': None, 'datetime': None, 'lastTradeTimestamp': None, 'symbol': 'WAVES/USDT', 'type': 'market', 'timeInForce': 'GTC', 'postOnly': False, 'side': 'sell', 'price': 6.242, 'stopPrice': None, 'amount': 59.1, 'cost': 368.9022, 'average': 6.242, 'filled': 59.1, 'remaining': 0.0, 'status': 'closed', 'fee': None, 'trades': [], 'fees': []}
[Binance 2022-05-20 09:01:18.759077] leverage for CRV/USDT: -1
{'symbol': 'CRVUSDT', 'leverage': '1', 'maxNotionalValue': '30000000'}
[Binance 2022-05-20 09:01:19.142861] {'info': {'orderId': '13787244927', 'symbol': 'CRVUSDT', 'status': 'FILLED', 'clientOrderId': 'x-xcKtGhcu7f7c4af5a4d6ce79ccc1cc', 'price': '0', 'avgPrice': '1.0800', 'origQty': '170.9', 'executedQty': '170.9', 'cumQty': '170.9', 'cumQuote': '184.5720', 'timeInForce': 'GTC', 'type': 'MARKET', 'reduceOnly': False, 'closePosition': False, 'side': 'SELL', 'positionSide': 'BOTH', 'stopPrice': '0', 'workingType': 'CONTRACT_PRICE', 'priceProtect': False, 'origType': 'MARKET', 'updateTime': '1653004879148'}, 'id': '13787244927', 'clientOrderId': 'x-xcKtGhcu7f7c4af5a4d6ce79ccc1cc', 'timestamp': None, 'datetime': None, 'lastTradeTimestamp': None, 'symbol': 'CRV/USDT', 'type': 'market', 'timeInForce': 'GTC', 'postOnly': False, 'side': 'sell', 'price': 1.08, 'stopPrice': None, 'amount': 170.9, 'cost': 184.572, 'average': 1.08, 'filled': 170.9, 'remaining': 0.0, 'status': 'closed', 'fee': None, 'trades': [], 'fees': []}
[Binance 2022-05-20 09:01:19.143006] End trading
