[Binance 2022-07-10 09:00:03.235722] Start trading...
[Binance 2022-07-10 09:00:08.140160] Cancelled all orders
[Binance 2022-07-10 09:01:16.248180] target amount: 88.657
[Binance 2022-07-10 09:01:16.803944] leverage for ETH/USDT: 0
[Binance 2022-07-10 09:01:17.352902] leverage for SOL/USDT: 1
{'symbol': 'SOLUSDT', 'leverage': '1', 'maxNotionalValue': '20000000'}
[Binance 2022-07-10 09:01:18.406821] {'info': {'orderId': '14665674620', 'symbol': 'SOLUSDT', 'status': 'FILLED', 'clientOrderId': 'x-xcKtGhcuf87be476ce9d4116c5aa19', 'price': '0', 'avgPrice': '37.9900', 'origQty': '2', 'executedQty': '2', 'cumQty': '2', 'cumQuote': '75.9800', 'timeInForce': 'GTC', 'type': 'MARKET', 'reduceOnly': False, 'closePosition': False, 'side': 'BUY', 'positionSide': 'BOTH', 'stopPrice': '0', 'workingType': 'CONTRACT_PRICE', 'priceProtect': False, 'origType': 'MARKET', 'updateTime': '1657411278381'}, 'id': '14665674620', 'clientOrderId': 'x-xcKtGhcuf87be476ce9d4116c5aa19', 'timestamp': None, 'datetime': None, 'lastTradeTimestamp': None, 'symbol': 'SOL/USDT', 'type': 'market', 'timeInForce': 'GTC', 'postOnly': False, 'side': 'buy', 'price': 37.99, 'stopPrice': None, 'amount': 2.0, 'cost': 75.98, 'average': 37.99, 'filled': 2.0, 'remaining': 0.0, 'status': 'closed', 'fee': None, 'trades': [], 'fees': []}
[Binance 2022-07-10 09:01:18.957879] leverage for UNFI/USDT: 1
{'symbol': 'UNFIUSDT', 'leverage': '1', 'maxNotionalValue': '5000000'}
[Binance 2022-07-10 09:01:19.789039] {'info': {'orderId': '2217227816', 'symbol': 'UNFIUSDT', 'status': 'FILLED', 'clientOrderId': 'x-xcKtGhcu139be4781a1203d1129916', 'price': '0', 'avgPrice': '6.9299', 'origQty': '12.8', 'executedQty': '12.8', 'cumQty': '12.8', 'cumQuote': '88.7030', 'timeInForce': 'GTC', 'type': 'MARKET', 'reduceOnly': False, 'closePosition': False, 'side': 'BUY', 'positionSide': 'BOTH', 'stopPrice': '0', 'workingType': 'CONTRACT_PRICE', 'priceProtect': False, 'origType': 'MARKET', 'updateTime': '1657411279763'}, 'id': '2217227816', 'clientOrderId': 'x-xcKtGhcu139be4781a1203d1129916', 'timestamp': None, 'datetime': None, 'lastTradeTimestamp': None, 'symbol': 'UNFI/USDT', 'type': 'market', 'timeInForce': 'GTC', 'postOnly': False, 'side': 'buy', 'price': 6.9299, 'stopPrice': None, 'amount': 12.8, 'cost': 88.703, 'average': 6.9299, 'filled': 12.8, 'remaining': 0.0, 'status': 'closed', 'fee': None, 'trades': [], 'fees': []}
[Binance 2022-07-10 09:01:20.339478] leverage for XRP/USDT: 0
[Binance 2022-07-10 09:01:20.895911] leverage for DOT/USDT: -1
{'symbol': 'DOTUSDT', 'leverage': '1', 'maxNotionalValue': '100000000'}
[Binance 2022-07-10 09:01:21.722675] {'info': {'orderId': '14503119243', 'symbol': 'DOTUSDT', 'status': 'FILLED', 'clientOrderId': 'x-xcKtGhcuae0fc9d2e9c9c89f47ea0f', 'price': '0', 'avgPrice': '7.2390', 'origQty': '12.2', 'executedQty': '12.2', 'cumQty': '12.2', 'cumQuote': '88.3158', 'timeInForce': 'GTC', 'type': 'MARKET', 'reduceOnly': False, 'closePosition': False, 'side': 'SELL', 'positionSide': 'BOTH', 'stopPrice': '0', 'workingType': 'CONTRACT_PRICE', 'priceProtect': False, 'origType': 'MARKET', 'updateTime': '1657411281697'}, 'id': '14503119243', 'clientOrderId': 'x-xcKtGhcuae0fc9d2e9c9c89f47ea0f', 'timestamp': None, 'datetime': None, 'lastTradeTimestamp': None, 'symbol': 'DOT/USDT', 'type': 'market', 'timeInForce': 'GTC', 'postOnly': False, 'side': 'sell', 'price': 7.239, 'stopPrice': None, 'amount': 12.2, 'cost': 88.3158, 'average': 7.239, 'filled': 12.2, 'remaining': 0.0, 'status': 'closed', 'fee': None, 'trades': [], 'fees': []}
[Binance 2022-07-10 09:01:22.320288] leverage for ADA/USDT: 0
[Binance 2022-07-10 09:01:22.864427] leverage for LINK/USDT: 0
[Binance 2022-07-10 09:01:23.414980] leverage for OGN/USDT: -1
{'symbol': 'OGNUSDT', 'leverage': '1', 'maxNotionalValue': '5000000'}
[Binance 2022-07-10 09:01:24.237438] {'info': {'orderId': '2159267401', 'symbol': 'OGNUSDT', 'status': 'FILLED', 'clientOrderId': 'x-xcKtGhcu59d762edcb94700196c204', 'price': '0', 'avgPrice': '0.2643', 'origQty': '336', 'executedQty': '336', 'cumQty': '336', 'cumQuote': '88.8048', 'timeInForce': 'GTC', 'type': 'MARKET', 'reduceOnly': False, 'closePosition': False, 'side': 'SELL', 'positionSide': 'BOTH', 'stopPrice': '0', 'workingType': 'CONTRACT_PRICE', 'priceProtect': False, 'origType': 'MARKET', 'updateTime': '1657411284209'}, 'id': '2159267401', 'clientOrderId': 'x-xcKtGhcu59d762edcb94700196c204', 'timestamp': None, 'datetime': None, 'lastTradeTimestamp': None, 'symbol': 'OGN/USDT', 'type': 'market', 'timeInForce': 'GTC', 'postOnly': False, 'side': 'sell', 'price': 0.2643, 'stopPrice': None, 'amount': 336.0, 'cost': 88.8048, 'average': 0.2643, 'filled': 336.0, 'remaining': 0.0, 'status': 'closed', 'fee': None, 'trades': [], 'fees': []}
[Binance 2022-07-10 09:01:24.732695] End trading
