[Binance 2022-03-25 09:00:03.210458] Start trading...
[Binance 2022-03-25 09:00:07.187862] Cancelled all orders
WAVES/USDT 0.7357122828560898
RUNE/USDT 0.7012965726037607
[Binance 2022-03-25 09:01:38.066986] target amoung: 273.203
[Binance 2022-03-25 09:01:38.628189] leverage for ETC/USDT: 2
{'symbol': 'ETCUSDT', 'leverage': '2', 'maxNotionalValue': '20000000'}
[Binance 2022-03-25 09:01:39.482257] {'info': {'orderId': '9066737303', 'symbol': 'ETCUSDT', 'status': 'FILLED', 'clientOrderId': 'x-xcKtGhcu53471beeaeb8f6f4bb288b', 'price': '0', 'avgPrice': '48.27100', 'origQty': '11.32', 'executedQty': '11.32', 'cumQty': '11.32', 'cumQuote': '546.42772', 'timeInForce': 'GTC', 'type': 'MARKET', 'reduceOnly': False, 'closePosition': False, 'side': 'BUY', 'positionSide': 'BOTH', 'stopPrice': '0', 'workingType': 'CONTRACT_PRICE', 'priceProtect': False, 'origType': 'MARKET', 'updateTime': '1648166499550'}, 'id': '9066737303', 'clientOrderId': 'x-xcKtGhcu53471beeaeb8f6f4bb288b', 'timestamp': None, 'datetime': None, 'lastTradeTimestamp': None, 'symbol': 'ETC/USDT', 'type': 'market', 'timeInForce': 'GTC', 'postOnly': False, 'side': 'buy', 'price': 48.271, 'stopPrice': None, 'amount': 11.32, 'cost': 546.42772, 'average': 48.271, 'filled': 11.32, 'remaining': 0.0, 'status': 'closed', 'fee': None, 'trades': [], 'fees': []}
[Binance 2022-03-25 09:01:40.027941] leverage for LRC/USDT: 2
{'symbol': 'LRCUSDT', 'leverage': '2', 'maxNotionalValue': '2000000'}
[Binance 2022-03-25 09:01:40.870123] {'info': {'orderId': '13399166279', 'symbol': 'LRCUSDT', 'status': 'FILLED', 'clientOrderId': 'x-xcKtGhcu911ce5d987b75cb79bcbfe', 'price': '0', 'avgPrice': '1.08569', 'origQty': '504', 'executedQty': '504', 'cumQty': '504', 'cumQuote': '547.18690', 'timeInForce': 'GTC', 'type': 'MARKET', 'reduceOnly': False, 'closePosition': False, 'side': 'BUY', 'positionSide': 'BOTH', 'stopPrice': '0', 'workingType': 'CONTRACT_PRICE', 'priceProtect': False, 'origType': 'MARKET', 'updateTime': '1648166500939'}, 'id': '13399166279', 'clientOrderId': 'x-xcKtGhcu911ce5d987b75cb79bcbfe', 'timestamp': None, 'datetime': None, 'lastTradeTimestamp': None, 'symbol': 'LRC/USDT', 'type': 'market', 'timeInForce': 'GTC', 'postOnly': False, 'side': 'buy', 'price': 1.08569, 'stopPrice': None, 'amount': 504.0, 'cost': 547.1869, 'average': 1.08569, 'filled': 504.0, 'remaining': 0.0, 'status': 'closed', 'fee': None, 'trades': [], 'fees': []}
[Binance 2022-03-25 09:01:41.509046] leverage for AXS/USDT: 2
{'symbol': 'AXSUSDT', 'leverage': '2', 'maxNotionalValue': '15000000'}
[Binance 2022-03-25 09:01:42.356210] {'info': {'orderId': '5186725209', 'symbol': 'AXSUSDT', 'status': 'FILLED', 'clientOrderId': 'x-xcKtGhcu204d68d16fbfc098edef92', 'price': '0', 'avgPrice': '69.93000', 'origQty': '7', 'executedQty': '7', 'cumQty': '7', 'cumQuote': '489.51000', 'timeInForce': 'GTC', 'type': 'MARKET', 'reduceOnly': False, 'closePosition': False, 'side': 'BUY', 'positionSide': 'BOTH', 'stopPrice': '0', 'workingType': 'CONTRACT_PRICE', 'priceProtect': False, 'origType': 'MARKET', 'updateTime': '1648166502423'}, 'id': '5186725209', 'clientOrderId': 'x-xcKtGhcu204d68d16fbfc098edef92', 'timestamp': None, 'datetime': None, 'lastTradeTimestamp': None, 'symbol': 'AXS/USDT', 'type': 'market', 'timeInForce': 'GTC', 'postOnly': False, 'side': 'buy', 'price': 69.93, 'stopPrice': None, 'amount': 7.0, 'cost': 489.51, 'average': 69.93, 'filled': 7.0, 'remaining': 0.0, 'status': 'closed', 'fee': None, 'trades': [], 'fees': []}
[Binance 2022-03-25 09:01:42.906112] leverage for ADA/USDT: 2
{'symbol': 'ADAUSDT', 'leverage': '2', 'maxNotionalValue': '20000000'}
[Binance 2022-03-25 09:01:43.823867] {'info': {'orderId': '20785786502', 'symbol': 'ADAUSDT', 'status': 'FILLED', 'clientOrderId': 'x-xcKtGhcubb5c0d7ed79d9c17d3245c', 'price': '0', 'avgPrice': '1.13200', 'origQty': '482', 'executedQty': '482', 'cumQty': '482', 'cumQuote': '545.62400', 'timeInForce': 'GTC', 'type': 'MARKET', 'reduceOnly': False, 'closePosition': False, 'side': 'BUY', 'positionSide': 'BOTH', 'stopPrice': '0', 'workingType': 'CONTRACT_PRICE', 'priceProtect': False, 'origType': 'MARKET', 'updateTime': '1648166503893'}, 'id': '20785786502', 'clientOrderId': 'x-xcKtGhcubb5c0d7ed79d9c17d3245c', 'timestamp': None, 'datetime': None, 'lastTradeTimestamp': None, 'symbol': 'ADA/USDT', 'type': 'market', 'timeInForce': 'GTC', 'postOnly': False, 'side': 'buy', 'price': 1.132, 'stopPrice': None, 'amount': 482.0, 'cost': 545.624, 'average': 1.132, 'filled': 482.0, 'remaining': 0.0, 'status': 'closed', 'fee': None, 'trades': [], 'fees': []}
[Binance 2022-03-25 09:01:44.375307] leverage for NEAR/USDT: 2
{'symbol': 'NEARUSDT', 'leverage': '2', 'maxNotionalValue': '2000000'}
[Binance 2022-03-25 09:01:45.202160] {'info': {'orderId': '7662642464', 'symbol': 'NEARUSDT', 'status': 'FILLED', 'clientOrderId': 'x-xcKtGhcu4de114320ef235deafc711', 'price': '0', 'avgPrice': '12.8330', 'origQty': '42', 'executedQty': '42', 'cumQty': '42', 'cumQuote': '538.9860', 'timeInForce': 'GTC', 'type': 'MARKET', 'reduceOnly': False, 'closePosition': False, 'side': 'BUY', 'positionSide': 'BOTH', 'stopPrice': '0', 'workingType': 'CONTRACT_PRICE', 'priceProtect': False, 'origType': 'MARKET', 'updateTime': '1648166505271'}, 'id': '7662642464', 'clientOrderId': 'x-xcKtGhcu4de114320ef235deafc711', 'timestamp': None, 'datetime': None, 'lastTradeTimestamp': None, 'symbol': 'NEAR/USDT', 'type': 'market', 'timeInForce': 'GTC', 'postOnly': False, 'side': 'buy', 'price': 12.833, 'stopPrice': None, 'amount': 42.0, 'cost': 538.986, 'average': 12.833, 'filled': 42.0, 'remaining': 0.0, 'status': 'closed', 'fee': None, 'trades': [], 'fees': []}
[Binance 2022-03-25 09:01:45.689679] End trading
[Binance 2022-03-26 09:00:02.336469] Start trading...
[Binance 2022-03-26 09:00:05.671243] Cancelled all orders
WAVES/USDT 0.7444360065456971
[Binance 2022-03-26 09:01:16.364359] target amoung: 411.560
[Binance 2022-03-26 09:01:16.877530] leverage for ETC/USDT: 2
{'symbol': 'ETCUSDT', 'leverage': '2', 'maxNotionalValue': '20000000'}
[Binance 2022-03-26 09:01:17.784104] {'info': {'orderId': '9120724538', 'symbol': 'ETCUSDT', 'status': 'FILLED', 'clientOrderId': 'x-xcKtGhcu15696cc348423edea8d074', 'price': '0', 'avgPrice': '48.61095', 'origQty': '16.94', 'executedQty': '16.94', 'cumQty': '16.94', 'cumQuote': '823.46944', 'timeInForce': 'GTC', 'type': 'MARKET', 'reduceOnly': False, 'closePosition': False, 'side': 'BUY', 'positionSide': 'BOTH', 'stopPrice': '0', 'workingType': 'CONTRACT_PRICE', 'priceProtect': False, 'origType': 'MARKET', 'updateTime': '1648252877838'}, 'id': '9120724538', 'clientOrderId': 'x-xcKtGhcu15696cc348423edea8d074', 'timestamp': None, 'datetime': None, 'lastTradeTimestamp': None, 'symbol': 'ETC/USDT', 'type': 'market', 'timeInForce': 'GTC', 'postOnly': False, 'side': 'buy', 'price': 48.61095, 'stopPrice': None, 'amount': 16.94, 'cost': 823.46944, 'average': 48.61095, 'filled': 16.94, 'remaining': 0.0, 'status': 'closed', 'fee': None, 'trades': [], 'fees': []}
[Binance 2022-03-26 09:01:18.294026] leverage for LRC/USDT: 2
{'symbol': 'LRCUSDT', 'leverage': '2', 'maxNotionalValue': '2000000'}
[Binance 2022-03-26 09:01:19.081462] {'info': {'orderId': '13419855747', 'symbol': 'LRCUSDT', 'status': 'FILLED', 'clientOrderId': 'x-xcKtGhcuab5c94b9917b431a538126', 'price': '0', 'avgPrice': '1.05510', 'origQty': '780', 'executedQty': '780', 'cumQty': '780', 'cumQuote': '822.97800', 'timeInForce': 'GTC', 'type': 'MARKET', 'reduceOnly': False, 'closePosition': False, 'side': 'BUY', 'positionSide': 'BOTH', 'stopPrice': '0', 'workingType': 'CONTRACT_PRICE', 'priceProtect': False, 'origType': 'MARKET', 'updateTime': '1648252879136'}, 'id': '13419855747', 'clientOrderId': 'x-xcKtGhcuab5c94b9917b431a538126', 'timestamp': None, 'datetime': None, 'lastTradeTimestamp': None, 'symbol': 'LRC/USDT', 'type': 'market', 'timeInForce': 'GTC', 'postOnly': False, 'side': 'buy', 'price': 1.0551, 'stopPrice': None, 'amount': 780.0, 'cost': 822.978, 'average': 1.0551, 'filled': 780.0, 'remaining': 0.0, 'status': 'closed', 'fee': None, 'trades': [], 'fees': []}
[Binance 2022-03-26 09:01:19.594304] leverage for AXS/USDT: 1
{'symbol': 'AXSUSDT', 'leverage': '1', 'maxNotionalValue': '50000000'}
[Binance 2022-03-26 09:01:20.391775] {'info': {'orderId': '5216583245', 'symbol': 'AXSUSDT', 'status': 'FILLED', 'clientOrderId': 'x-xcKtGhcu7c43a049e3802bedc84d4a', 'price': '0', 'avgPrice': '71.45000', 'origQty': '5', 'executedQty': '5', 'cumQty': '5', 'cumQuote': '357.25000', 'timeInForce': 'GTC', 'type': 'MARKET', 'reduceOnly': False, 'closePosition': False, 'side': 'BUY', 'positionSide': 'BOTH', 'stopPrice': '0', 'workingType': 'CONTRACT_PRICE', 'priceProtect': False, 'origType': 'MARKET', 'updateTime': '1648252880446'}, 'id': '5216583245', 'clientOrderId': 'x-xcKtGhcu7c43a049e3802bedc84d4a', 'timestamp': None, 'datetime': None, 'lastTradeTimestamp': None, 'symbol': 'AXS/USDT', 'type': 'market', 'timeInForce': 'GTC', 'postOnly': False, 'side': 'buy', 'price': 71.45, 'stopPrice': None, 'amount': 5.0, 'cost': 357.25, 'average': 71.45, 'filled': 5.0, 'remaining': 0.0, 'status': 'closed', 'fee': None, 'trades': [], 'fees': []}
[Binance 2022-03-26 09:01:20.898171] leverage for ADA/USDT: 2
{'symbol': 'ADAUSDT', 'leverage': '2', 'maxNotionalValue': '20000000'}
[Binance 2022-03-26 09:01:21.750363] {'info': {'orderId': '20812312544', 'symbol': 'ADAUSDT', 'status': 'FILLED', 'clientOrderId': 'x-xcKtGhcu30b05f34ea6962b680e417', 'price': '0', 'avgPrice': '1.09460', 'origQty': '752', 'executedQty': '752', 'cumQty': '752', 'cumQuote': '823.13920', 'timeInForce': 'GTC', 'type': 'MARKET', 'reduceOnly': False, 'closePosition': False, 'side': 'BUY', 'positionSide': 'BOTH', 'stopPrice': '0', 'workingType': 'CONTRACT_PRICE', 'priceProtect': False, 'origType': 'MARKET', 'updateTime': '1648252881804'}, 'id': '20812312544', 'clientOrderId': 'x-xcKtGhcu30b05f34ea6962b680e417', 'timestamp': None, 'datetime': None, 'lastTradeTimestamp': None, 'symbol': 'ADA/USDT', 'type': 'market', 'timeInForce': 'GTC', 'postOnly': False, 'side': 'buy', 'price': 1.0946, 'stopPrice': None, 'amount': 752.0, 'cost': 823.1392, 'average': 1.0946, 'filled': 752.0, 'remaining': 0.0, 'status': 'closed', 'fee': None, 'trades': [], 'fees': []}
[Binance 2022-03-26 09:01:22.188277] End trading
[Binance 2022-03-27 09:00:02.985971] Start trading...
[Binance 2022-03-27 09:00:05.971948] Cancelled all orders
WAVES/USDT 0.7475456661101533
[Binance 2022-03-27 09:01:16.400043] target amoung: 411.396
[Binance 2022-03-27 09:01:16.940728] leverage for ZIL/USDT: 1
{'symbol': 'ZILUSDT', 'leverage': '1', 'maxNotionalValue': '30000000'}
[Binance 2022-03-27 09:01:17.775151] {'info': {'orderId': '4771047948', 'symbol': 'ZILUSDT', 'status': 'FILLED', 'clientOrderId': 'x-xcKtGhcu6e2511e297b63bde1dea27', 'price': '0', 'avgPrice': '0.09300', 'origQty': '4423', 'executedQty': '4423', 'cumQty': '4423', 'cumQuote': '411.33900', 'timeInForce': 'GTC', 'type': 'MARKET', 'reduceOnly': False, 'closePosition': False, 'side': 'BUY', 'positionSide': 'BOTH', 'stopPrice': '0', 'workingType': 'CONTRACT_PRICE', 'priceProtect': False, 'origType': 'MARKET', 'updateTime': '1648339277766'}, 'id': '4771047948', 'clientOrderId': 'x-xcKtGhcu6e2511e297b63bde1dea27', 'timestamp': None, 'datetime': None, 'lastTradeTimestamp': None, 'symbol': 'ZIL/USDT', 'type': 'market', 'timeInForce': 'GTC', 'postOnly': False, 'side': 'buy', 'price': 0.093, 'stopPrice': None, 'amount': 4423.0, 'cost': 411.339, 'average': 0.093, 'filled': 4423.0, 'remaining': 0.0, 'status': 'closed', 'fee': None, 'trades': [], 'fees': []}
[Binance 2022-03-27 09:01:18.273259] leverage for ETC/USDT: 2
{'symbol': 'ETCUSDT', 'leverage': '2', 'maxNotionalValue': '20000000'}
[Binance 2022-03-27 09:01:19.080847] {'info': {'orderId': '9156355176', 'symbol': 'ETCUSDT', 'status': 'FILLED', 'clientOrderId': 'x-xcKtGhcu5fb1838f0140703eb26846', 'price': '0', 'avgPrice': '47.05300', 'origQty': '17.49', 'executedQty': '17.49', 'cumQty': '17.49', 'cumQuote': '822.95697', 'timeInForce': 'GTC', 'type': 'MARKET', 'reduceOnly': False, 'closePosition': False, 'side': 'BUY', 'positionSide': 'BOTH', 'stopPrice': '0', 'workingType': 'CONTRACT_PRICE', 'priceProtect': False, 'origType': 'MARKET', 'updateTime': '1648339279071'}, 'id': '9156355176', 'clientOrderId': 'x-xcKtGhcu5fb1838f0140703eb26846', 'timestamp': None, 'datetime': None, 'lastTradeTimestamp': None, 'symbol': 'ETC/USDT', 'type': 'market', 'timeInForce': 'GTC', 'postOnly': False, 'side': 'buy', 'price': 47.053, 'stopPrice': None, 'amount': 17.49, 'cost': 822.95697, 'average': 47.053, 'filled': 17.49, 'remaining': 0.0, 'status': 'closed', 'fee': None, 'trades': [], 'fees': []}
[Binance 2022-03-27 09:01:19.574262] leverage for AXS/USDT: 2
{'symbol': 'AXSUSDT', 'leverage': '2', 'maxNotionalValue': '15000000'}
[Binance 2022-03-27 09:01:20.445455] {'info': {'orderId': '5231933960', 'symbol': 'AXSUSDT', 'status': 'FILLED', 'clientOrderId': 'x-xcKtGhcu6d7fd32aaf2a9027a04f01', 'price': '0', 'avgPrice': '66.70083', 'origQty': '12', 'executedQty': '12', 'cumQty': '12', 'cumQuote': '800.41000', 'timeInForce': 'GTC', 'type': 'MARKET', 'reduceOnly': False, 'closePosition': False, 'side': 'BUY', 'positionSide': 'BOTH', 'stopPrice': '0', 'workingType': 'CONTRACT_PRICE', 'priceProtect': False, 'origType': 'MARKET', 'updateTime': '1648339280437'}, 'id': '5231933960', 'clientOrderId': 'x-xcKtGhcu6d7fd32aaf2a9027a04f01', 'timestamp': None, 'datetime': None, 'lastTradeTimestamp': None, 'symbol': 'AXS/USDT', 'type': 'market', 'timeInForce': 'GTC', 'postOnly': False, 'side': 'buy', 'price': 66.70083, 'stopPrice': None, 'amount': 12.0, 'cost': 800.41, 'average': 66.70083, 'filled': 12.0, 'remaining': 0.0, 'status': 'closed', 'fee': None, 'trades': [], 'fees': []}
[Binance 2022-03-27 09:01:20.953396] leverage for ADA/USDT: 1
{'symbol': 'ADAUSDT', 'leverage': '1', 'maxNotionalValue': '50000000'}
[Binance 2022-03-27 09:01:21.738360] {'info': {'orderId': '20835417150', 'symbol': 'ADAUSDT', 'status': 'FILLED', 'clientOrderId': 'x-xcKtGhcu21c4bcbeaf80495072d1b6', 'price': '0', 'avgPrice': '1.15100', 'origQty': '357', 'executedQty': '357', 'cumQty': '357', 'cumQuote': '410.90700', 'timeInForce': 'GTC', 'type': 'MARKET', 'reduceOnly': False, 'closePosition': False, 'side': 'BUY', 'positionSide': 'BOTH', 'stopPrice': '0', 'workingType': 'CONTRACT_PRICE', 'priceProtect': False, 'origType': 'MARKET', 'updateTime': '1648339281728'}, 'id': '20835417150', 'clientOrderId': 'x-xcKtGhcu21c4bcbeaf80495072d1b6', 'timestamp': None, 'datetime': None, 'lastTradeTimestamp': None, 'symbol': 'ADA/USDT', 'type': 'market', 'timeInForce': 'GTC', 'postOnly': False, 'side': 'buy', 'price': 1.151, 'stopPrice': None, 'amount': 357.0, 'cost': 410.907, 'average': 1.151, 'filled': 357.0, 'remaining': 0.0, 'status': 'closed', 'fee': None, 'trades': [], 'fees': []}
[Binance 2022-03-27 09:01:22.165988] End trading
[Binance 2022-03-28 09:00:03.409210] Start trading...
[Binance 2022-03-28 09:00:06.663972] Cancelled all orders
WAVES/USDT 0.7698783417483855
[Binance 2022-03-28 09:01:16.222456] target amoung: 495.696
[Binance 2022-03-28 09:01:16.737538] leverage for ZIL/USDT: 1
{'symbol': 'ZILUSDT', 'leverage': '1', 'maxNotionalValue': '30000000'}
[Binance 2022-03-28 09:01:17.535457] {'info': {'orderId': '4853526686', 'symbol': 'ZILUSDT', 'status': 'FILLED', 'clientOrderId': 'x-xcKtGhcu26e700c2c66d7dec24e977', 'price': '0', 'avgPrice': '0.10500', 'origQty': '4725', 'executedQty': '4725', 'cumQty': '4725', 'cumQuote': '496.12500', 'timeInForce': 'GTC', 'type': 'MARKET', 'reduceOnly': False, 'closePosition': False, 'side': 'BUY', 'positionSide': 'BOTH', 'stopPrice': '0', 'workingType': 'CONTRACT_PRICE', 'priceProtect': False, 'origType': 'MARKET', 'updateTime': '1648425677647'}, 'id': '4853526686', 'clientOrderId': 'x-xcKtGhcu26e700c2c66d7dec24e977', 'timestamp': None, 'datetime': None, 'lastTradeTimestamp': None, 'symbol': 'ZIL/USDT', 'type': 'market', 'timeInForce': 'GTC', 'postOnly': False, 'side': 'buy', 'price': 0.105, 'stopPrice': None, 'amount': 4725.0, 'cost': 496.125, 'average': 0.105, 'filled': 4725.0, 'remaining': 0.0, 'status': 'closed', 'fee': None, 'trades': [], 'fees': []}
[Binance 2022-03-28 09:01:18.128401] leverage for DGB/USDT: 1
{'symbol': 'DGBUSDT', 'leverage': '1', 'maxNotionalValue': '30000000'}
[Binance 2022-03-28 09:01:19.008786] {'info': {'orderId': '734343231', 'symbol': 'DGBUSDT', 'status': 'FILLED', 'clientOrderId': 'x-xcKtGhcud930eed7635ca71186f8cc', 'price': '0', 'avgPrice': '0.03806', 'origQty': '13027', 'executedQty': '13027', 'cumQty': '13027', 'cumQuote': '495.80762', 'timeInForce': 'GTC', 'type': 'MARKET', 'reduceOnly': False, 'closePosition': False, 'side': 'BUY', 'positionSide': 'BOTH', 'stopPrice': '0', 'workingType': 'CONTRACT_PRICE', 'priceProtect': False, 'origType': 'MARKET', 'updateTime': '1648425679119'}, 'id': '734343231', 'clientOrderId': 'x-xcKtGhcud930eed7635ca71186f8cc', 'timestamp': None, 'datetime': None, 'lastTradeTimestamp': None, 'symbol': 'DGB/USDT', 'type': 'market', 'timeInForce': 'GTC', 'postOnly': False, 'side': 'buy', 'price': 0.03806, 'stopPrice': None, 'amount': 13027.0, 'cost': 495.80762, 'average': 0.03806, 'filled': 13027.0, 'remaining': 0.0, 'status': 'closed', 'fee': None, 'trades': [], 'fees': []}
[Binance 2022-03-28 09:01:19.499519] leverage for HOT/USDT: 1
{'symbol': 'HOTUSDT', 'leverage': '1', 'maxNotionalValue': '30000000'}
[Binance 2022-03-28 09:01:20.290700] {'info': {'orderId': '2184062277', 'symbol': 'HOTUSDT', 'status': 'FILLED', 'clientOrderId': 'x-xcKtGhcu19fdf90f007d644f6ee297', 'price': '0', 'avgPrice': '0.007029', 'origQty': '70562', 'executedQty': '70562', 'cumQty': '70562', 'cumQuote': '495.982403', 'timeInForce': 'GTC', 'type': 'MARKET', 'reduceOnly': False, 'closePosition': False, 'side': 'BUY', 'positionSide': 'BOTH', 'stopPrice': '0', 'workingType': 'CONTRACT_PRICE', 'priceProtect': False, 'origType': 'MARKET', 'updateTime': '1648425680403'}, 'id': '2184062277', 'clientOrderId': 'x-xcKtGhcu19fdf90f007d644f6ee297', 'timestamp': None, 'datetime': None, 'lastTradeTimestamp': None, 'symbol': 'HOT/USDT', 'type': 'market', 'timeInForce': 'GTC', 'postOnly': False, 'side': 'buy', 'price': 0.007029, 'stopPrice': None, 'amount': 70562.0, 'cost': 495.982403, 'average': 0.007029, 'filled': 70562.0, 'remaining': 0.0, 'status': 'closed', 'fee': None, 'trades': [], 'fees': []}
[Binance 2022-03-28 09:01:20.790069] leverage for VET/USDT: 1
{'symbol': 'VETUSDT', 'leverage': '1', 'maxNotionalValue': '30000000'}
[Binance 2022-03-28 09:01:21.518363] {'info': {'orderId': '14645617402', 'symbol': 'VETUSDT', 'status': 'FILLED', 'clientOrderId': 'x-xcKtGhcu19f7f96775ea8ff755b06', 'price': '0', 'avgPrice': '0.073975', 'origQty': '6703', 'executedQty': '6703', 'cumQty': '6703', 'cumQuote': '495.851800', 'timeInForce': 'GTC', 'type': 'MARKET', 'reduceOnly': False, 'closePosition': False, 'side': 'BUY', 'positionSide': 'BOTH', 'stopPrice': '0', 'workingType': 'CONTRACT_PRICE', 'priceProtect': False, 'origType': 'MARKET', 'updateTime': '1648425681631'}, 'id': '14645617402', 'clientOrderId': 'x-xcKtGhcu19f7f96775ea8ff755b06', 'timestamp': None, 'datetime': None, 'lastTradeTimestamp': None, 'symbol': 'VET/USDT', 'type': 'market', 'timeInForce': 'GTC', 'postOnly': False, 'side': 'buy', 'price': 0.073975, 'stopPrice': None, 'amount': 6703.0, 'cost': 495.8518, 'average': 0.073975, 'filled': 6703.0, 'remaining': 0.0, 'status': 'closed', 'fee': None, 'trades': [], 'fees': []}
[Binance 2022-03-28 09:01:21.943466] End trading
