[Binance 2022-06-25 09:00:02.921227] Start trading...
[Binance 2022-06-25 09:00:07.495845] Cancelled all orders
[Binance 2022-06-25 09:01:18.692985] target amount: 96.775
[Binance 2022-06-25 09:01:19.268008] leverage for DOGE/USDT: 0
[Binance 2022-06-25 09:01:19.819634] leverage for XRP/USDT: 0
[Binance 2022-06-25 09:01:20.382718] leverage for LINK/USDT: 0
[Binance 2022-06-25 09:01:20.935040] leverage for ETH/USDT: -2
{'symbol': 'ETHUSDT', 'leverage': '2', 'maxNotionalValue': '150000000'}
[Binance 2022-06-25 09:01:22.095846] {'info': {'orderId': '8389765527542380148', 'symbol': 'ETHUSDT', 'status': 'FILLED', 'clientOrderId': 'x-xcKtGhcub6e1efe6e96a0bbdd0ab51', 'price': '0', 'avgPrice': '1221.63000', 'origQty': '0.158', 'executedQty': '0.158', 'cumQty': '0.158', 'cumQuote': '193.01754', 'timeInForce': 'GTC', 'type': 'MARKET', 'reduceOnly': False, 'closePosition': False, 'side': 'SELL', 'positionSide': 'BOTH', 'stopPrice': '0', 'workingType': 'CONTRACT_PRICE', 'priceProtect': False, 'origType': 'MARKET', 'updateTime': '1656115282068'}, 'id': '8389765527542380148', 'clientOrderId': 'x-xcKtGhcub6e1efe6e96a0bbdd0ab51', 'timestamp': None, 'datetime': None, 'lastTradeTimestamp': None, 'symbol': 'ETH/USDT', 'type': 'market', 'timeInForce': 'GTC', 'postOnly': False, 'side': 'sell', 'price': 1221.63, 'stopPrice': None, 'amount': 0.158, 'cost': 193.01754, 'average': 1221.63, 'filled': 0.158, 'remaining': 0.0, 'status': 'closed', 'fee': None, 'trades': [], 'fees': []}
[Binance 2022-06-25 09:01:22.669048] leverage for DOT/USDT: 0
[Binance 2022-06-25 09:01:23.283312] leverage for BNB/USDT: -1
{'symbol': 'BNBUSDT', 'leverage': '1', 'maxNotionalValue': '50000000'}
[Binance 2022-06-25 09:01:24.125453] {'info': {'orderId': '39832619097', 'symbol': 'BNBUSDT', 'status': 'FILLED', 'clientOrderId': 'x-xcKtGhcu67446664af58259b3decef', 'price': '0', 'avgPrice': '239.71000', 'origQty': '0.40', 'executedQty': '0.40', 'cumQty': '0.40', 'cumQuote': '95.88400', 'timeInForce': 'GTC', 'type': 'MARKET', 'reduceOnly': False, 'closePosition': False, 'side': 'SELL', 'positionSide': 'BOTH', 'stopPrice': '0', 'workingType': 'CONTRACT_PRICE', 'priceProtect': False, 'origType': 'MARKET', 'updateTime': '1656115284098'}, 'id': '39832619097', 'clientOrderId': 'x-xcKtGhcu67446664af58259b3decef', 'timestamp': None, 'datetime': None, 'lastTradeTimestamp': None, 'symbol': 'BNB/USDT', 'type': 'market', 'timeInForce': 'GTC', 'postOnly': False, 'side': 'sell', 'price': 239.71, 'stopPrice': None, 'amount': 0.4, 'cost': 95.884, 'average': 239.71, 'filled': 0.4, 'remaining': 0.0, 'status': 'closed', 'fee': None, 'trades': [], 'fees': []}
[Binance 2022-06-25 09:01:24.752761] leverage for BTC/USDT: -2
{'symbol': 'BTCUSDT', 'leverage': '2', 'maxNotionalValue': '300000000'}
[Binance 2022-06-25 09:01:25.647782] {'info': {'orderId': '59776779667', 'symbol': 'BTCUSDT', 'status': 'FILLED', 'clientOrderId': 'x-xcKtGhcud54170597f7d9bef9d1c77', 'price': '0', 'avgPrice': '21207.90000', 'origQty': '0.009', 'executedQty': '0.009', 'cumQty': '0.009', 'cumQuote': '190.87110', 'timeInForce': 'GTC', 'type': 'MARKET', 'reduceOnly': False, 'closePosition': False, 'side': 'SELL', 'positionSide': 'BOTH', 'stopPrice': '0', 'workingType': 'CONTRACT_PRICE', 'priceProtect': False, 'origType': 'MARKET', 'updateTime': '1656115285619'}, 'id': '59776779667', 'clientOrderId': 'x-xcKtGhcud54170597f7d9bef9d1c77', 'timestamp': None, 'datetime': None, 'lastTradeTimestamp': None, 'symbol': 'BTC/USDT', 'type': 'market', 'timeInForce': 'GTC', 'postOnly': False, 'side': 'sell', 'price': 21207.9, 'stopPrice': None, 'amount': 0.009, 'cost': 190.8711, 'average': 21207.9, 'filled': 0.009, 'remaining': 0.0, 'status': 'closed', 'fee': None, 'trades': [], 'fees': []}
[Binance 2022-06-25 09:01:26.199375] leverage for ADA/USDT: -1
{'symbol': 'ADAUSDT', 'leverage': '1', 'maxNotionalValue': '50000000'}
[Binance 2022-06-25 09:01:27.051866] {'info': {'orderId': '23018593801', 'symbol': 'ADAUSDT', 'status': 'FILLED', 'clientOrderId': 'x-xcKtGhcuc2f90c86a5c531162e4f36', 'price': '0', 'avgPrice': '0.49700', 'origQty': '194', 'executedQty': '194', 'cumQty': '194', 'cumQuote': '96.41800', 'timeInForce': 'GTC', 'type': 'MARKET', 'reduceOnly': False, 'closePosition': False, 'side': 'SELL', 'positionSide': 'BOTH', 'stopPrice': '0', 'workingType': 'CONTRACT_PRICE', 'priceProtect': False, 'origType': 'MARKET', 'updateTime': '1656115287023'}, 'id': '23018593801', 'clientOrderId': 'x-xcKtGhcuc2f90c86a5c531162e4f36', 'timestamp': None, 'datetime': None, 'lastTradeTimestamp': None, 'symbol': 'ADA/USDT', 'type': 'market', 'timeInForce': 'GTC', 'postOnly': False, 'side': 'sell', 'price': 0.497, 'stopPrice': None, 'amount': 194.0, 'cost': 96.418, 'average': 0.497, 'filled': 194.0, 'remaining': 0.0, 'status': 'closed', 'fee': None, 'trades': [], 'fees': []}
[Binance 2022-06-25 09:01:27.535616] End trading
