[Binance 2022-06-07 09:00:02.313811] Start trading...
[Binance 2022-06-07 09:00:05.513050] Cancelled all orders
TRX/USDT 0.7189582121377244
[Binance 2022-06-07 09:01:16.846521] target amount: 92.112
[Binance 2022-06-07 09:01:16.914112] leverage for SAND/USDT: 0
[Binance 2022-06-07 09:01:16.980426] leverage for ETH/USDT: -1
{'symbol': 'ETHUSDT', 'leverage': '1', 'maxNotionalValue': '500000000'}
[Binance 2022-06-07 09:01:17.406990] {'info': {'orderId': '8389765524990528313', 'symbol': 'ETHUSDT', 'status': 'FILLED', 'clientOrderId': 'x-xcKtGhcu246ee896fcfdc7566cfdaa', 'price': '0', 'avgPrice': '1857.34000', 'origQty': '0.049', 'executedQty': '0.049', 'cumQty': '0.049', 'cumQuote': '91.00966', 'timeInForce': 'GTC', 'type': 'MARKET', 'reduceOnly': False, 'closePosition': False, 'side': 'SELL', 'positionSide': 'BOTH', 'stopPrice': '0', 'workingType': 'CONTRACT_PRICE', 'priceProtect': False, 'origType': 'MARKET', 'updateTime': '1654560077376'}, 'id': '8389765524990528313', 'clientOrderId': 'x-xcKtGhcu246ee896fcfdc7566cfdaa', 'timestamp': None, 'datetime': None, 'lastTradeTimestamp': None, 'symbol': 'ETH/USDT', 'type': 'market', 'timeInForce': 'GTC', 'postOnly': False, 'side': 'sell', 'price': 1857.34, 'stopPrice': None, 'amount': 0.049, 'cost': 91.00966, 'average': 1857.34, 'filled': 0.049, 'remaining': 0.0, 'status': 'closed', 'fee': None, 'trades': [], 'fees': []}
[Binance 2022-06-07 09:01:17.461903] leverage for BNB/USDT: -1
{'symbol': 'BNBUSDT', 'leverage': '1', 'maxNotionalValue': '50000000'}
[Binance 2022-06-07 09:01:17.808229] {'info': {'orderId': '39380298872', 'symbol': 'BNBUSDT', 'status': 'FILLED', 'clientOrderId': 'x-xcKtGhcu770e43422bddfbfd49406a', 'price': '0', 'avgPrice': '294.23000', 'origQty': '0.31', 'executedQty': '0.31', 'cumQty': '0.31', 'cumQuote': '91.21130', 'timeInForce': 'GTC', 'type': 'MARKET', 'reduceOnly': False, 'closePosition': False, 'side': 'SELL', 'positionSide': 'BOTH', 'stopPrice': '0', 'workingType': 'CONTRACT_PRICE', 'priceProtect': False, 'origType': 'MARKET', 'updateTime': '1654560077780'}, 'id': '39380298872', 'clientOrderId': 'x-xcKtGhcu770e43422bddfbfd49406a', 'timestamp': None, 'datetime': None, 'lastTradeTimestamp': None, 'symbol': 'BNB/USDT', 'type': 'market', 'timeInForce': 'GTC', 'postOnly': False, 'side': 'sell', 'price': 294.23, 'stopPrice': None, 'amount': 0.31, 'cost': 91.2113, 'average': 294.23, 'filled': 0.31, 'remaining': 0.0, 'status': 'closed', 'fee': None, 'trades': [], 'fees': []}
[Binance 2022-06-07 09:01:17.866206] leverage for DOT/USDT: -2
{'symbol': 'DOTUSDT', 'leverage': '2', 'maxNotionalValue': '50000000'}
[Binance 2022-06-07 09:01:18.209556] {'info': {'orderId': '14010686640', 'symbol': 'DOTUSDT', 'status': 'FILLED', 'clientOrderId': 'x-xcKtGhcu8f9abf3c1bbd7170de4fe6', 'price': '0', 'avgPrice': '9.4770', 'origQty': '19.4', 'executedQty': '19.4', 'cumQty': '19.4', 'cumQuote': '183.8538', 'timeInForce': 'GTC', 'type': 'MARKET', 'reduceOnly': False, 'closePosition': False, 'side': 'SELL', 'positionSide': 'BOTH', 'stopPrice': '0', 'workingType': 'CONTRACT_PRICE', 'priceProtect': False, 'origType': 'MARKET', 'updateTime': '1654560078180'}, 'id': '14010686640', 'clientOrderId': 'x-xcKtGhcu8f9abf3c1bbd7170de4fe6', 'timestamp': None, 'datetime': None, 'lastTradeTimestamp': None, 'symbol': 'DOT/USDT', 'type': 'market', 'timeInForce': 'GTC', 'postOnly': False, 'side': 'sell', 'price': 9.477, 'stopPrice': None, 'amount': 19.4, 'cost': 183.8538, 'average': 9.477, 'filled': 19.4, 'remaining': 0.0, 'status': 'closed', 'fee': None, 'trades': [], 'fees': []}
[Binance 2022-06-07 09:01:18.268824] leverage for SOL/USDT: -2
{'symbol': 'SOLUSDT', 'leverage': '2', 'maxNotionalValue': '10000000'}
[Binance 2022-06-07 09:01:18.622827] {'info': {'orderId': '13518917662', 'symbol': 'SOLUSDT', 'status': 'FILLED', 'clientOrderId': 'x-xcKtGhcu410b28892d74a07e812e5a', 'price': '0', 'avgPrice': '42.2000', 'origQty': '4', 'executedQty': '4', 'cumQty': '4', 'cumQuote': '168.8000', 'timeInForce': 'GTC', 'type': 'MARKET', 'reduceOnly': False, 'closePosition': False, 'side': 'SELL', 'positionSide': 'BOTH', 'stopPrice': '0', 'workingType': 'CONTRACT_PRICE', 'priceProtect': False, 'origType': 'MARKET', 'updateTime': '1654560078594'}, 'id': '13518917662', 'clientOrderId': 'x-xcKtGhcu410b28892d74a07e812e5a', 'timestamp': None, 'datetime': None, 'lastTradeTimestamp': None, 'symbol': 'SOL/USDT', 'type': 'market', 'timeInForce': 'GTC', 'postOnly': False, 'side': 'sell', 'price': 42.2, 'stopPrice': None, 'amount': 4.0, 'cost': 168.8, 'average': 42.2, 'filled': 4.0, 'remaining': 0.0, 'status': 'closed', 'fee': None, 'trades': [], 'fees': []}
[Binance 2022-06-07 09:01:18.680441] leverage for FTM/USDT: -2
{'symbol': 'FTMUSDT', 'leverage': '2', 'maxNotionalValue': '10000000'}
[Binance 2022-06-07 09:01:19.081673] {'info': {'orderId': '11183461389', 'symbol': 'FTMUSDT', 'status': 'FILLED', 'clientOrderId': 'x-xcKtGhcu371876c9b2c67da390a1e7', 'price': '0', 'avgPrice': '0.363500', 'origQty': '507', 'executedQty': '507', 'cumQty': '507', 'cumQuote': '184.294500', 'timeInForce': 'GTC', 'type': 'MARKET', 'reduceOnly': False, 'closePosition': False, 'side': 'SELL', 'positionSide': 'BOTH', 'stopPrice': '0', 'workingType': 'CONTRACT_PRICE', 'priceProtect': False, 'origType': 'MARKET', 'updateTime': '1654560079054'}, 'id': '11183461389', 'clientOrderId': 'x-xcKtGhcu371876c9b2c67da390a1e7', 'timestamp': None, 'datetime': None, 'lastTradeTimestamp': None, 'symbol': 'FTM/USDT', 'type': 'market', 'timeInForce': 'GTC', 'postOnly': False, 'side': 'sell', 'price': 0.3635, 'stopPrice': None, 'amount': 507.0, 'cost': 184.2945, 'average': 0.3635, 'filled': 507.0, 'remaining': 0.0, 'status': 'closed', 'fee': None, 'trades': [], 'fees': []}
[Binance 2022-06-07 09:01:19.139501] leverage for AXS/USDT: -2
{'symbol': 'AXSUSDT', 'leverage': '2', 'maxNotionalValue': '15000000'}
[Binance 2022-06-07 09:01:19.469484] {'info': {'orderId': '6206139048', 'symbol': 'AXSUSDT', 'status': 'FILLED', 'clientOrderId': 'x-xcKtGhcuc1f4bcd3fb0c1cd2f92ec9', 'price': '0', 'avgPrice': '20.61000', 'origQty': '8', 'executedQty': '8', 'cumQty': '8', 'cumQuote': '164.88000', 'timeInForce': 'GTC', 'type': 'MARKET', 'reduceOnly': False, 'closePosition': False, 'side': 'SELL', 'positionSide': 'BOTH', 'stopPrice': '0', 'workingType': 'CONTRACT_PRICE', 'priceProtect': False, 'origType': 'MARKET', 'updateTime': '1654560079441'}, 'id': '6206139048', 'clientOrderId': 'x-xcKtGhcuc1f4bcd3fb0c1cd2f92ec9', 'timestamp': None, 'datetime': None, 'lastTradeTimestamp': None, 'symbol': 'AXS/USDT', 'type': 'market', 'timeInForce': 'GTC', 'postOnly': False, 'side': 'sell', 'price': 20.61, 'stopPrice': None, 'amount': 8.0, 'cost': 164.88, 'average': 20.61, 'filled': 8.0, 'remaining': 0.0, 'status': 'closed', 'fee': None, 'trades': [], 'fees': []}
[Binance 2022-06-07 09:01:19.527038] leverage for EGLD/USDT: -1
{'symbol': 'EGLDUSDT', 'leverage': '1', 'maxNotionalValue': '50000000'}
[Binance 2022-06-07 09:01:19.859878] {'info': {'orderId': '4000077542', 'symbol': 'EGLDUSDT', 'status': 'FILLED', 'clientOrderId': 'x-xcKtGhcu9e4639c3d9fd7938b31d39', 'price': '0', 'avgPrice': '69.1400', 'origQty': '1.3', 'executedQty': '1.3', 'cumQty': '1.3', 'cumQuote': '89.8820', 'timeInForce': 'GTC', 'type': 'MARKET', 'reduceOnly': False, 'closePosition': False, 'side': 'SELL', 'positionSide': 'BOTH', 'stopPrice': '0', 'workingType': 'CONTRACT_PRICE', 'priceProtect': False, 'origType': 'MARKET', 'updateTime': '1654560079823'}, 'id': '4000077542', 'clientOrderId': 'x-xcKtGhcu9e4639c3d9fd7938b31d39', 'timestamp': None, 'datetime': None, 'lastTradeTimestamp': None, 'symbol': 'EGLD/USDT', 'type': 'market', 'timeInForce': 'GTC', 'postOnly': False, 'side': 'sell', 'price': 69.14, 'stopPrice': None, 'amount': 1.3, 'cost': 89.882, 'average': 69.14, 'filled': 1.3, 'remaining': 0.0, 'status': 'closed', 'fee': None, 'trades': [], 'fees': []}
[Binance 2022-06-07 09:01:19.859960] End trading
