[Binance 2022-05-31 09:00:02.161735] Start trading...
[Binance 2022-05-31 09:00:05.444058] Cancelled all orders
[Binance 2022-05-31 09:01:14.535495] target amount: 92.983
[Binance 2022-05-31 09:01:14.607132] leverage for XRP/USDT: -1
{'symbol': 'XRPUSDT', 'leverage': '1', 'maxNotionalValue': '50000000'}
[Binance 2022-05-31 09:01:14.991484] {'info': {'orderId': '21700407086', 'symbol': 'XRPUSDT', 'status': 'FILLED', 'clientOrderId': 'x-xcKtGhcufa8db5f139f3ff143e0c2d', 'price': '0', 'avgPrice': '0.41790', 'origQty': '222', 'executedQty': '222', 'cumQty': '222', 'cumQuote': '92.77380', 'timeInForce': 'GTC', 'type': 'MARKET', 'reduceOnly': False, 'closePosition': False, 'side': 'SELL', 'positionSide': 'BOTH', 'stopPrice': '0', 'workingType': 'CONTRACT_PRICE', 'priceProtect': False, 'origType': 'MARKET', 'updateTime': '1653955274965'}, 'id': '21700407086', 'clientOrderId': 'x-xcKtGhcufa8db5f139f3ff143e0c2d', 'timestamp': None, 'datetime': None, 'lastTradeTimestamp': None, 'symbol': 'XRP/USDT', 'type': 'market', 'timeInForce': 'GTC', 'postOnly': False, 'side': 'sell', 'price': 0.4179, 'stopPrice': None, 'amount': 222.0, 'cost': 92.7738, 'average': 0.4179, 'filled': 222.0, 'remaining': 0.0, 'status': 'closed', 'fee': None, 'trades': [], 'fees': []}
[Binance 2022-05-31 09:01:15.050521] leverage for BNB/USDT: 0
[Binance 2022-05-31 09:01:15.182768] leverage for ETH/USDT: 0
[Binance 2022-05-31 09:01:15.271411] leverage for KNC/USDT: 0
[Binance 2022-05-31 09:01:15.339833] leverage for NEAR/USDT: -2
{'symbol': 'NEARUSDT', 'leverage': '2', 'maxNotionalValue': '2000000'}
[Binance 2022-05-31 09:01:15.742129] {'info': {'orderId': '9762297848', 'symbol': 'NEARUSDT', 'status': 'FILLED', 'clientOrderId': 'x-xcKtGhcu11d6bb278b17e94c480477', 'price': '0', 'avgPrice': '5.7260', 'origQty': '32', 'executedQty': '32', 'cumQty': '32', 'cumQuote': '183.2320', 'timeInForce': 'GTC', 'type': 'MARKET', 'reduceOnly': False, 'closePosition': False, 'side': 'SELL', 'positionSide': 'BOTH', 'stopPrice': '0', 'workingType': 'CONTRACT_PRICE', 'priceProtect': False, 'origType': 'MARKET', 'updateTime': '1653955275715'}, 'id': '9762297848', 'clientOrderId': 'x-xcKtGhcu11d6bb278b17e94c480477', 'timestamp': None, 'datetime': None, 'lastTradeTimestamp': None, 'symbol': 'NEAR/USDT', 'type': 'market', 'timeInForce': 'GTC', 'postOnly': False, 'side': 'sell', 'price': 5.726, 'stopPrice': None, 'amount': 32.0, 'cost': 183.232, 'average': 5.726, 'filled': 32.0, 'remaining': 0.0, 'status': 'closed', 'fee': None, 'trades': [], 'fees': []}
[Binance 2022-05-31 09:01:15.817492] leverage for SOL/USDT: -2
{'symbol': 'SOLUSDT', 'leverage': '2', 'maxNotionalValue': '10000000'}
[Binance 2022-05-31 09:01:16.248442] {'info': {'orderId': '13306576075', 'symbol': 'SOLUSDT', 'status': 'FILLED', 'clientOrderId': 'x-xcKtGhcue4ba18d1eac53fea841b7b', 'price': '0', 'avgPrice': '47.1100', 'origQty': '3', 'executedQty': '3', 'cumQty': '3', 'cumQuote': '141.3300', 'timeInForce': 'GTC', 'type': 'MARKET', 'reduceOnly': False, 'closePosition': False, 'side': 'SELL', 'positionSide': 'BOTH', 'stopPrice': '0', 'workingType': 'CONTRACT_PRICE', 'priceProtect': False, 'origType': 'MARKET', 'updateTime': '1653955276223'}, 'id': '13306576075', 'clientOrderId': 'x-xcKtGhcue4ba18d1eac53fea841b7b', 'timestamp': None, 'datetime': None, 'lastTradeTimestamp': None, 'symbol': 'SOL/USDT', 'type': 'market', 'timeInForce': 'GTC', 'postOnly': False, 'side': 'sell', 'price': 47.11, 'stopPrice': None, 'amount': 3.0, 'cost': 141.33, 'average': 47.11, 'filled': 3.0, 'remaining': 0.0, 'status': 'closed', 'fee': None, 'trades': [], 'fees': []}
[Binance 2022-05-31 09:01:16.313870] leverage for FTM/USDT: 0
[Binance 2022-05-31 09:01:16.380709] leverage for AVAX/USDT: -2
{'symbol': 'AVAXUSDT', 'leverage': '2', 'maxNotionalValue': '10000000'}
[Binance 2022-05-31 09:01:16.719454] {'info': {'orderId': '9474254276', 'symbol': 'AVAXUSDT', 'status': 'FILLED', 'clientOrderId': 'x-xcKtGhcu87d0312193914141f5e507', 'price': '0', 'avgPrice': '27.5900', 'origQty': '6', 'executedQty': '6', 'cumQty': '6', 'cumQuote': '165.5400', 'timeInForce': 'GTC', 'type': 'MARKET', 'reduceOnly': False, 'closePosition': False, 'side': 'SELL', 'positionSide': 'BOTH', 'stopPrice': '0', 'workingType': 'CONTRACT_PRICE', 'priceProtect': False, 'origType': 'MARKET', 'updateTime': '1653955276693'}, 'id': '9474254276', 'clientOrderId': 'x-xcKtGhcu87d0312193914141f5e507', 'timestamp': None, 'datetime': None, 'lastTradeTimestamp': None, 'symbol': 'AVAX/USDT', 'type': 'market', 'timeInForce': 'GTC', 'postOnly': False, 'side': 'sell', 'price': 27.59, 'stopPrice': None, 'amount': 6.0, 'cost': 165.54, 'average': 27.59, 'filled': 6.0, 'remaining': 0.0, 'status': 'closed', 'fee': None, 'trades': [], 'fees': []}
[Binance 2022-05-31 09:01:16.719555] End trading
