[Binance 2022-06-03 09:00:02.247406] Start trading...
[Binance 2022-06-03 09:00:05.461316] Cancelled all orders
[Binance 2022-06-03 09:01:17.125260] target amount: 91.152
[Binance 2022-06-03 09:01:17.196312] leverage for XRP/USDT: -2
{'symbol': 'XRPUSDT', 'leverage': '2', 'maxNotionalValue': '20000000'}
[Binance 2022-06-03 09:01:17.638993] {'info': {'orderId': '21754919983', 'symbol': 'XRPUSDT', 'status': 'FILLED', 'clientOrderId': 'x-xcKtGhcu1b95143b700e4a8ff67b6d', 'price': '0', 'avgPrice': '0.40470', 'origQty': '450', 'executedQty': '450', 'cumQty': '450', 'cumQuote': '182.11500', 'timeInForce': 'GTC', 'type': 'MARKET', 'reduceOnly': False, 'closePosition': False, 'side': 'SELL', 'positionSide': 'BOTH', 'stopPrice': '0', 'workingType': 'CONTRACT_PRICE', 'priceProtect': False, 'origType': 'MARKET', 'updateTime': '1654214477677'}, 'id': '21754919983', 'clientOrderId': 'x-xcKtGhcu1b95143b700e4a8ff67b6d', 'timestamp': None, 'datetime': None, 'lastTradeTimestamp': None, 'symbol': 'XRP/USDT', 'type': 'market', 'timeInForce': 'GTC', 'postOnly': False, 'side': 'sell', 'price': 0.4047, 'stopPrice': None, 'amount': 450.0, 'cost': 182.115, 'average': 0.4047, 'filled': 450.0, 'remaining': 0.0, 'status': 'closed', 'fee': None, 'trades': [], 'fees': []}
[Binance 2022-06-03 09:01:17.702554] leverage for TRX/USDT: 0
[Binance 2022-06-03 09:01:17.762823] leverage for ETH/USDT: -2
{'symbol': 'ETHUSDT', 'leverage': '2', 'maxNotionalValue': '150000000'}
[Binance 2022-06-03 09:01:18.125049] {'info': {'orderId': '8389765524624148378', 'symbol': 'ETHUSDT', 'status': 'FILLED', 'clientOrderId': 'x-xcKtGhcua081dd1bb4fae378c6c0e2', 'price': '0', 'avgPrice': '1833.80000', 'origQty': '0.099', 'executedQty': '0.099', 'cumQty': '0.099', 'cumQuote': '181.54620', 'timeInForce': 'GTC', 'type': 'MARKET', 'reduceOnly': False, 'closePosition': False, 'side': 'SELL', 'positionSide': 'BOTH', 'stopPrice': '0', 'workingType': 'CONTRACT_PRICE', 'priceProtect': False, 'origType': 'MARKET', 'updateTime': '1654214478164'}, 'id': '8389765524624148378', 'clientOrderId': 'x-xcKtGhcua081dd1bb4fae378c6c0e2', 'timestamp': None, 'datetime': None, 'lastTradeTimestamp': None, 'symbol': 'ETH/USDT', 'type': 'market', 'timeInForce': 'GTC', 'postOnly': False, 'side': 'sell', 'price': 1833.8, 'stopPrice': None, 'amount': 0.099, 'cost': 181.5462, 'average': 1833.8, 'filled': 0.099, 'remaining': 0.0, 'status': 'closed', 'fee': None, 'trades': [], 'fees': []}
[Binance 2022-06-03 09:01:18.195627] leverage for BNB/USDT: -1
{'symbol': 'BNBUSDT', 'leverage': '1', 'maxNotionalValue': '50000000'}
[Binance 2022-06-03 09:01:18.555340] {'info': {'orderId': '39300578128', 'symbol': 'BNBUSDT', 'status': 'FILLED', 'clientOrderId': 'x-xcKtGhcud8fb7ee21c30cb9f9b1ed3', 'price': '0', 'avgPrice': '307.87000', 'origQty': '0.29', 'executedQty': '0.29', 'cumQty': '0.29', 'cumQuote': '89.28230', 'timeInForce': 'GTC', 'type': 'MARKET', 'reduceOnly': False, 'closePosition': False, 'side': 'SELL', 'positionSide': 'BOTH', 'stopPrice': '0', 'workingType': 'CONTRACT_PRICE', 'priceProtect': False, 'origType': 'MARKET', 'updateTime': '1654214478591'}, 'id': '39300578128', 'clientOrderId': 'x-xcKtGhcud8fb7ee21c30cb9f9b1ed3', 'timestamp': None, 'datetime': None, 'lastTradeTimestamp': None, 'symbol': 'BNB/USDT', 'type': 'market', 'timeInForce': 'GTC', 'postOnly': False, 'side': 'sell', 'price': 307.87, 'stopPrice': None, 'amount': 0.29, 'cost': 89.2823, 'average': 307.87, 'filled': 0.29, 'remaining': 0.0, 'status': 'closed', 'fee': None, 'trades': [], 'fees': []}
[Binance 2022-06-03 09:01:18.623216] leverage for FTM/USDT: -2
{'symbol': 'FTMUSDT', 'leverage': '2', 'maxNotionalValue': '10000000'}
[Binance 2022-06-03 09:01:18.996877] {'info': {'orderId': '11120170484', 'symbol': 'FTMUSDT', 'status': 'FILLED', 'clientOrderId': 'x-xcKtGhcua9a34a130e2fe9cae09721', 'price': '0', 'avgPrice': '0.379100', 'origQty': '481', 'executedQty': '481', 'cumQty': '481', 'cumQuote': '182.347100', 'timeInForce': 'GTC', 'type': 'MARKET', 'reduceOnly': False, 'closePosition': False, 'side': 'SELL', 'positionSide': 'BOTH', 'stopPrice': '0', 'workingType': 'CONTRACT_PRICE', 'priceProtect': False, 'origType': 'MARKET', 'updateTime': '1654214479035'}, 'id': '11120170484', 'clientOrderId': 'x-xcKtGhcua9a34a130e2fe9cae09721', 'timestamp': None, 'datetime': None, 'lastTradeTimestamp': None, 'symbol': 'FTM/USDT', 'type': 'market', 'timeInForce': 'GTC', 'postOnly': False, 'side': 'sell', 'price': 0.3791, 'stopPrice': None, 'amount': 481.0, 'cost': 182.3471, 'average': 0.3791, 'filled': 481.0, 'remaining': 0.0, 'status': 'closed', 'fee': None, 'trades': [], 'fees': []}
[Binance 2022-06-03 09:01:19.072451] leverage for SAND/USDT: 0
[Binance 2022-06-03 09:01:19.143610] leverage for ATOM/USDT: -2
{'symbol': 'ATOMUSDT', 'leverage': '2', 'maxNotionalValue': '2000000'}
[Binance 2022-06-03 09:01:19.524083] {'info': {'orderId': '12291450182', 'symbol': 'ATOMUSDT', 'status': 'FILLED', 'clientOrderId': 'x-xcKtGhcued5c9c811161730127f354', 'price': '0', 'avgPrice': '9.62506', 'origQty': '18.94', 'executedQty': '18.94', 'cumQty': '18.94', 'cumQuote': '182.29863', 'timeInForce': 'GTC', 'type': 'MARKET', 'reduceOnly': False, 'closePosition': False, 'side': 'SELL', 'positionSide': 'BOTH', 'stopPrice': '0', 'workingType': 'CONTRACT_PRICE', 'priceProtect': False, 'origType': 'MARKET', 'updateTime': '1654214479563'}, 'id': '12291450182', 'clientOrderId': 'x-xcKtGhcued5c9c811161730127f354', 'timestamp': None, 'datetime': None, 'lastTradeTimestamp': None, 'symbol': 'ATOM/USDT', 'type': 'market', 'timeInForce': 'GTC', 'postOnly': False, 'side': 'sell', 'price': 9.62506, 'stopPrice': None, 'amount': 18.94, 'cost': 182.29863, 'average': 9.62506, 'filled': 18.94, 'remaining': 0.0, 'status': 'closed', 'fee': None, 'trades': [], 'fees': []}
[Binance 2022-06-03 09:01:19.587023] leverage for SOL/USDT: -2
{'symbol': 'SOLUSDT', 'leverage': '2', 'maxNotionalValue': '10000000'}
[Binance 2022-06-03 09:01:19.948042] {'info': {'orderId': '13401368318', 'symbol': 'SOLUSDT', 'status': 'FILLED', 'clientOrderId': 'x-xcKtGhcu44564f568a27d89004b7da', 'price': '0', 'avgPrice': '40.8900', 'origQty': '4', 'executedQty': '4', 'cumQty': '4', 'cumQuote': '163.5600', 'timeInForce': 'GTC', 'type': 'MARKET', 'reduceOnly': False, 'closePosition': False, 'side': 'SELL', 'positionSide': 'BOTH', 'stopPrice': '0', 'workingType': 'CONTRACT_PRICE', 'priceProtect': False, 'origType': 'MARKET', 'updateTime': '1654214479987'}, 'id': '13401368318', 'clientOrderId': 'x-xcKtGhcu44564f568a27d89004b7da', 'timestamp': None, 'datetime': None, 'lastTradeTimestamp': None, 'symbol': 'SOL/USDT', 'type': 'market', 'timeInForce': 'GTC', 'postOnly': False, 'side': 'sell', 'price': 40.89, 'stopPrice': None, 'amount': 4.0, 'cost': 163.56, 'average': 40.89, 'filled': 4.0, 'remaining': 0.0, 'status': 'closed', 'fee': None, 'trades': [], 'fees': []}
[Binance 2022-06-03 09:01:19.948120] End trading
