[Binance 2022-06-01 09:00:02.831457] Start trading...
[Binance 2022-06-01 09:00:04.625425] Cancelled all orders
[Binance 2022-06-01 09:01:15.024925] target amount: 93.304
[Binance 2022-06-01 09:01:15.098297] leverage for DOT/USDT: 1
{'symbol': 'DOTUSDT', 'leverage': '1', 'maxNotionalValue': '100000000'}
[Binance 2022-06-01 09:01:15.577470] {'info': {'orderId': '13921753156', 'symbol': 'DOTUSDT', 'status': 'FILLED', 'clientOrderId': 'x-xcKtGhcufd548acfcbc94757af3b07', 'price': '0', 'avgPrice': '10.3440', 'origQty': '9', 'executedQty': '9', 'cumQty': '9', 'cumQuote': '93.0960', 'timeInForce': 'GTC', 'type': 'MARKET', 'reduceOnly': False, 'closePosition': False, 'side': 'BUY', 'positionSide': 'BOTH', 'stopPrice': '0', 'workingType': 'CONTRACT_PRICE', 'priceProtect': False, 'origType': 'MARKET', 'updateTime': '1654041675545'}, 'id': '13921753156', 'clientOrderId': 'x-xcKtGhcufd548acfcbc94757af3b07', 'timestamp': None, 'datetime': None, 'lastTradeTimestamp': None, 'symbol': 'DOT/USDT', 'type': 'market', 'timeInForce': 'GTC', 'postOnly': False, 'side': 'buy', 'price': 10.344, 'stopPrice': None, 'amount': 9.0, 'cost': 93.096, 'average': 10.344, 'filled': 9.0, 'remaining': 0.0, 'status': 'closed', 'fee': None, 'trades': [], 'fees': []}
[Binance 2022-06-01 09:01:15.639380] leverage for NEAR/USDT: -1
{'symbol': 'NEARUSDT', 'leverage': '1', 'maxNotionalValue': '30000000'}
[Binance 2022-06-01 09:01:16.017732] {'info': {'orderId': '9785404372', 'symbol': 'NEARUSDT', 'status': 'FILLED', 'clientOrderId': 'x-xcKtGhcucc461906219f099bf46b56', 'price': '0', 'avgPrice': '5.9530', 'origQty': '15', 'executedQty': '15', 'cumQty': '15', 'cumQuote': '89.2950', 'timeInForce': 'GTC', 'type': 'MARKET', 'reduceOnly': False, 'closePosition': False, 'side': 'SELL', 'positionSide': 'BOTH', 'stopPrice': '0', 'workingType': 'CONTRACT_PRICE', 'priceProtect': False, 'origType': 'MARKET', 'updateTime': '1654041675984'}, 'id': '9785404372', 'clientOrderId': 'x-xcKtGhcucc461906219f099bf46b56', 'timestamp': None, 'datetime': None, 'lastTradeTimestamp': None, 'symbol': 'NEAR/USDT', 'type': 'market', 'timeInForce': 'GTC', 'postOnly': False, 'side': 'sell', 'price': 5.953, 'stopPrice': None, 'amount': 15.0, 'cost': 89.295, 'average': 5.953, 'filled': 15.0, 'remaining': 0.0, 'status': 'closed', 'fee': None, 'trades': [], 'fees': []}
[Binance 2022-06-01 09:01:16.090607] leverage for GALA/USDT: 0
[Binance 2022-06-01 09:01:16.163317] leverage for ETH/USDT: 0
[Binance 2022-06-01 09:01:16.232600] leverage for BNB/USDT: 1
{'symbol': 'BNBUSDT', 'leverage': '1', 'maxNotionalValue': '50000000'}
[Binance 2022-06-01 09:01:16.592999] {'info': {'orderId': '39253709303', 'symbol': 'BNBUSDT', 'status': 'FILLED', 'clientOrderId': 'x-xcKtGhcuace57c583c9ba97361b416', 'price': '0', 'avgPrice': '320.99000', 'origQty': '0.29', 'executedQty': '0.29', 'cumQty': '0.29', 'cumQuote': '93.08710', 'timeInForce': 'GTC', 'type': 'MARKET', 'reduceOnly': False, 'closePosition': False, 'side': 'BUY', 'positionSide': 'BOTH', 'stopPrice': '0', 'workingType': 'CONTRACT_PRICE', 'priceProtect': False, 'origType': 'MARKET', 'updateTime': '1654041676561'}, 'id': '39253709303', 'clientOrderId': 'x-xcKtGhcuace57c583c9ba97361b416', 'timestamp': None, 'datetime': None, 'lastTradeTimestamp': None, 'symbol': 'BNB/USDT', 'type': 'market', 'timeInForce': 'GTC', 'postOnly': False, 'side': 'buy', 'price': 320.99, 'stopPrice': None, 'amount': 0.29, 'cost': 93.0871, 'average': 320.99, 'filled': 0.29, 'remaining': 0.0, 'status': 'closed', 'fee': None, 'trades': [], 'fees': []}
[Binance 2022-06-01 09:01:16.657926] leverage for FTM/USDT: 1
{'symbol': 'FTMUSDT', 'leverage': '1', 'maxNotionalValue': '50000000'}
[Binance 2022-06-01 09:01:16.989775] {'info': {'orderId': '11080744960', 'symbol': 'FTMUSDT', 'status': 'FILLED', 'clientOrderId': 'x-xcKtGhcua3488bc87b9f2458558abf', 'price': '0', 'avgPrice': '0.404000', 'origQty': '231', 'executedQty': '231', 'cumQty': '231', 'cumQuote': '93.324000', 'timeInForce': 'GTC', 'type': 'MARKET', 'reduceOnly': False, 'closePosition': False, 'side': 'BUY', 'positionSide': 'BOTH', 'stopPrice': '0', 'workingType': 'CONTRACT_PRICE', 'priceProtect': False, 'origType': 'MARKET', 'updateTime': '1654041676957'}, 'id': '11080744960', 'clientOrderId': 'x-xcKtGhcua3488bc87b9f2458558abf', 'timestamp': None, 'datetime': None, 'lastTradeTimestamp': None, 'symbol': 'FTM/USDT', 'type': 'market', 'timeInForce': 'GTC', 'postOnly': False, 'side': 'buy', 'price': 0.404, 'stopPrice': None, 'amount': 231.0, 'cost': 93.324, 'average': 0.404, 'filled': 231.0, 'remaining': 0.0, 'status': 'closed', 'fee': None, 'trades': [], 'fees': []}
[Binance 2022-06-01 09:01:17.056723] leverage for SOL/USDT: -1
{'symbol': 'SOLUSDT', 'leverage': '1', 'maxNotionalValue': '50000000'}
[Binance 2022-06-01 09:01:17.537997] {'info': {'orderId': '13336960357', 'symbol': 'SOLUSDT', 'status': 'FILLED', 'clientOrderId': 'x-xcKtGhcucc0e37040670b72256638b', 'price': '0', 'avgPrice': '45.7700', 'origQty': '2', 'executedQty': '2', 'cumQty': '2', 'cumQuote': '91.5400', 'timeInForce': 'GTC', 'type': 'MARKET', 'reduceOnly': False, 'closePosition': False, 'side': 'SELL', 'positionSide': 'BOTH', 'stopPrice': '0', 'workingType': 'CONTRACT_PRICE', 'priceProtect': False, 'origType': 'MARKET', 'updateTime': '1654041677506'}, 'id': '13336960357', 'clientOrderId': 'x-xcKtGhcucc0e37040670b72256638b', 'timestamp': None, 'datetime': None, 'lastTradeTimestamp': None, 'symbol': 'SOL/USDT', 'type': 'market', 'timeInForce': 'GTC', 'postOnly': False, 'side': 'sell', 'price': 45.77, 'stopPrice': None, 'amount': 2.0, 'cost': 91.54, 'average': 45.77, 'filled': 2.0, 'remaining': 0.0, 'status': 'closed', 'fee': None, 'trades': [], 'fees': []}
[Binance 2022-06-01 09:01:17.599102] leverage for AVAX/USDT: -1
{'symbol': 'AVAXUSDT', 'leverage': '1', 'maxNotionalValue': '50000000'}
[Binance 2022-06-01 09:01:18.031744] {'info': {'orderId': '9501610131', 'symbol': 'AVAXUSDT', 'status': 'FILLED', 'clientOrderId': 'x-xcKtGhcu6a130b19fb9b76fc059f5e', 'price': '0', 'avgPrice': '26.4300', 'origQty': '3', 'executedQty': '3', 'cumQty': '3', 'cumQuote': '79.2900', 'timeInForce': 'GTC', 'type': 'MARKET', 'reduceOnly': False, 'closePosition': False, 'side': 'SELL', 'positionSide': 'BOTH', 'stopPrice': '0', 'workingType': 'CONTRACT_PRICE', 'priceProtect': False, 'origType': 'MARKET', 'updateTime': '1654041678000'}, 'id': '9501610131', 'clientOrderId': 'x-xcKtGhcu6a130b19fb9b76fc059f5e', 'timestamp': None, 'datetime': None, 'lastTradeTimestamp': None, 'symbol': 'AVAX/USDT', 'type': 'market', 'timeInForce': 'GTC', 'postOnly': False, 'side': 'sell', 'price': 26.43, 'stopPrice': None, 'amount': 3.0, 'cost': 79.29, 'average': 26.43, 'filled': 3.0, 'remaining': 0.0, 'status': 'closed', 'fee': None, 'trades': [], 'fees': []}
[Binance 2022-06-01 09:01:18.031865] End trading
