[Binance 2022-06-28 09:00:02.905645] Start trading...
[Binance 2022-06-28 09:00:06.767195] Cancelled all orders
[Binance 2022-06-28 09:01:16.783447] target amount: 97.891
[Binance 2022-06-28 09:01:17.338586] leverage for BNB/USDT: 0
[Binance 2022-06-28 09:01:17.917563] leverage for ETH/USDT: -1
{'symbol': 'ETHUSDT', 'leverage': '1', 'maxNotionalValue': '500000000'}
[Binance 2022-06-28 09:01:18.925312] {'info': {'orderId': '8389765527929522689', 'symbol': 'ETHUSDT', 'status': 'FILLED', 'clientOrderId': 'x-xcKtGhcu74983d86940c54043f0202', 'price': '0', 'avgPrice': '1190.74000', 'origQty': '0.082', 'executedQty': '0.082', 'cumQty': '0.082', 'cumQuote': '97.64068', 'timeInForce': 'GTC', 'type': 'MARKET', 'reduceOnly': False, 'closePosition': False, 'side': 'SELL', 'positionSide': 'BOTH', 'stopPrice': '0', 'workingType': 'CONTRACT_PRICE', 'priceProtect': False, 'origType': 'MARKET', 'updateTime': '1656374478901'}, 'id': '8389765527929522689', 'clientOrderId': 'x-xcKtGhcu74983d86940c54043f0202', 'timestamp': None, 'datetime': None, 'lastTradeTimestamp': None, 'symbol': 'ETH/USDT', 'type': 'market', 'timeInForce': 'GTC', 'postOnly': False, 'side': 'sell', 'price': 1190.74, 'stopPrice': None, 'amount': 0.082, 'cost': 97.64068, 'average': 1190.74, 'filled': 0.082, 'remaining': 0.0, 'status': 'closed', 'fee': None, 'trades': [], 'fees': []}
[Binance 2022-06-28 09:01:19.556955] leverage for ETC/USDT: 0
[Binance 2022-06-28 09:01:20.159428] leverage for BTC/USDT: -1
{'symbol': 'BTCUSDT', 'leverage': '1', 'maxNotionalValue': 'INF'}
[Binance 2022-06-28 09:01:21.262328] {'info': {'orderId': '60181489030', 'symbol': 'BTCUSDT', 'status': 'FILLED', 'clientOrderId': 'x-xcKtGhcu719ba8070255e9b5ddb35c', 'price': '0', 'avgPrice': '20723.50000', 'origQty': '0.004', 'executedQty': '0.004', 'cumQty': '0.004', 'cumQuote': '82.89400', 'timeInForce': 'GTC', 'type': 'MARKET', 'reduceOnly': False, 'closePosition': False, 'side': 'SELL', 'positionSide': 'BOTH', 'stopPrice': '0', 'workingType': 'CONTRACT_PRICE', 'priceProtect': False, 'origType': 'MARKET', 'updateTime': '1656374481238'}, 'id': '60181489030', 'clientOrderId': 'x-xcKtGhcu719ba8070255e9b5ddb35c', 'timestamp': None, 'datetime': None, 'lastTradeTimestamp': None, 'symbol': 'BTC/USDT', 'type': 'market', 'timeInForce': 'GTC', 'postOnly': False, 'side': 'sell', 'price': 20723.5, 'stopPrice': None, 'amount': 0.004, 'cost': 82.894, 'average': 20723.5, 'filled': 0.004, 'remaining': 0.0, 'status': 'closed', 'fee': None, 'trades': [], 'fees': []}
[Binance 2022-06-28 09:01:21.823013] leverage for ADA/USDT: -1
{'symbol': 'ADAUSDT', 'leverage': '1', 'maxNotionalValue': '50000000'}
[Binance 2022-06-28 09:01:23.752170] {'info': {'orderId': '23070408077', 'symbol': 'ADAUSDT', 'status': 'FILLED', 'clientOrderId': 'x-xcKtGhcu5b9cf47bcc99d1bf907621', 'price': '0', 'avgPrice': '0.48460', 'origQty': '202', 'executedQty': '202', 'cumQty': '202', 'cumQuote': '97.88920', 'timeInForce': 'GTC', 'type': 'MARKET', 'reduceOnly': False, 'closePosition': False, 'side': 'SELL', 'positionSide': 'BOTH', 'stopPrice': '0', 'workingType': 'CONTRACT_PRICE', 'priceProtect': False, 'origType': 'MARKET', 'updateTime': '1656374483728'}, 'id': '23070408077', 'clientOrderId': 'x-xcKtGhcu5b9cf47bcc99d1bf907621', 'timestamp': None, 'datetime': None, 'lastTradeTimestamp': None, 'symbol': 'ADA/USDT', 'type': 'market', 'timeInForce': 'GTC', 'postOnly': False, 'side': 'sell', 'price': 0.4846, 'stopPrice': None, 'amount': 202.0, 'cost': 97.8892, 'average': 0.4846, 'filled': 202.0, 'remaining': 0.0, 'status': 'closed', 'fee': None, 'trades': [], 'fees': []}
[Binance 2022-06-28 09:01:24.349512] leverage for RSR/USDT: 0
[Binance 2022-06-28 09:01:24.908611] leverage for DOT/USDT: -1
{'symbol': 'DOTUSDT', 'leverage': '1', 'maxNotionalValue': '100000000'}
[Binance 2022-06-28 09:01:25.743442] {'info': {'orderId': '14351534631', 'symbol': 'DOTUSDT', 'status': 'FILLED', 'clientOrderId': 'x-xcKtGhcu245dd769516422e1264a77', 'price': '0', 'avgPrice': '7.7192', 'origQty': '12.6', 'executedQty': '12.6', 'cumQty': '12.6', 'cumQuote': '97.2613', 'timeInForce': 'GTC', 'type': 'MARKET', 'reduceOnly': False, 'closePosition': False, 'side': 'SELL', 'positionSide': 'BOTH', 'stopPrice': '0', 'workingType': 'CONTRACT_PRICE', 'priceProtect': False, 'origType': 'MARKET', 'updateTime': '1656374485719'}, 'id': '14351534631', 'clientOrderId': 'x-xcKtGhcu245dd769516422e1264a77', 'timestamp': None, 'datetime': None, 'lastTradeTimestamp': None, 'symbol': 'DOT/USDT', 'type': 'market', 'timeInForce': 'GTC', 'postOnly': False, 'side': 'sell', 'price': 7.7192, 'stopPrice': None, 'amount': 12.6, 'cost': 97.2613, 'average': 7.7192, 'filled': 12.6, 'remaining': 0.0, 'status': 'closed', 'fee': None, 'trades': [], 'fees': []}
[Binance 2022-06-28 09:01:26.293123] leverage for LINK/USDT: -1
{'symbol': 'LINKUSDT', 'leverage': '1', 'maxNotionalValue': '50000000'}
[Binance 2022-06-28 09:01:27.120201] {'info': {'orderId': '20053181571', 'symbol': 'LINKUSDT', 'status': 'FILLED', 'clientOrderId': 'x-xcKtGhcuc83af5149e9f3ee27856a3', 'price': '0', 'avgPrice': '6.53500', 'origQty': '14.98', 'executedQty': '14.98', 'cumQty': '14.98', 'cumQuote': '97.89430', 'timeInForce': 'GTC', 'type': 'MARKET', 'reduceOnly': False, 'closePosition': False, 'side': 'SELL', 'positionSide': 'BOTH', 'stopPrice': '0', 'workingType': 'CONTRACT_PRICE', 'priceProtect': False, 'origType': 'MARKET', 'updateTime': '1656374487096'}, 'id': '20053181571', 'clientOrderId': 'x-xcKtGhcuc83af5149e9f3ee27856a3', 'timestamp': None, 'datetime': None, 'lastTradeTimestamp': None, 'symbol': 'LINK/USDT', 'type': 'market', 'timeInForce': 'GTC', 'postOnly': False, 'side': 'sell', 'price': 6.535, 'stopPrice': None, 'amount': 14.98, 'cost': 97.8943, 'average': 6.535, 'filled': 14.98, 'remaining': 0.0, 'status': 'closed', 'fee': None, 'trades': [], 'fees': []}
[Binance 2022-06-28 09:01:27.598056] End trading
