[Binance 2022-07-06 09:00:02.700767] Start trading...
[Binance 2022-07-06 09:00:05.103841] Cancelled all orders
[Binance 2022-07-06 09:01:15.666043] target amount: 92.007
[Binance 2022-07-06 09:01:16.205087] leverage for AVAX/USDT: 0
[Binance 2022-07-06 09:01:16.783285] leverage for NEAR/USDT: -1
{'symbol': 'NEARUSDT', 'leverage': '1', 'maxNotionalValue': '5000000'}
[Binance 2022-07-06 09:01:17.746387] {'info': {'orderId': '10379074938', 'symbol': 'NEARUSDT', 'status': 'FILLED', 'clientOrderId': 'x-xcKtGhcua343e02aae6dafb603bbf5', 'price': '0', 'avgPrice': '3.3950', 'origQty': '27', 'executedQty': '27', 'cumQty': '27', 'cumQuote': '91.6650', 'timeInForce': 'GTC', 'type': 'MARKET', 'reduceOnly': False, 'closePosition': False, 'side': 'SELL', 'positionSide': 'BOTH', 'stopPrice': '0', 'workingType': 'CONTRACT_PRICE', 'priceProtect': False, 'origType': 'MARKET', 'updateTime': '1657065677733'}, 'id': '10379074938', 'clientOrderId': 'x-xcKtGhcua343e02aae6dafb603bbf5', 'timestamp': None, 'datetime': None, 'lastTradeTimestamp': None, 'symbol': 'NEAR/USDT', 'type': 'market', 'timeInForce': 'GTC', 'postOnly': False, 'side': 'sell', 'price': 3.395, 'stopPrice': None, 'amount': 27.0, 'cost': 91.665, 'average': 3.395, 'filled': 27.0, 'remaining': 0.0, 'status': 'closed', 'fee': None, 'trades': [], 'fees': []}
[Binance 2022-07-06 09:01:18.314449] leverage for ETH/USDT: 0
[Binance 2022-07-06 09:01:18.855203] leverage for ADA/USDT: -1
{'symbol': 'ADAUSDT', 'leverage': '1', 'maxNotionalValue': '50000000'}
[Binance 2022-07-06 09:01:19.648221] {'info': {'orderId': '23204019069', 'symbol': 'ADAUSDT', 'status': 'FILLED', 'clientOrderId': 'x-xcKtGhcu712c675bd2dae83fe8d38f', 'price': '0', 'avgPrice': '0.45690', 'origQty': '201', 'executedQty': '201', 'cumQty': '201', 'cumQuote': '91.83690', 'timeInForce': 'GTC', 'type': 'MARKET', 'reduceOnly': False, 'closePosition': False, 'side': 'SELL', 'positionSide': 'BOTH', 'stopPrice': '0', 'workingType': 'CONTRACT_PRICE', 'priceProtect': False, 'origType': 'MARKET', 'updateTime': '1657065679632'}, 'id': '23204019069', 'clientOrderId': 'x-xcKtGhcu712c675bd2dae83fe8d38f', 'timestamp': None, 'datetime': None, 'lastTradeTimestamp': None, 'symbol': 'ADA/USDT', 'type': 'market', 'timeInForce': 'GTC', 'postOnly': False, 'side': 'sell', 'price': 0.4569, 'stopPrice': None, 'amount': 201.0, 'cost': 91.8369, 'average': 0.4569, 'filled': 201.0, 'remaining': 0.0, 'status': 'closed', 'fee': None, 'trades': [], 'fees': []}
[Binance 2022-07-06 09:01:20.186323] leverage for WAVES/USDT: -1
{'symbol': 'WAVESUSDT', 'leverage': '1', 'maxNotionalValue': '5000000'}
[Binance 2022-07-06 09:01:21.129616] {'info': {'orderId': '8506259829', 'symbol': 'WAVESUSDT', 'status': 'FILLED', 'clientOrderId': 'x-xcKtGhcu93055c4e0b1706f37ded02', 'price': '0', 'avgPrice': '5.25300', 'origQty': '17.5', 'executedQty': '17.5', 'cumQty': '17.5', 'cumQuote': '91.92750', 'timeInForce': 'GTC', 'type': 'MARKET', 'reduceOnly': False, 'closePosition': False, 'side': 'SELL', 'positionSide': 'BOTH', 'stopPrice': '0', 'workingType': 'CONTRACT_PRICE', 'priceProtect': False, 'origType': 'MARKET', 'updateTime': '1657065681114'}, 'id': '8506259829', 'clientOrderId': 'x-xcKtGhcu93055c4e0b1706f37ded02', 'timestamp': None, 'datetime': None, 'lastTradeTimestamp': None, 'symbol': 'WAVES/USDT', 'type': 'market', 'timeInForce': 'GTC', 'postOnly': False, 'side': 'sell', 'price': 5.253, 'stopPrice': None, 'amount': 17.5, 'cost': 91.9275, 'average': 5.253, 'filled': 17.5, 'remaining': 0.0, 'status': 'closed', 'fee': None, 'trades': [], 'fees': []}
[Binance 2022-07-06 09:01:21.694366] leverage for XRP/USDT: -1
{'symbol': 'XRPUSDT', 'leverage': '1', 'maxNotionalValue': '50000000'}
[Binance 2022-07-06 09:01:22.524778] {'info': {'orderId': '22249172739', 'symbol': 'XRPUSDT', 'status': 'FILLED', 'clientOrderId': 'x-xcKtGhcu7a715f48844ac99f83b393', 'price': '0', 'avgPrice': '0.32510', 'origQty': '283', 'executedQty': '283', 'cumQty': '283', 'cumQuote': '92.00330', 'timeInForce': 'GTC', 'type': 'MARKET', 'reduceOnly': False, 'closePosition': False, 'side': 'SELL', 'positionSide': 'BOTH', 'stopPrice': '0', 'workingType': 'CONTRACT_PRICE', 'priceProtect': False, 'origType': 'MARKET', 'updateTime': '1657065682509'}, 'id': '22249172739', 'clientOrderId': 'x-xcKtGhcu7a715f48844ac99f83b393', 'timestamp': None, 'datetime': None, 'lastTradeTimestamp': None, 'symbol': 'XRP/USDT', 'type': 'market', 'timeInForce': 'GTC', 'postOnly': False, 'side': 'sell', 'price': 0.3251, 'stopPrice': None, 'amount': 283.0, 'cost': 92.0033, 'average': 0.3251, 'filled': 283.0, 'remaining': 0.0, 'status': 'closed', 'fee': None, 'trades': [], 'fees': []}
[Binance 2022-07-06 09:01:23.068258] leverage for FTM/USDT: -1
{'symbol': 'FTMUSDT', 'leverage': '1', 'maxNotionalValue': '8000000'}
[Binance 2022-07-06 09:01:23.893345] {'info': {'orderId': '11771306934', 'symbol': 'FTMUSDT', 'status': 'FILLED', 'clientOrderId': 'x-xcKtGhcuafce311fe218307cfd2020', 'price': '0', 'avgPrice': '0.257900', 'origQty': '356', 'executedQty': '356', 'cumQty': '356', 'cumQuote': '91.812400', 'timeInForce': 'GTC', 'type': 'MARKET', 'reduceOnly': False, 'closePosition': False, 'side': 'SELL', 'positionSide': 'BOTH', 'stopPrice': '0', 'workingType': 'CONTRACT_PRICE', 'priceProtect': False, 'origType': 'MARKET', 'updateTime': '1657065683879'}, 'id': '11771306934', 'clientOrderId': 'x-xcKtGhcuafce311fe218307cfd2020', 'timestamp': None, 'datetime': None, 'lastTradeTimestamp': None, 'symbol': 'FTM/USDT', 'type': 'market', 'timeInForce': 'GTC', 'postOnly': False, 'side': 'sell', 'price': 0.2579, 'stopPrice': None, 'amount': 356.0, 'cost': 91.8124, 'average': 0.2579, 'filled': 356.0, 'remaining': 0.0, 'status': 'closed', 'fee': None, 'trades': [], 'fees': []}
[Binance 2022-07-06 09:01:24.544106] leverage for DOT/USDT: -1
{'symbol': 'DOTUSDT', 'leverage': '1', 'maxNotionalValue': '100000000'}
[Binance 2022-07-06 09:01:25.458439] {'info': {'orderId': '14453026293', 'symbol': 'DOTUSDT', 'status': 'FILLED', 'clientOrderId': 'x-xcKtGhcub538b38786c78f82a1b9b6', 'price': '0', 'avgPrice': '6.8410', 'origQty': '13.4', 'executedQty': '13.4', 'cumQty': '13.4', 'cumQuote': '91.6694', 'timeInForce': 'GTC', 'type': 'MARKET', 'reduceOnly': False, 'closePosition': False, 'side': 'SELL', 'positionSide': 'BOTH', 'stopPrice': '0', 'workingType': 'CONTRACT_PRICE', 'priceProtect': False, 'origType': 'MARKET', 'updateTime': '1657065685442'}, 'id': '14453026293', 'clientOrderId': 'x-xcKtGhcub538b38786c78f82a1b9b6', 'timestamp': None, 'datetime': None, 'lastTradeTimestamp': None, 'symbol': 'DOT/USDT', 'type': 'market', 'timeInForce': 'GTC', 'postOnly': False, 'side': 'sell', 'price': 6.841, 'stopPrice': None, 'amount': 13.4, 'cost': 91.6694, 'average': 6.841, 'filled': 13.4, 'remaining': 0.0, 'status': 'closed', 'fee': None, 'trades': [], 'fees': []}
[Binance 2022-07-06 09:01:25.964479] End trading
