[Binance 2022-04-28 09:00:03.302128] Start trading...
[Binance 2022-04-28 09:00:07.814491] Cancelled all orders
GRT/USDT 0.7008609441868818
1000SHIB/USDT 0.704353103071034
[Binance 2022-04-28 09:01:22.386841] target amoung: 135.548
[Binance 2022-04-28 09:01:22.924230] leverage for GALA/USDT: -2
{'symbol': 'GALAUSDT', 'leverage': '2', 'maxNotionalValue': '2000000'}
[Binance 2022-04-28 09:01:23.779663] {'info': {'orderId': '5202104949', 'symbol': 'GALAUSDT', 'status': 'FILLED', 'clientOrderId': 'x-xcKtGhcu1434cf361a3b76339da6f3', 'price': '0', 'avgPrice': '0.17211', 'origQty': '1575', 'executedQty': '1575', 'cumQty': '1575', 'cumQuote': '271.08000', 'timeInForce': 'GTC', 'type': 'MARKET', 'reduceOnly': False, 'closePosition': False, 'side': 'SELL', 'positionSide': 'BOTH', 'stopPrice': '0', 'workingType': 'CONTRACT_PRICE', 'priceProtect': False, 'origType': 'MARKET', 'updateTime': '1651104083757'}, 'id': '5202104949', 'clientOrderId': 'x-xcKtGhcu1434cf361a3b76339da6f3', 'timestamp': None, 'datetime': None, 'lastTradeTimestamp': None, 'symbol': 'GALA/USDT', 'type': 'market', 'timeInForce': 'GTC', 'postOnly': False, 'side': 'sell', 'price': 0.17211, 'stopPrice': None, 'amount': 1575.0, 'cost': 271.08, 'average': 0.17211, 'filled': 1575.0, 'remaining': 0.0, 'status': 'closed', 'fee': None, 'trades': [], 'fees': []}
[Binance 2022-04-28 09:01:24.318743] leverage for OGN/USDT: -2
{'symbol': 'OGNUSDT', 'leverage': '2', 'maxNotionalValue': '1000000'}
[Binance 2022-04-28 09:01:25.139021] {'info': {'orderId': '1720780003', 'symbol': 'OGNUSDT', 'status': 'FILLED', 'clientOrderId': 'x-xcKtGhcu8d553c8127a3d6b751fee', 'price': '0', 'avgPrice': '0.5397', 'origQty': '502', 'executedQty': '502', 'cumQty': '502', 'cumQuote': '270.9294', 'timeInForce': 'GTC', 'type': 'MARKET', 'reduceOnly': False, 'closePosition': False, 'side': 'SELL', 'positionSide': 'BOTH', 'stopPrice': '0', 'workingType': 'CONTRACT_PRICE', 'priceProtect': False, 'origType': 'MARKET', 'updateTime': '1651104085117'}, 'id': '1720780003', 'clientOrderId': 'x-xcKtGhcu8d553c8127a3d6b751fee', 'timestamp': None, 'datetime': None, 'lastTradeTimestamp': None, 'symbol': 'OGN/USDT', 'type': 'market', 'timeInForce': 'GTC', 'postOnly': False, 'side': 'sell', 'price': 0.5397, 'stopPrice': None, 'amount': 502.0, 'cost': 270.9294, 'average': 0.5397, 'filled': 502.0, 'remaining': 0.0, 'status': 'closed', 'fee': None, 'trades': [], 'fees': []}
[Binance 2022-04-28 09:01:25.676279] leverage for XRP/USDT: -2
{'symbol': 'XRPUSDT', 'leverage': '2', 'maxNotionalValue': '20000000'}
[Binance 2022-04-28 09:01:26.476418] {'info': {'orderId': '21101825527', 'symbol': 'XRPUSDT', 'status': 'FILLED', 'clientOrderId': 'x-xcKtGhcu8621f7f5b915cb0cdde43', 'price': '0', 'avgPrice': '0.65090', 'origQty': '416', 'executedQty': '416', 'cumQty': '416', 'cumQuote': '270.77440', 'timeInForce': 'GTC', 'type': 'MARKET', 'reduceOnly': False, 'closePosition': False, 'side': 'SELL', 'positionSide': 'BOTH', 'stopPrice': '0', 'workingType': 'CONTRACT_PRICE', 'priceProtect': False, 'origType': 'MARKET', 'updateTime': '1651104086454'}, 'id': '21101825527', 'clientOrderId': 'x-xcKtGhcu8621f7f5b915cb0cdde43', 'timestamp': None, 'datetime': None, 'lastTradeTimestamp': None, 'symbol': 'XRP/USDT', 'type': 'market', 'timeInForce': 'GTC', 'postOnly': False, 'side': 'sell', 'price': 0.6509, 'stopPrice': None, 'amount': 416.0, 'cost': 270.7744, 'average': 0.6509, 'filled': 416.0, 'remaining': 0.0, 'status': 'closed', 'fee': None, 'trades': [], 'fees': []}
[Binance 2022-04-28 09:01:27.022977] leverage for FTM/USDT: -2
{'symbol': 'FTMUSDT', 'leverage': '2', 'maxNotionalValue': '10000000'}
[Binance 2022-04-28 09:01:27.851504] {'info': {'orderId': '10208438967', 'symbol': 'FTMUSDT', 'status': 'FILLED', 'clientOrderId': 'x-xcKtGhcu923682a6189f2e7688eada', 'price': '0', 'avgPrice': '0.985000', 'origQty': '275', 'executedQty': '275', 'cumQty': '275', 'cumQuote': '270.875000', 'timeInForce': 'GTC', 'type': 'MARKET', 'reduceOnly': False, 'closePosition': False, 'side': 'SELL', 'positionSide': 'BOTH', 'stopPrice': '0', 'workingType': 'CONTRACT_PRICE', 'priceProtect': False, 'origType': 'MARKET', 'updateTime': '1651104087828'}, 'id': '10208438967', 'clientOrderId': 'x-xcKtGhcu923682a6189f2e7688eada', 'timestamp': None, 'datetime': None, 'lastTradeTimestamp': None, 'symbol': 'FTM/USDT', 'type': 'market', 'timeInForce': 'GTC', 'postOnly': False, 'side': 'sell', 'price': 0.985, 'stopPrice': None, 'amount': 275.0, 'cost': 270.875, 'average': 0.985, 'filled': 275.0, 'remaining': 0.0, 'status': 'closed', 'fee': None, 'trades': [], 'fees': []}
[Binance 2022-04-28 09:01:28.387097] leverage for ZRX/USDT: 0
[Binance 2022-04-28 09:01:28.965664] leverage for WAVES/USDT: -2
{'symbol': 'WAVESUSDT', 'leverage': '2', 'maxNotionalValue': '1000000'}
[Binance 2022-04-28 09:01:29.776216] {'info': {'orderId': '6808759785', 'symbol': 'WAVESUSDT', 'status': 'FILLED', 'clientOrderId': 'x-xcKtGhcu1d3ef7879d7cb86f15eff3', 'price': '0', 'avgPrice': '16.06800', 'origQty': '16.8', 'executedQty': '16.8', 'cumQty': '16.8', 'cumQuote': '269.94240', 'timeInForce': 'GTC', 'type': 'MARKET', 'reduceOnly': False, 'closePosition': False, 'side': 'SELL', 'positionSide': 'BOTH', 'stopPrice': '0', 'workingType': 'CONTRACT_PRICE', 'priceProtect': False, 'origType': 'MARKET', 'updateTime': '1651104089754'}, 'id': '6808759785', 'clientOrderId': 'x-xcKtGhcu1d3ef7879d7cb86f15eff3', 'timestamp': None, 'datetime': None, 'lastTradeTimestamp': None, 'symbol': 'WAVES/USDT', 'type': 'market', 'timeInForce': 'GTC', 'postOnly': False, 'side': 'sell', 'price': 16.068, 'stopPrice': None, 'amount': 16.8, 'cost': 269.9424, 'average': 16.068, 'filled': 16.8, 'remaining': 0.0, 'status': 'closed', 'fee': None, 'trades': [], 'fees': []}
[Binance 2022-04-28 09:01:30.323310] leverage for NEAR/USDT: -2
{'symbol': 'NEARUSDT', 'leverage': '2', 'maxNotionalValue': '2000000'}
[Binance 2022-04-28 09:01:31.216278] {'info': {'orderId': '8792167142', 'symbol': 'NEARUSDT', 'status': 'FILLED', 'clientOrderId': 'x-xcKtGhcubd37ac01c2561b90de5f6f', 'price': '0', 'avgPrice': '12.8410', 'origQty': '21', 'executedQty': '21', 'cumQty': '21', 'cumQuote': '269.6610', 'timeInForce': 'GTC', 'type': 'MARKET', 'reduceOnly': False, 'closePosition': False, 'side': 'SELL', 'positionSide': 'BOTH', 'stopPrice': '0', 'workingType': 'CONTRACT_PRICE', 'priceProtect': False, 'origType': 'MARKET', 'updateTime': '1651104091193'}, 'id': '8792167142', 'clientOrderId': 'x-xcKtGhcubd37ac01c2561b90de5f6f', 'timestamp': None, 'datetime': None, 'lastTradeTimestamp': None, 'symbol': 'NEAR/USDT', 'type': 'market', 'timeInForce': 'GTC', 'postOnly': False, 'side': 'sell', 'price': 12.841, 'stopPrice': None, 'amount': 21.0, 'cost': 269.661, 'average': 12.841, 'filled': 21.0, 'remaining': 0.0, 'status': 'closed', 'fee': None, 'trades': [], 'fees': []}
[Binance 2022-04-28 09:01:31.744919] leverage for ZIL/USDT: -2
{'symbol': 'ZILUSDT', 'leverage': '2', 'maxNotionalValue': '2000000'}
[Binance 2022-04-28 09:01:32.658615] {'info': {'orderId': '6063477855', 'symbol': 'ZILUSDT', 'status': 'FILLED', 'clientOrderId': 'x-xcKtGhcudb8e48b4e52a0ba930f6eb', 'price': '0', 'avgPrice': '0.09399', 'origQty': '2883', 'executedQty': '2883', 'cumQty': '2883', 'cumQuote': '270.97318', 'timeInForce': 'GTC', 'type': 'MARKET', 'reduceOnly': False, 'closePosition': False, 'side': 'SELL', 'positionSide': 'BOTH', 'stopPrice': '0', 'workingType': 'CONTRACT_PRICE', 'priceProtect': False, 'origType': 'MARKET', 'updateTime': '1651104092635'}, 'id': '6063477855', 'clientOrderId': 'x-xcKtGhcudb8e48b4e52a0ba930f6eb', 'timestamp': None, 'datetime': None, 'lastTradeTimestamp': None, 'symbol': 'ZIL/USDT', 'type': 'market', 'timeInForce': 'GTC', 'postOnly': False, 'side': 'sell', 'price': 0.09399, 'stopPrice': None, 'amount': 2883.0, 'cost': 270.97318, 'average': 0.09399, 'filled': 2883.0, 'remaining': 0.0, 'status': 'closed', 'fee': None, 'trades': [], 'fees': []}
[Binance 2022-04-28 09:01:33.117367] End trading
