[Binance 2022-05-15 09:00:02.317572] Start trading...
[Binance 2022-05-15 09:00:05.524600] Cancelled all orders
[Binance 2022-05-15 09:01:14.921045] target amount: 166.695
[Binance 2022-05-15 09:01:14.988192] leverage for ZIL/USDT: -2
{'symbol': 'ZILUSDT', 'leverage': '2', 'maxNotionalValue': '2000000'}
[Binance 2022-05-15 09:01:16.249316] {'info': {'orderId': '6586053893', 'symbol': 'ZILUSDT', 'status': 'FILLED', 'clientOrderId': 'x-xcKtGhcu55fbdcdbe431f4a6a94567', 'price': '0', 'avgPrice': '0.05249', 'origQty': '6341', 'executedQty': '6341', 'cumQty': '6341', 'cumQuote': '332.83909', 'timeInForce': 'GTC', 'type': 'MARKET', 'reduceOnly': False, 'closePosition': False, 'side': 'SELL', 'positionSide': 'BOTH', 'stopPrice': '0', 'workingType': 'CONTRACT_PRICE', 'priceProtect': False, 'origType': 'MARKET', 'updateTime': '1652572876122'}, 'id': '6586053893', 'clientOrderId': 'x-xcKtGhcu55fbdcdbe431f4a6a94567', 'timestamp': None, 'datetime': None, 'lastTradeTimestamp': None, 'symbol': 'ZIL/USDT', 'type': 'market', 'timeInForce': 'GTC', 'postOnly': False, 'side': 'sell', 'price': 0.05249, 'stopPrice': None, 'amount': 6341.0, 'cost': 332.83909, 'average': 0.05249, 'filled': 6341.0, 'remaining': 0.0, 'status': 'closed', 'fee': None, 'trades': [], 'fees': []}
[Binance 2022-05-15 09:01:16.315920] leverage for MATIC/USDT: -2
{'symbol': 'MATICUSDT', 'leverage': '2', 'maxNotionalValue': '1000000'}
[Binance 2022-05-15 09:01:16.805965] {'info': {'orderId': '17925596203', 'symbol': 'MATICUSDT', 'status': 'FILLED', 'clientOrderId': 'x-xcKtGhcu2e9dfdcc65cddac1d244f6', 'price': '0', 'avgPrice': '0.68260', 'origQty': '488', 'executedQty': '488', 'cumQty': '488', 'cumQuote': '333.10880', 'timeInForce': 'GTC', 'type': 'MARKET', 'reduceOnly': False, 'closePosition': False, 'side': 'SELL', 'positionSide': 'BOTH', 'stopPrice': '0', 'workingType': 'CONTRACT_PRICE', 'priceProtect': False, 'origType': 'MARKET', 'updateTime': '1652572876782'}, 'id': '17925596203', 'clientOrderId': 'x-xcKtGhcu2e9dfdcc65cddac1d244f6', 'timestamp': None, 'datetime': None, 'lastTradeTimestamp': None, 'symbol': 'MATIC/USDT', 'type': 'market', 'timeInForce': 'GTC', 'postOnly': False, 'side': 'sell', 'price': 0.6826, 'stopPrice': None, 'amount': 488.0, 'cost': 333.1088, 'average': 0.6826, 'filled': 488.0, 'remaining': 0.0, 'status': 'closed', 'fee': None, 'trades': [], 'fees': []}
[Binance 2022-05-15 09:01:16.871030] leverage for SOL/USDT: -2
{'symbol': 'SOLUSDT', 'leverage': '2', 'maxNotionalValue': '10000000'}
[Binance 2022-05-15 09:01:17.220394] {'info': {'orderId': '12813861811', 'symbol': 'SOLUSDT', 'status': 'FILLED', 'clientOrderId': 'x-xcKtGhcubd39db27d1611417fb4b48', 'price': '0', 'avgPrice': '52.3500', 'origQty': '6', 'executedQty': '6', 'cumQty': '6', 'cumQuote': '314.1000', 'timeInForce': 'GTC', 'type': 'MARKET', 'reduceOnly': False, 'closePosition': False, 'side': 'SELL', 'positionSide': 'BOTH', 'stopPrice': '0', 'workingType': 'CONTRACT_PRICE', 'priceProtect': False, 'origType': 'MARKET', 'updateTime': '1652572877197'}, 'id': '12813861811', 'clientOrderId': 'x-xcKtGhcubd39db27d1611417fb4b48', 'timestamp': None, 'datetime': None, 'lastTradeTimestamp': None, 'symbol': 'SOL/USDT', 'type': 'market', 'timeInForce': 'GTC', 'postOnly': False, 'side': 'sell', 'price': 52.35, 'stopPrice': None, 'amount': 6.0, 'cost': 314.1, 'average': 52.35, 'filled': 6.0, 'remaining': 0.0, 'status': 'closed', 'fee': None, 'trades': [], 'fees': []}
[Binance 2022-05-15 09:01:17.280542] leverage for 1000SHIB/USDT: -1
{'symbol': '1000SHIBUSDT', 'leverage': '1', 'maxNotionalValue': '30000000'}
[Binance 2022-05-15 09:01:17.574865] 0
[Binance 2022-05-15 09:01:17.635654] leverage for NEAR/USDT: -2
{'symbol': 'NEARUSDT', 'leverage': '2', 'maxNotionalValue': '2000000'}
[Binance 2022-05-15 09:01:18.034905] {'info': {'orderId': '9406129552', 'symbol': 'NEARUSDT', 'status': 'FILLED', 'clientOrderId': 'x-xcKtGhcu13407059ab6588c1587533', 'price': '0', 'avgPrice': '6.6420', 'origQty': '50', 'executedQty': '50', 'cumQty': '50', 'cumQuote': '332.1000', 'timeInForce': 'GTC', 'type': 'MARKET', 'reduceOnly': False, 'closePosition': False, 'side': 'SELL', 'positionSide': 'BOTH', 'stopPrice': '0', 'workingType': 'CONTRACT_PRICE', 'priceProtect': False, 'origType': 'MARKET', 'updateTime': '1652572878011'}, 'id': '9406129552', 'clientOrderId': 'x-xcKtGhcu13407059ab6588c1587533', 'timestamp': None, 'datetime': None, 'lastTradeTimestamp': None, 'symbol': 'NEAR/USDT', 'type': 'market', 'timeInForce': 'GTC', 'postOnly': False, 'side': 'sell', 'price': 6.642, 'stopPrice': None, 'amount': 50.0, 'cost': 332.1, 'average': 6.642, 'filled': 50.0, 'remaining': 0.0, 'status': 'closed', 'fee': None, 'trades': [], 'fees': []}
[Binance 2022-05-15 09:01:18.092706] leverage for AVAX/USDT: -2
{'symbol': 'AVAXUSDT', 'leverage': '2', 'maxNotionalValue': '10000000'}
[Binance 2022-05-15 09:01:18.410351] {'info': {'orderId': '9140996554', 'symbol': 'AVAXUSDT', 'status': 'FILLED', 'clientOrderId': 'x-xcKtGhcu49ec0c2abe683baa3d1f9a', 'price': '0', 'avgPrice': '33.9200', 'origQty': '9', 'executedQty': '9', 'cumQty': '9', 'cumQuote': '305.2800', 'timeInForce': 'GTC', 'type': 'MARKET', 'reduceOnly': False, 'closePosition': False, 'side': 'SELL', 'positionSide': 'BOTH', 'stopPrice': '0', 'workingType': 'CONTRACT_PRICE', 'priceProtect': False, 'origType': 'MARKET', 'updateTime': '1652572878386'}, 'id': '9140996554', 'clientOrderId': 'x-xcKtGhcu49ec0c2abe683baa3d1f9a', 'timestamp': None, 'datetime': None, 'lastTradeTimestamp': None, 'symbol': 'AVAX/USDT', 'type': 'market', 'timeInForce': 'GTC', 'postOnly': False, 'side': 'sell', 'price': 33.92, 'stopPrice': None, 'amount': 9.0, 'cost': 305.28, 'average': 33.92, 'filled': 9.0, 'remaining': 0.0, 'status': 'closed', 'fee': None, 'trades': [], 'fees': []}
[Binance 2022-05-15 09:01:18.467845] leverage for FTM/USDT: -2
{'symbol': 'FTMUSDT', 'leverage': '2', 'maxNotionalValue': '10000000'}
[Binance 2022-05-15 09:01:18.771612] {'info': {'orderId': '10653389820', 'symbol': 'FTMUSDT', 'status': 'FILLED', 'clientOrderId': 'x-xcKtGhcu6cf85d652dc8807082c253', 'price': '0', 'avgPrice': '0.375600', 'origQty': '887', 'executedQty': '887', 'cumQty': '887', 'cumQuote': '333.157200', 'timeInForce': 'GTC', 'type': 'MARKET', 'reduceOnly': False, 'closePosition': False, 'side': 'SELL', 'positionSide': 'BOTH', 'stopPrice': '0', 'workingType': 'CONTRACT_PRICE', 'priceProtect': False, 'origType': 'MARKET', 'updateTime': '1652572878749'}, 'id': '10653389820', 'clientOrderId': 'x-xcKtGhcu6cf85d652dc8807082c253', 'timestamp': None, 'datetime': None, 'lastTradeTimestamp': None, 'symbol': 'FTM/USDT', 'type': 'market', 'timeInForce': 'GTC', 'postOnly': False, 'side': 'sell', 'price': 0.3756, 'stopPrice': None, 'amount': 887.0, 'cost': 333.1572, 'average': 0.3756, 'filled': 887.0, 'remaining': 0.0, 'status': 'closed', 'fee': None, 'trades': [], 'fees': []}
[Binance 2022-05-15 09:01:18.835157] leverage for WAVES/USDT: -2
{'symbol': 'WAVESUSDT', 'leverage': '2', 'maxNotionalValue': '1000000'}
[Binance 2022-05-15 09:01:19.183075] {'info': {'orderId': '7227672608', 'symbol': 'WAVESUSDT', 'status': 'FILLED', 'clientOrderId': 'x-xcKtGhcu8c25507fbf8d0dfb211d65', 'price': '0', 'avgPrice': '7.04028', 'origQty': '47.3', 'executedQty': '47.3', 'cumQty': '47.3', 'cumQuote': '333.00530', 'timeInForce': 'GTC', 'type': 'MARKET', 'reduceOnly': False, 'closePosition': False, 'side': 'SELL', 'positionSide': 'BOTH', 'stopPrice': '0', 'workingType': 'CONTRACT_PRICE', 'priceProtect': False, 'origType': 'MARKET', 'updateTime': '1652572879159'}, 'id': '7227672608', 'clientOrderId': 'x-xcKtGhcu8c25507fbf8d0dfb211d65', 'timestamp': None, 'datetime': None, 'lastTradeTimestamp': None, 'symbol': 'WAVES/USDT', 'type': 'market', 'timeInForce': 'GTC', 'postOnly': False, 'side': 'sell', 'price': 7.04028, 'stopPrice': None, 'amount': 47.3, 'cost': 333.0053, 'average': 7.04028, 'filled': 47.3, 'remaining': 0.0, 'status': 'closed', 'fee': None, 'trades': [], 'fees': []}
[Binance 2022-05-15 09:01:19.183161] End trading
