[Binance 2022-04-21 09:00:02.725799] Start trading...
[Binance 2022-04-21 09:00:06.880201] Cancelled all orders
[Binance 2022-04-21 09:01:17.367989] target amoung: 123.498
[Binance 2022-04-21 09:01:17.935279] leverage for SAND/USDT: -1
{'symbol': 'SANDUSDT', 'leverage': '1', 'maxNotionalValue': '30000000'}
[Binance 2022-04-21 09:01:18.846526] {'info': {'orderId': '8097486596', 'symbol': 'SANDUSDT', 'status': 'FILLED', 'clientOrderId': 'x-xcKtGhcu18b22256bc902db7b36862', 'price': '0', 'avgPrice': '2.85670', 'origQty': '43', 'executedQty': '43', 'cumQty': '43', 'cumQuote': '122.83810', 'timeInForce': 'GTC', 'type': 'MARKET', 'reduceOnly': False, 'closePosition': False, 'side': 'SELL', 'positionSide': 'BOTH', 'stopPrice': '0', 'workingType': 'CONTRACT_PRICE', 'priceProtect': False, 'origType': 'MARKET', 'updateTime': '1650499278831'}, 'id': '8097486596', 'clientOrderId': 'x-xcKtGhcu18b22256bc902db7b36862', 'timestamp': None, 'datetime': None, 'lastTradeTimestamp': None, 'symbol': 'SAND/USDT', 'type': 'market', 'timeInForce': 'GTC', 'postOnly': False, 'side': 'sell', 'price': 2.8567, 'stopPrice': None, 'amount': 43.0, 'cost': 122.8381, 'average': 2.8567, 'filled': 43.0, 'remaining': 0.0, 'status': 'closed', 'fee': None, 'trades': [], 'fees': []}
[Binance 2022-04-21 09:01:19.383862] leverage for NEAR/USDT: 1
{'symbol': 'NEARUSDT', 'leverage': '1', 'maxNotionalValue': '30000000'}
[Binance 2022-04-21 09:01:20.262465] {'info': {'orderId': '8578509549', 'symbol': 'NEARUSDT', 'status': 'FILLED', 'clientOrderId': 'x-xcKtGhcu7f41a1a241eb972cd4a1ff', 'price': '0', 'avgPrice': '16.5770', 'origQty': '7', 'executedQty': '7', 'cumQty': '7', 'cumQuote': '116.0390', 'timeInForce': 'GTC', 'type': 'MARKET', 'reduceOnly': False, 'closePosition': False, 'side': 'BUY', 'positionSide': 'BOTH', 'stopPrice': '0', 'workingType': 'CONTRACT_PRICE', 'priceProtect': False, 'origType': 'MARKET', 'updateTime': '1650499280245'}, 'id': '8578509549', 'clientOrderId': 'x-xcKtGhcu7f41a1a241eb972cd4a1ff', 'timestamp': None, 'datetime': None, 'lastTradeTimestamp': None, 'symbol': 'NEAR/USDT', 'type': 'market', 'timeInForce': 'GTC', 'postOnly': False, 'side': 'buy', 'price': 16.577, 'stopPrice': None, 'amount': 7.0, 'cost': 116.039, 'average': 16.577, 'filled': 7.0, 'remaining': 0.0, 'status': 'closed', 'fee': None, 'trades': [], 'fees': []}
[Binance 2022-04-21 09:01:20.893874] leverage for BNB/USDT: -1
{'symbol': 'BNBUSDT', 'leverage': '1', 'maxNotionalValue': '50000000'}
[Binance 2022-04-21 09:01:21.701957] {'info': {'orderId': '38490468937', 'symbol': 'BNBUSDT', 'status': 'FILLED', 'clientOrderId': 'x-xcKtGhcuaa1c05c78f825249c969ca', 'price': '0', 'avgPrice': '417.82000', 'origQty': '0.29', 'executedQty': '0.29', 'cumQty': '0.29', 'cumQuote': '121.16780', 'timeInForce': 'GTC', 'type': 'MARKET', 'reduceOnly': False, 'closePosition': False, 'side': 'SELL', 'positionSide': 'BOTH', 'stopPrice': '0', 'workingType': 'CONTRACT_PRICE', 'priceProtect': False, 'origType': 'MARKET', 'updateTime': '1650499281686'}, 'id': '38490468937', 'clientOrderId': 'x-xcKtGhcuaa1c05c78f825249c969ca', 'timestamp': None, 'datetime': None, 'lastTradeTimestamp': None, 'symbol': 'BNB/USDT', 'type': 'market', 'timeInForce': 'GTC', 'postOnly': False, 'side': 'sell', 'price': 417.82, 'stopPrice': None, 'amount': 0.29, 'cost': 121.1678, 'average': 417.82, 'filled': 0.29, 'remaining': 0.0, 'status': 'closed', 'fee': None, 'trades': [], 'fees': []}
[Binance 2022-04-21 09:01:22.252479] leverage for ETH/USDT: -1
{'symbol': 'ETHUSDT', 'leverage': '1', 'maxNotionalValue': '500000000'}
[Binance 2022-04-21 09:01:23.181016] {'info': {'orderId': '8389765521000185460', 'symbol': 'ETHUSDT', 'status': 'FILLED', 'clientOrderId': 'x-xcKtGhcu54688006dd733cdb0d9bc5', 'price': '0', 'avgPrice': '3071.80000', 'origQty': '0.040', 'executedQty': '0.040', 'cumQty': '0.040', 'cumQuote': '122.87200', 'timeInForce': 'GTC', 'type': 'MARKET', 'reduceOnly': False, 'closePosition': False, 'side': 'SELL', 'positionSide': 'BOTH', 'stopPrice': '0', 'workingType': 'CONTRACT_PRICE', 'priceProtect': False, 'origType': 'MARKET', 'updateTime': '1650499283163'}, 'id': '8389765521000185460', 'clientOrderId': 'x-xcKtGhcu54688006dd733cdb0d9bc5', 'timestamp': None, 'datetime': None, 'lastTradeTimestamp': None, 'symbol': 'ETH/USDT', 'type': 'market', 'timeInForce': 'GTC', 'postOnly': False, 'side': 'sell', 'price': 3071.8, 'stopPrice': None, 'amount': 0.04, 'cost': 122.872, 'average': 3071.8, 'filled': 0.04, 'remaining': 0.0, 'status': 'closed', 'fee': None, 'trades': [], 'fees': []}
[Binance 2022-04-21 09:01:23.727542] leverage for AVAX/USDT: -1
{'symbol': 'AVAXUSDT', 'leverage': '1', 'maxNotionalValue': '50000000'}
[Binance 2022-04-21 09:01:24.548816] {'info': {'orderId': '8624032203', 'symbol': 'AVAXUSDT', 'status': 'FILLED', 'clientOrderId': 'x-xcKtGhcu5b479bd2334761dde0cb3f', 'price': '0', 'avgPrice': '78.0700', 'origQty': '1', 'executedQty': '1', 'cumQty': '1', 'cumQuote': '78.0700', 'timeInForce': 'GTC', 'type': 'MARKET', 'reduceOnly': False, 'closePosition': False, 'side': 'SELL', 'positionSide': 'BOTH', 'stopPrice': '0', 'workingType': 'CONTRACT_PRICE', 'priceProtect': False, 'origType': 'MARKET', 'updateTime': '1650499284533'}, 'id': '8624032203', 'clientOrderId': 'x-xcKtGhcu5b479bd2334761dde0cb3f', 'timestamp': None, 'datetime': None, 'lastTradeTimestamp': None, 'symbol': 'AVAX/USDT', 'type': 'market', 'timeInForce': 'GTC', 'postOnly': False, 'side': 'sell', 'price': 78.07, 'stopPrice': None, 'amount': 1.0, 'cost': 78.07, 'average': 78.07, 'filled': 1.0, 'remaining': 0.0, 'status': 'closed', 'fee': None, 'trades': [], 'fees': []}
[Binance 2022-04-21 09:01:25.094774] leverage for ADA/USDT: -1
{'symbol': 'ADAUSDT', 'leverage': '1', 'maxNotionalValue': '50000000'}
[Binance 2022-04-21 09:01:25.981381] {'info': {'orderId': '21339095670', 'symbol': 'ADAUSDT', 'status': 'FILLED', 'clientOrderId': 'x-xcKtGhcu6b6e74c0442e6df77bb782', 'price': '0', 'avgPrice': '0.93480', 'origQty': '132', 'executedQty': '132', 'cumQty': '132', 'cumQuote': '123.39360', 'timeInForce': 'GTC', 'type': 'MARKET', 'reduceOnly': False, 'closePosition': False, 'side': 'SELL', 'positionSide': 'BOTH', 'stopPrice': '0', 'workingType': 'CONTRACT_PRICE', 'priceProtect': False, 'origType': 'MARKET', 'updateTime': '1650499285965'}, 'id': '21339095670', 'clientOrderId': 'x-xcKtGhcu6b6e74c0442e6df77bb782', 'timestamp': None, 'datetime': None, 'lastTradeTimestamp': None, 'symbol': 'ADA/USDT', 'type': 'market', 'timeInForce': 'GTC', 'postOnly': False, 'side': 'sell', 'price': 0.9348, 'stopPrice': None, 'amount': 132.0, 'cost': 123.3936, 'average': 0.9348, 'filled': 132.0, 'remaining': 0.0, 'status': 'closed', 'fee': None, 'trades': [], 'fees': []}
[Binance 2022-04-21 09:01:26.515252] leverage for GALA/USDT: -1
{'symbol': 'GALAUSDT', 'leverage': '1', 'maxNotionalValue': '30000000'}
[Binance 2022-04-21 09:01:27.334304] {'info': {'orderId': '5092252595', 'symbol': 'GALAUSDT', 'status': 'FILLED', 'clientOrderId': 'x-xcKtGhcu88ff2e2d11613dfb69cff4', 'price': '0', 'avgPrice': '0.19555', 'origQty': '631', 'executedQty': '631', 'cumQty': '631', 'cumQuote': '123.39437', 'timeInForce': 'GTC', 'type': 'MARKET', 'reduceOnly': False, 'closePosition': False, 'side': 'SELL', 'positionSide': 'BOTH', 'stopPrice': '0', 'workingType': 'CONTRACT_PRICE', 'priceProtect': False, 'origType': 'MARKET', 'updateTime': '1650499287317'}, 'id': '5092252595', 'clientOrderId': 'x-xcKtGhcu88ff2e2d11613dfb69cff4', 'timestamp': None, 'datetime': None, 'lastTradeTimestamp': None, 'symbol': 'GALA/USDT', 'type': 'market', 'timeInForce': 'GTC', 'postOnly': False, 'side': 'sell', 'price': 0.19555, 'stopPrice': None, 'amount': 631.0, 'cost': 123.39437, 'average': 0.19555, 'filled': 631.0, 'remaining': 0.0, 'status': 'closed', 'fee': None, 'trades': [], 'fees': []}
[Binance 2022-04-21 09:01:27.886541] leverage for 1000SHIB/USDT: -1
{'symbol': '1000SHIBUSDT', 'leverage': '1', 'maxNotionalValue': '30000000'}
[Binance 2022-04-21 09:01:28.654526] Exception occurred in trial 0
[Binance 2022-04-21 09:01:29.185697] 'NoneType' object is not subscriptable
