[Binance 2022-05-10 09:00:03.194411] Start trading...
[Binance 2022-05-10 09:00:07.767918] Cancelled all orders
[Binance 2022-05-10 09:01:18.022517] target amoung: 170.216
[Binance 2022-05-10 09:01:18.575775] leverage for GALA/USDT: -1
{'symbol': 'GALAUSDT', 'leverage': '1', 'maxNotionalValue': '30000000'}
[Binance 2022-05-10 09:01:19.476036] {'info': {'orderId': '5444463857', 'symbol': 'GALAUSDT', 'status': 'FILLED', 'clientOrderId': 'x-xcKtGhcuf24304c97054ecb304f959', 'price': '0', 'avgPrice': '0.10336', 'origQty': '1647', 'executedQty': '1647', 'cumQty': '1647', 'cumQuote': '170.23443', 'timeInForce': 'GTC', 'type': 'MARKET', 'reduceOnly': False, 'closePosition': False, 'side': 'SELL', 'positionSide': 'BOTH', 'stopPrice': '0', 'workingType': 'CONTRACT_PRICE', 'priceProtect': False, 'origType': 'MARKET', 'updateTime': '1652140879472'}, 'id': '5444463857', 'clientOrderId': 'x-xcKtGhcuf24304c97054ecb304f959', 'timestamp': None, 'datetime': None, 'lastTradeTimestamp': None, 'symbol': 'GALA/USDT', 'type': 'market', 'timeInForce': 'GTC', 'postOnly': False, 'side': 'sell', 'price': 0.10336, 'stopPrice': None, 'amount': 1647.0, 'cost': 170.23443, 'average': 0.10336, 'filled': 1647.0, 'remaining': 0.0, 'status': 'closed', 'fee': None, 'trades': [], 'fees': []}
[Binance 2022-05-10 09:01:20.026494] leverage for SOL/USDT: -1
{'symbol': 'SOLUSDT', 'leverage': '1', 'maxNotionalValue': '50000000'}
[Binance 2022-05-10 09:01:21.386337] {'info': {'orderId': '12585492146', 'symbol': 'SOLUSDT', 'status': 'FILLED', 'clientOrderId': 'x-xcKtGhcu7ff5d6578b60ff23d791a0', 'price': '0', 'avgPrice': '62.3200', 'origQty': '2', 'executedQty': '2', 'cumQty': '2', 'cumQuote': '124.6400', 'timeInForce': 'GTC', 'type': 'MARKET', 'reduceOnly': False, 'closePosition': False, 'side': 'SELL', 'positionSide': 'BOTH', 'stopPrice': '0', 'workingType': 'CONTRACT_PRICE', 'priceProtect': False, 'origType': 'MARKET', 'updateTime': '1652140881232'}, 'id': '12585492146', 'clientOrderId': 'x-xcKtGhcu7ff5d6578b60ff23d791a0', 'timestamp': None, 'datetime': None, 'lastTradeTimestamp': None, 'symbol': 'SOL/USDT', 'type': 'market', 'timeInForce': 'GTC', 'postOnly': False, 'side': 'sell', 'price': 62.32, 'stopPrice': None, 'amount': 2.0, 'cost': 124.64, 'average': 62.32, 'filled': 2.0, 'remaining': 0.0, 'status': 'closed', 'fee': None, 'trades': [], 'fees': []}
[Binance 2022-05-10 09:01:21.934580] leverage for DOT/USDT: -1
{'symbol': 'DOTUSDT', 'leverage': '1', 'maxNotionalValue': '100000000'}
[Binance 2022-05-10 09:01:22.895099] {'info': {'orderId': '13439429382', 'symbol': 'DOTUSDT', 'status': 'FILLED', 'clientOrderId': 'x-xcKtGhcua49af3a2c200e26f6bbe09', 'price': '0', 'avgPrice': '10.6080', 'origQty': '16', 'executedQty': '16', 'cumQty': '16', 'cumQuote': '169.7280', 'timeInForce': 'GTC', 'type': 'MARKET', 'reduceOnly': False, 'closePosition': False, 'side': 'SELL', 'positionSide': 'BOTH', 'stopPrice': '0', 'workingType': 'CONTRACT_PRICE', 'priceProtect': False, 'origType': 'MARKET', 'updateTime': '1652140882889'}, 'id': '13439429382', 'clientOrderId': 'x-xcKtGhcua49af3a2c200e26f6bbe09', 'timestamp': None, 'datetime': None, 'lastTradeTimestamp': None, 'symbol': 'DOT/USDT', 'type': 'market', 'timeInForce': 'GTC', 'postOnly': False, 'side': 'sell', 'price': 10.608, 'stopPrice': None, 'amount': 16.0, 'cost': 169.728, 'average': 10.608, 'filled': 16.0, 'remaining': 0.0, 'status': 'closed', 'fee': None, 'trades': [], 'fees': []}
[Binance 2022-05-10 09:01:23.435547] leverage for FTM/USDT: -1
{'symbol': 'FTMUSDT', 'leverage': '1', 'maxNotionalValue': '50000000'}
[Binance 2022-05-10 09:01:24.406945] {'info': {'orderId': '10500981922', 'symbol': 'FTMUSDT', 'status': 'FILLED', 'clientOrderId': 'x-xcKtGhcu4736da5c2e82fa43d87531', 'price': '0', 'avgPrice': '0.541000', 'origQty': '315', 'executedQty': '315', 'cumQty': '315', 'cumQuote': '170.415000', 'timeInForce': 'GTC', 'type': 'MARKET', 'reduceOnly': False, 'closePosition': False, 'side': 'SELL', 'positionSide': 'BOTH', 'stopPrice': '0', 'workingType': 'CONTRACT_PRICE', 'priceProtect': False, 'origType': 'MARKET', 'updateTime': '1652140884402'}, 'id': '10500981922', 'clientOrderId': 'x-xcKtGhcu4736da5c2e82fa43d87531', 'timestamp': None, 'datetime': None, 'lastTradeTimestamp': None, 'symbol': 'FTM/USDT', 'type': 'market', 'timeInForce': 'GTC', 'postOnly': False, 'side': 'sell', 'price': 0.541, 'stopPrice': None, 'amount': 315.0, 'cost': 170.415, 'average': 0.541, 'filled': 315.0, 'remaining': 0.0, 'status': 'closed', 'fee': None, 'trades': [], 'fees': []}
[Binance 2022-05-10 09:01:24.943659] leverage for AVAX/USDT: -1
{'symbol': 'AVAXUSDT', 'leverage': '1', 'maxNotionalValue': '50000000'}
[Binance 2022-05-10 09:01:25.958154] {'info': {'orderId': '8997286794', 'symbol': 'AVAXUSDT', 'status': 'FILLED', 'clientOrderId': 'x-xcKtGhcu215e379b228ceea62e3e2b', 'price': '0', 'avgPrice': '41.2700', 'origQty': '4', 'executedQty': '4', 'cumQty': '4', 'cumQuote': '165.0800', 'timeInForce': 'GTC', 'type': 'MARKET', 'reduceOnly': False, 'closePosition': False, 'side': 'SELL', 'positionSide': 'BOTH', 'stopPrice': '0', 'workingType': 'CONTRACT_PRICE', 'priceProtect': False, 'origType': 'MARKET', 'updateTime': '1652140885954'}, 'id': '8997286794', 'clientOrderId': 'x-xcKtGhcu215e379b228ceea62e3e2b', 'timestamp': None, 'datetime': None, 'lastTradeTimestamp': None, 'symbol': 'AVAX/USDT', 'type': 'market', 'timeInForce': 'GTC', 'postOnly': False, 'side': 'sell', 'price': 41.27, 'stopPrice': None, 'amount': 4.0, 'cost': 165.08, 'average': 41.27, 'filled': 4.0, 'remaining': 0.0, 'status': 'closed', 'fee': None, 'trades': [], 'fees': []}
[Binance 2022-05-10 09:01:26.491822] leverage for 1000SHIB/USDT: -1
{'symbol': '1000SHIBUSDT', 'leverage': '1', 'maxNotionalValue': '30000000'}
[Binance 2022-05-10 09:01:27.346053] Exception occurred in trial 0
[Binance 2022-05-10 09:01:27.814350] 'NoneType' object is not subscriptable
