[Binance 2022-04-29 09:00:02.382306] Start trading...
[Binance 2022-04-29 09:00:07.027535] Cancelled all orders
GRT/USDT 0.7194686140895219
[Binance 2022-04-29 09:01:21.156948] target amoung: 141.387
[Binance 2022-04-29 09:01:21.709582] leverage for AVAX/USDT: -1
{'symbol': 'AVAXUSDT', 'leverage': '1', 'maxNotionalValue': '50000000'}
[Binance 2022-04-29 09:01:22.547834] {'info': {'orderId': '8762158375', 'symbol': 'AVAXUSDT', 'status': 'FILLED', 'clientOrderId': 'x-xcKtGhcufeb3b2045fe86902f741b3', 'price': '0', 'avgPrice': '67.1800', 'origQty': '2', 'executedQty': '2', 'cumQty': '2', 'cumQuote': '134.3600', 'timeInForce': 'GTC', 'type': 'MARKET', 'reduceOnly': False, 'closePosition': False, 'side': 'SELL', 'positionSide': 'BOTH', 'stopPrice': '0', 'workingType': 'CONTRACT_PRICE', 'priceProtect': False, 'origType': 'MARKET', 'updateTime': '1651190482523'}, 'id': '8762158375', 'clientOrderId': 'x-xcKtGhcufeb3b2045fe86902f741b3', 'timestamp': None, 'datetime': None, 'lastTradeTimestamp': None, 'symbol': 'AVAX/USDT', 'type': 'market', 'timeInForce': 'GTC', 'postOnly': False, 'side': 'sell', 'price': 67.18, 'stopPrice': None, 'amount': 2.0, 'cost': 134.36, 'average': 67.18, 'filled': 2.0, 'remaining': 0.0, 'status': 'closed', 'fee': None, 'trades': [], 'fees': []}
[Binance 2022-04-29 09:01:23.068025] leverage for GALA/USDT: -1
{'symbol': 'GALAUSDT', 'leverage': '1', 'maxNotionalValue': '30000000'}
[Binance 2022-04-29 09:01:23.844501] {'info': {'orderId': '5219928914', 'symbol': 'GALAUSDT', 'status': 'FILLED', 'clientOrderId': 'x-xcKtGhcu56d68fa0572640531a5b14', 'price': '0', 'avgPrice': '0.16880', 'origQty': '837', 'executedQty': '837', 'cumQty': '837', 'cumQuote': '141.28560', 'timeInForce': 'GTC', 'type': 'MARKET', 'reduceOnly': False, 'closePosition': False, 'side': 'SELL', 'positionSide': 'BOTH', 'stopPrice': '0', 'workingType': 'CONTRACT_PRICE', 'priceProtect': False, 'origType': 'MARKET', 'updateTime': '1651190483821'}, 'id': '5219928914', 'clientOrderId': 'x-xcKtGhcu56d68fa0572640531a5b14', 'timestamp': None, 'datetime': None, 'lastTradeTimestamp': None, 'symbol': 'GALA/USDT', 'type': 'market', 'timeInForce': 'GTC', 'postOnly': False, 'side': 'sell', 'price': 0.1688, 'stopPrice': None, 'amount': 837.0, 'cost': 141.2856, 'average': 0.1688, 'filled': 837.0, 'remaining': 0.0, 'status': 'closed', 'fee': None, 'trades': [], 'fees': []}
[Binance 2022-04-29 09:01:24.369752] leverage for XRP/USDT: -1
{'symbol': 'XRPUSDT', 'leverage': '1', 'maxNotionalValue': '50000000'}
[Binance 2022-04-29 09:01:25.251237] {'info': {'orderId': '21118766975', 'symbol': 'XRPUSDT', 'status': 'FILLED', 'clientOrderId': 'x-xcKtGhcu30dcbf6d185878cf076868', 'price': '0', 'avgPrice': '0.64280', 'origQty': '220', 'executedQty': '220', 'cumQty': '220', 'cumQuote': '141.41600', 'timeInForce': 'GTC', 'type': 'MARKET', 'reduceOnly': False, 'closePosition': False, 'side': 'SELL', 'positionSide': 'BOTH', 'stopPrice': '0', 'workingType': 'CONTRACT_PRICE', 'priceProtect': False, 'origType': 'MARKET', 'updateTime': '1651190485227'}, 'id': '21118766975', 'clientOrderId': 'x-xcKtGhcu30dcbf6d185878cf076868', 'timestamp': None, 'datetime': None, 'lastTradeTimestamp': None, 'symbol': 'XRP/USDT', 'type': 'market', 'timeInForce': 'GTC', 'postOnly': False, 'side': 'sell', 'price': 0.6428, 'stopPrice': None, 'amount': 220.0, 'cost': 141.416, 'average': 0.6428, 'filled': 220.0, 'remaining': 0.0, 'status': 'closed', 'fee': None, 'trades': [], 'fees': []}
[Binance 2022-04-29 09:01:25.771463] leverage for FTM/USDT: -1
{'symbol': 'FTMUSDT', 'leverage': '1', 'maxNotionalValue': '50000000'}
[Binance 2022-04-29 09:01:26.581458] {'info': {'orderId': '10226209648', 'symbol': 'FTMUSDT', 'status': 'FILLED', 'clientOrderId': 'x-xcKtGhcu416e2afea2dc794b3546', 'price': '0', 'avgPrice': '0.968500', 'origQty': '146', 'executedQty': '146', 'cumQty': '146', 'cumQuote': '141.401000', 'timeInForce': 'GTC', 'type': 'MARKET', 'reduceOnly': False, 'closePosition': False, 'side': 'SELL', 'positionSide': 'BOTH', 'stopPrice': '0', 'workingType': 'CONTRACT_PRICE', 'priceProtect': False, 'origType': 'MARKET', 'updateTime': '1651190486558'}, 'id': '10226209648', 'clientOrderId': 'x-xcKtGhcu416e2afea2dc794b3546', 'timestamp': None, 'datetime': None, 'lastTradeTimestamp': None, 'symbol': 'FTM/USDT', 'type': 'market', 'timeInForce': 'GTC', 'postOnly': False, 'side': 'sell', 'price': 0.9685, 'stopPrice': None, 'amount': 146.0, 'cost': 141.401, 'average': 0.9685, 'filled': 146.0, 'remaining': 0.0, 'status': 'closed', 'fee': None, 'trades': [], 'fees': []}
[Binance 2022-04-29 09:01:27.097833] leverage for ZRX/USDT: 0
[Binance 2022-04-29 09:01:27.625909] leverage for WAVES/USDT: -1
{'symbol': 'WAVESUSDT', 'leverage': '1', 'maxNotionalValue': '30000000'}
[Binance 2022-04-29 09:01:28.486210] {'info': {'orderId': '6829815159', 'symbol': 'WAVESUSDT', 'status': 'FILLED', 'clientOrderId': 'x-xcKtGhcua8098e4e8f1b858aae5710', 'price': '0', 'avgPrice': '15.44100', 'origQty': '9.1', 'executedQty': '9.1', 'cumQty': '9.1', 'cumQuote': '140.51310', 'timeInForce': 'GTC', 'type': 'MARKET', 'reduceOnly': False, 'closePosition': False, 'side': 'SELL', 'positionSide': 'BOTH', 'stopPrice': '0', 'workingType': 'CONTRACT_PRICE', 'priceProtect': False, 'origType': 'MARKET', 'updateTime': '1651190488463'}, 'id': '6829815159', 'clientOrderId': 'x-xcKtGhcua8098e4e8f1b858aae5710', 'timestamp': None, 'datetime': None, 'lastTradeTimestamp': None, 'symbol': 'WAVES/USDT', 'type': 'market', 'timeInForce': 'GTC', 'postOnly': False, 'side': 'sell', 'price': 15.441, 'stopPrice': None, 'amount': 9.1, 'cost': 140.5131, 'average': 15.441, 'filled': 9.1, 'remaining': 0.0, 'status': 'closed', 'fee': None, 'trades': [], 'fees': []}
[Binance 2022-04-29 09:01:29.009688] leverage for NEAR/USDT: -1
{'symbol': 'NEARUSDT', 'leverage': '1', 'maxNotionalValue': '30000000'}
[Binance 2022-04-29 09:01:29.783736] {'info': {'orderId': '8826563020', 'symbol': 'NEARUSDT', 'status': 'FILLED', 'clientOrderId': 'x-xcKtGhcu5ad9513b38ba05e849e3cc', 'price': '0', 'avgPrice': '12.3920', 'origQty': '11', 'executedQty': '11', 'cumQty': '11', 'cumQuote': '136.3120', 'timeInForce': 'GTC', 'type': 'MARKET', 'reduceOnly': False, 'closePosition': False, 'side': 'SELL', 'positionSide': 'BOTH', 'stopPrice': '0', 'workingType': 'CONTRACT_PRICE', 'priceProtect': False, 'origType': 'MARKET', 'updateTime': '1651190489759'}, 'id': '8826563020', 'clientOrderId': 'x-xcKtGhcu5ad9513b38ba05e849e3cc', 'timestamp': None, 'datetime': None, 'lastTradeTimestamp': None, 'symbol': 'NEAR/USDT', 'type': 'market', 'timeInForce': 'GTC', 'postOnly': False, 'side': 'sell', 'price': 12.392, 'stopPrice': None, 'amount': 11.0, 'cost': 136.312, 'average': 12.392, 'filled': 11.0, 'remaining': 0.0, 'status': 'closed', 'fee': None, 'trades': [], 'fees': []}
[Binance 2022-04-29 09:01:30.309363] leverage for ZIL/USDT: -1
{'symbol': 'ZILUSDT', 'leverage': '1', 'maxNotionalValue': '30000000'}
[Binance 2022-04-29 09:01:31.514849] {'info': {'orderId': '6083059100', 'symbol': 'ZILUSDT', 'status': 'FILLED', 'clientOrderId': 'x-xcKtGhcu157c65ed89ad069b752af2', 'price': '0', 'avgPrice': '0.09171', 'origQty': '1541', 'executedQty': '1541', 'cumQty': '1541', 'cumQuote': '141.32511', 'timeInForce': 'GTC', 'type': 'MARKET', 'reduceOnly': False, 'closePosition': False, 'side': 'SELL', 'positionSide': 'BOTH', 'stopPrice': '0', 'workingType': 'CONTRACT_PRICE', 'priceProtect': False, 'origType': 'MARKET', 'updateTime': '1651190491491'}, 'id': '6083059100', 'clientOrderId': 'x-xcKtGhcu157c65ed89ad069b752af2', 'timestamp': None, 'datetime': None, 'lastTradeTimestamp': None, 'symbol': 'ZIL/USDT', 'type': 'market', 'timeInForce': 'GTC', 'postOnly': False, 'side': 'sell', 'price': 0.09171, 'stopPrice': None, 'amount': 1541.0, 'cost': 141.32511, 'average': 0.09171, 'filled': 1541.0, 'remaining': 0.0, 'status': 'closed', 'fee': None, 'trades': [], 'fees': []}
[Binance 2022-04-29 09:01:31.968807] End trading
