[Binance 2022-07-03 09:00:04.250076] Start trading...
[Binance 2022-07-03 09:00:08.664511] Cancelled all orders
[Binance 2022-07-03 09:01:20.149450] target amount: 102.832
[Binance 2022-07-03 09:01:20.678501] leverage for 1000SHIB/USDT: -1
{'symbol': '1000SHIBUSDT', 'leverage': '1', 'maxNotionalValue': '30000000'}
[Binance 2022-07-03 09:01:21.753510] 0
[Binance 2022-07-03 09:01:22.287754] leverage for DOT/USDT: -2
{'symbol': 'DOTUSDT', 'leverage': '2', 'maxNotionalValue': '50000000'}
[Binance 2022-07-03 09:01:23.137687] {'info': {'orderId': '14418340361', 'symbol': 'DOTUSDT', 'status': 'FILLED', 'clientOrderId': 'x-xcKtGhcuf7a6907d2a9c8d7831fdcc', 'price': '0', 'avgPrice': '6.8170', 'origQty': '30.1', 'executedQty': '30.1', 'cumQty': '30.1', 'cumQuote': '205.1917', 'timeInForce': 'GTC', 'type': 'MARKET', 'reduceOnly': False, 'closePosition': False, 'side': 'SELL', 'positionSide': 'BOTH', 'stopPrice': '0', 'workingType': 'CONTRACT_PRICE', 'priceProtect': False, 'origType': 'MARKET', 'updateTime': '1656806483110'}, 'id': '14418340361', 'clientOrderId': 'x-xcKtGhcuf7a6907d2a9c8d7831fdcc', 'timestamp': None, 'datetime': None, 'lastTradeTimestamp': None, 'symbol': 'DOT/USDT', 'type': 'market', 'timeInForce': 'GTC', 'postOnly': False, 'side': 'sell', 'price': 6.817, 'stopPrice': None, 'amount': 30.1, 'cost': 205.1917, 'average': 6.817, 'filled': 30.1, 'remaining': 0.0, 'status': 'closed', 'fee': None, 'trades': [], 'fees': []}
[Binance 2022-07-03 09:01:23.666508] leverage for MATIC/USDT: -1
{'symbol': 'MATICUSDT', 'leverage': '1', 'maxNotionalValue': '8000000'}
[Binance 2022-07-03 09:01:24.468820] {'info': {'orderId': '18590312529', 'symbol': 'MATICUSDT', 'status': 'FILLED', 'clientOrderId': 'x-xcKtGhcue7255f8045560687776e70', 'price': '0', 'avgPrice': '0.49170', 'origQty': '209', 'executedQty': '209', 'cumQty': '209', 'cumQuote': '102.76530', 'timeInForce': 'GTC', 'type': 'MARKET', 'reduceOnly': False, 'closePosition': False, 'side': 'SELL', 'positionSide': 'BOTH', 'stopPrice': '0', 'workingType': 'CONTRACT_PRICE', 'priceProtect': False, 'origType': 'MARKET', 'updateTime': '1656806484442'}, 'id': '18590312529', 'clientOrderId': 'x-xcKtGhcue7255f8045560687776e70', 'timestamp': None, 'datetime': None, 'lastTradeTimestamp': None, 'symbol': 'MATIC/USDT', 'type': 'market', 'timeInForce': 'GTC', 'postOnly': False, 'side': 'sell', 'price': 0.4917, 'stopPrice': None, 'amount': 209.0, 'cost': 102.7653, 'average': 0.4917, 'filled': 209.0, 'remaining': 0.0, 'status': 'closed', 'fee': None, 'trades': [], 'fees': []}
[Binance 2022-07-03 09:01:25.000678] leverage for SAND/USDT: 0
[Binance 2022-07-03 09:01:25.530420] leverage for WAVES/USDT: -1
{'symbol': 'WAVESUSDT', 'leverage': '1', 'maxNotionalValue': '5000000'}
[Binance 2022-07-03 09:01:26.347393] {'info': {'orderId': '8474086355', 'symbol': 'WAVESUSDT', 'status': 'FILLED', 'clientOrderId': 'x-xcKtGhcuafee54ce9e8783b3d2c1ef', 'price': '0', 'avgPrice': '5.16700', 'origQty': '19.9', 'executedQty': '19.9', 'cumQty': '19.9', 'cumQuote': '102.82330', 'timeInForce': 'GTC', 'type': 'MARKET', 'reduceOnly': False, 'closePosition': False, 'side': 'SELL', 'positionSide': 'BOTH', 'stopPrice': '0', 'workingType': 'CONTRACT_PRICE', 'priceProtect': False, 'origType': 'MARKET', 'updateTime': '1656806486319'}, 'id': '8474086355', 'clientOrderId': 'x-xcKtGhcuafee54ce9e8783b3d2c1ef', 'timestamp': None, 'datetime': None, 'lastTradeTimestamp': None, 'symbol': 'WAVES/USDT', 'type': 'market', 'timeInForce': 'GTC', 'postOnly': False, 'side': 'sell', 'price': 5.167, 'stopPrice': None, 'amount': 19.9, 'cost': 102.8233, 'average': 5.167, 'filled': 19.9, 'remaining': 0.0, 'status': 'closed', 'fee': None, 'trades': [], 'fees': []}
[Binance 2022-07-03 09:01:26.890250] leverage for NEAR/USDT: -1
{'symbol': 'NEARUSDT', 'leverage': '1', 'maxNotionalValue': '5000000'}
[Binance 2022-07-03 09:01:27.716776] {'info': {'orderId': '10341225968', 'symbol': 'NEARUSDT', 'status': 'FILLED', 'clientOrderId': 'x-xcKtGhcub492f83dd06de8c2e46236', 'price': '0', 'avgPrice': '3.3070', 'origQty': '31', 'executedQty': '31', 'cumQty': '31', 'cumQuote': '102.5170', 'timeInForce': 'GTC', 'type': 'MARKET', 'reduceOnly': False, 'closePosition': False, 'side': 'SELL', 'positionSide': 'BOTH', 'stopPrice': '0', 'workingType': 'CONTRACT_PRICE', 'priceProtect': False, 'origType': 'MARKET', 'updateTime': '1656806487688'}, 'id': '10341225968', 'clientOrderId': 'x-xcKtGhcub492f83dd06de8c2e46236', 'timestamp': None, 'datetime': None, 'lastTradeTimestamp': None, 'symbol': 'NEAR/USDT', 'type': 'market', 'timeInForce': 'GTC', 'postOnly': False, 'side': 'sell', 'price': 3.307, 'stopPrice': None, 'amount': 31.0, 'cost': 102.517, 'average': 3.307, 'filled': 31.0, 'remaining': 0.0, 'status': 'closed', 'fee': None, 'trades': [], 'fees': []}
[Binance 2022-07-03 09:01:28.246919] leverage for SOL/USDT: -2
{'symbol': 'SOLUSDT', 'leverage': '2', 'maxNotionalValue': '10000000'}
[Binance 2022-07-03 09:01:29.089595] {'info': {'orderId': '14456248533', 'symbol': 'SOLUSDT', 'status': 'FILLED', 'clientOrderId': 'x-xcKtGhcu585102fc4558b953635e13', 'price': '0', 'avgPrice': '33.3400', 'origQty': '6', 'executedQty': '6', 'cumQty': '6', 'cumQuote': '200.0400', 'timeInForce': 'GTC', 'type': 'MARKET', 'reduceOnly': False, 'closePosition': False, 'side': 'SELL', 'positionSide': 'BOTH', 'stopPrice': '0', 'workingType': 'CONTRACT_PRICE', 'priceProtect': False, 'origType': 'MARKET', 'updateTime': '1656806489061'}, 'id': '14456248533', 'clientOrderId': 'x-xcKtGhcu585102fc4558b953635e13', 'timestamp': None, 'datetime': None, 'lastTradeTimestamp': None, 'symbol': 'SOL/USDT', 'type': 'market', 'timeInForce': 'GTC', 'postOnly': False, 'side': 'sell', 'price': 33.34, 'stopPrice': None, 'amount': 6.0, 'cost': 200.04, 'average': 33.34, 'filled': 6.0, 'remaining': 0.0, 'status': 'closed', 'fee': None, 'trades': [], 'fees': []}
[Binance 2022-07-03 09:01:29.620287] leverage for AVAX/USDT: -2
{'symbol': 'AVAXUSDT', 'leverage': '2', 'maxNotionalValue': '10000000'}
[Binance 2022-07-03 09:01:30.474537] {'info': {'orderId': '10260723421', 'symbol': 'AVAXUSDT', 'status': 'FILLED', 'clientOrderId': 'x-xcKtGhcu83a749c03ba194f2c848ba', 'price': '0', 'avgPrice': '16.3100', 'origQty': '12', 'executedQty': '12', 'cumQty': '12', 'cumQuote': '195.7200', 'timeInForce': 'GTC', 'type': 'MARKET', 'reduceOnly': False, 'closePosition': False, 'side': 'SELL', 'positionSide': 'BOTH', 'stopPrice': '0', 'workingType': 'CONTRACT_PRICE', 'priceProtect': False, 'origType': 'MARKET', 'updateTime': '1656806490447'}, 'id': '10260723421', 'clientOrderId': 'x-xcKtGhcu83a749c03ba194f2c848ba', 'timestamp': None, 'datetime': None, 'lastTradeTimestamp': None, 'symbol': 'AVAX/USDT', 'type': 'market', 'timeInForce': 'GTC', 'postOnly': False, 'side': 'sell', 'price': 16.31, 'stopPrice': None, 'amount': 12.0, 'cost': 195.72, 'average': 16.31, 'filled': 12.0, 'remaining': 0.0, 'status': 'closed', 'fee': None, 'trades': [], 'fees': []}
[Binance 2022-07-03 09:01:30.935848] End trading
