[Binance 2022-05-18 09:00:02.668806] Start trading...
[Binance 2022-05-18 09:00:05.900411] Cancelled all orders
[Binance 2022-05-18 09:01:16.219304] target amount: 160.565
[Binance 2022-05-18 09:01:16.287062] leverage for GALA/USDT: -2
{'symbol': 'GALAUSDT', 'leverage': '2', 'maxNotionalValue': '2000000'}
[Binance 2022-05-18 09:01:16.716192] {'info': {'orderId': '5710113530', 'symbol': 'GALAUSDT', 'status': 'FILLED', 'clientOrderId': 'x-xcKtGhcu479d43284fff72fe9aef98', 'price': '0', 'avgPrice': '0.08915', 'origQty': '3603', 'executedQty': '3603', 'cumQty': '3603', 'cumQuote': '321.20745', 'timeInForce': 'GTC', 'type': 'MARKET', 'reduceOnly': False, 'closePosition': False, 'side': 'SELL', 'positionSide': 'BOTH', 'stopPrice': '0', 'workingType': 'CONTRACT_PRICE', 'priceProtect': False, 'origType': 'MARKET', 'updateTime': '1652832076618'}, 'id': '5710113530', 'clientOrderId': 'x-xcKtGhcu479d43284fff72fe9aef98', 'timestamp': None, 'datetime': None, 'lastTradeTimestamp': None, 'symbol': 'GALA/USDT', 'type': 'market', 'timeInForce': 'GTC', 'postOnly': False, 'side': 'sell', 'price': 0.08915, 'stopPrice': None, 'amount': 3603.0, 'cost': 321.20745, 'average': 0.08915, 'filled': 3603.0, 'remaining': 0.0, 'status': 'closed', 'fee': None, 'trades': [], 'fees': []}
[Binance 2022-05-18 09:01:16.771603] leverage for SAND/USDT: -2
{'symbol': 'SANDUSDT', 'leverage': '2', 'maxNotionalValue': '2000000'}
[Binance 2022-05-18 09:01:17.093292] {'info': {'orderId': '8682120051', 'symbol': 'SANDUSDT', 'status': 'FILLED', 'clientOrderId': 'x-xcKtGhcu30b0940946b3796b6dab02', 'price': '0', 'avgPrice': '1.36900', 'origQty': '235', 'executedQty': '235', 'cumQty': '235', 'cumQuote': '321.71570', 'timeInForce': 'GTC', 'type': 'MARKET', 'reduceOnly': False, 'closePosition': False, 'side': 'SELL', 'positionSide': 'BOTH', 'stopPrice': '0', 'workingType': 'CONTRACT_PRICE', 'priceProtect': False, 'origType': 'MARKET', 'updateTime': '1652832076994'}, 'id': '8682120051', 'clientOrderId': 'x-xcKtGhcu30b0940946b3796b6dab02', 'timestamp': None, 'datetime': None, 'lastTradeTimestamp': None, 'symbol': 'SAND/USDT', 'type': 'market', 'timeInForce': 'GTC', 'postOnly': False, 'side': 'sell', 'price': 1.369, 'stopPrice': None, 'amount': 235.0, 'cost': 321.7157, 'average': 1.369, 'filled': 235.0, 'remaining': 0.0, 'status': 'closed', 'fee': None, 'trades': [], 'fees': []}
[Binance 2022-05-18 09:01:17.156929] leverage for 1000SHIB/USDT: -2
{'symbol': '1000SHIBUSDT', 'leverage': '2', 'maxNotionalValue': '2000000'}
[Binance 2022-05-18 09:01:17.449732] 0
[Binance 2022-05-18 09:01:17.507041] leverage for AVAX/USDT: -2
{'symbol': 'AVAXUSDT', 'leverage': '2', 'maxNotionalValue': '10000000'}
[Binance 2022-05-18 09:01:17.849654] {'info': {'orderId': '9195191498', 'symbol': 'AVAXUSDT', 'status': 'FILLED', 'clientOrderId': 'x-xcKtGhcu8a9fcf18267e35b29a426b', 'price': '0', 'avgPrice': '34.3000', 'origQty': '9', 'executedQty': '9', 'cumQty': '9', 'cumQuote': '308.7000', 'timeInForce': 'GTC', 'type': 'MARKET', 'reduceOnly': False, 'closePosition': False, 'side': 'SELL', 'positionSide': 'BOTH', 'stopPrice': '0', 'workingType': 'CONTRACT_PRICE', 'priceProtect': False, 'origType': 'MARKET', 'updateTime': '1652832077752'}, 'id': '9195191498', 'clientOrderId': 'x-xcKtGhcu8a9fcf18267e35b29a426b', 'timestamp': None, 'datetime': None, 'lastTradeTimestamp': None, 'symbol': 'AVAX/USDT', 'type': 'market', 'timeInForce': 'GTC', 'postOnly': False, 'side': 'sell', 'price': 34.3, 'stopPrice': None, 'amount': 9.0, 'cost': 308.7, 'average': 34.3, 'filled': 9.0, 'remaining': 0.0, 'status': 'closed', 'fee': None, 'trades': [], 'fees': []}
[Binance 2022-05-18 09:01:17.907260] leverage for ZIL/USDT: -2
{'symbol': 'ZILUSDT', 'leverage': '2', 'maxNotionalValue': '2000000'}
[Binance 2022-05-18 09:01:18.253723] {'info': {'orderId': '6643970768', 'symbol': 'ZILUSDT', 'status': 'FILLED', 'clientOrderId': 'x-xcKtGhcu1ad7e61629f6edc253cf51', 'price': '0', 'avgPrice': '0.05290', 'origQty': '6070', 'executedQty': '6070', 'cumQty': '6070', 'cumQuote': '321.10300', 'timeInForce': 'GTC', 'type': 'MARKET', 'reduceOnly': False, 'closePosition': False, 'side': 'SELL', 'positionSide': 'BOTH', 'stopPrice': '0', 'workingType': 'CONTRACT_PRICE', 'priceProtect': False, 'origType': 'MARKET', 'updateTime': '1652832078154'}, 'id': '6643970768', 'clientOrderId': 'x-xcKtGhcu1ad7e61629f6edc253cf51', 'timestamp': None, 'datetime': None, 'lastTradeTimestamp': None, 'symbol': 'ZIL/USDT', 'type': 'market', 'timeInForce': 'GTC', 'postOnly': False, 'side': 'sell', 'price': 0.0529, 'stopPrice': None, 'amount': 6070.0, 'cost': 321.103, 'average': 0.0529, 'filled': 6070.0, 'remaining': 0.0, 'status': 'closed', 'fee': None, 'trades': [], 'fees': []}
[Binance 2022-05-18 09:01:18.311819] leverage for NEAR/USDT: -2
{'symbol': 'NEARUSDT', 'leverage': '2', 'maxNotionalValue': '2000000'}
[Binance 2022-05-18 09:01:18.650491] {'info': {'orderId': '9483621444', 'symbol': 'NEARUSDT', 'status': 'FILLED', 'clientOrderId': 'x-xcKtGhcu8591cfcd65633509344554', 'price': '0', 'avgPrice': '6.6560', 'origQty': '48', 'executedQty': '48', 'cumQty': '48', 'cumQuote': '319.4880', 'timeInForce': 'GTC', 'type': 'MARKET', 'reduceOnly': False, 'closePosition': False, 'side': 'SELL', 'positionSide': 'BOTH', 'stopPrice': '0', 'workingType': 'CONTRACT_PRICE', 'priceProtect': False, 'origType': 'MARKET', 'updateTime': '1652832078551'}, 'id': '9483621444', 'clientOrderId': 'x-xcKtGhcu8591cfcd65633509344554', 'timestamp': None, 'datetime': None, 'lastTradeTimestamp': None, 'symbol': 'NEAR/USDT', 'type': 'market', 'timeInForce': 'GTC', 'postOnly': False, 'side': 'sell', 'price': 6.656, 'stopPrice': None, 'amount': 48.0, 'cost': 319.488, 'average': 6.656, 'filled': 48.0, 'remaining': 0.0, 'status': 'closed', 'fee': None, 'trades': [], 'fees': []}
[Binance 2022-05-18 09:01:18.709842] leverage for FTM/USDT: -2
{'symbol': 'FTMUSDT', 'leverage': '2', 'maxNotionalValue': '10000000'}
[Binance 2022-05-18 09:01:19.023034] {'info': {'orderId': '10724988996', 'symbol': 'FTMUSDT', 'status': 'FILLED', 'clientOrderId': 'x-xcKtGhcu826b0fc8d4e20b7ac937a', 'price': '0', 'avgPrice': '0.356900', 'origQty': '900', 'executedQty': '900', 'cumQty': '900', 'cumQuote': '321.210000', 'timeInForce': 'GTC', 'type': 'MARKET', 'reduceOnly': False, 'closePosition': False, 'side': 'SELL', 'positionSide': 'BOTH', 'stopPrice': '0', 'workingType': 'CONTRACT_PRICE', 'priceProtect': False, 'origType': 'MARKET', 'updateTime': '1652832078924'}, 'id': '10724988996', 'clientOrderId': 'x-xcKtGhcu826b0fc8d4e20b7ac937a', 'timestamp': None, 'datetime': None, 'lastTradeTimestamp': None, 'symbol': 'FTM/USDT', 'type': 'market', 'timeInForce': 'GTC', 'postOnly': False, 'side': 'sell', 'price': 0.3569, 'stopPrice': None, 'amount': 900.0, 'cost': 321.21, 'average': 0.3569, 'filled': 900.0, 'remaining': 0.0, 'status': 'closed', 'fee': None, 'trades': [], 'fees': []}
[Binance 2022-05-18 09:01:19.092374] leverage for WAVES/USDT: -2
{'symbol': 'WAVESUSDT', 'leverage': '2', 'maxNotionalValue': '1000000'}
[Binance 2022-05-18 09:01:19.528931] {'info': {'orderId': '7280060450', 'symbol': 'WAVESUSDT', 'status': 'FILLED', 'clientOrderId': 'x-xcKtGhcuea3857e9daffcaf5dbc7a', 'price': '0', 'avgPrice': '6.80700', 'origQty': '47.1', 'executedQty': '47.1', 'cumQty': '47.1', 'cumQuote': '320.60970', 'timeInForce': 'GTC', 'type': 'MARKET', 'reduceOnly': False, 'closePosition': False, 'side': 'SELL', 'positionSide': 'BOTH', 'stopPrice': '0', 'workingType': 'CONTRACT_PRICE', 'priceProtect': False, 'origType': 'MARKET', 'updateTime': '1652832079430'}, 'id': '7280060450', 'clientOrderId': 'x-xcKtGhcuea3857e9daffcaf5dbc7a', 'timestamp': None, 'datetime': None, 'lastTradeTimestamp': None, 'symbol': 'WAVES/USDT', 'type': 'market', 'timeInForce': 'GTC', 'postOnly': False, 'side': 'sell', 'price': 6.807, 'stopPrice': None, 'amount': 47.1, 'cost': 320.6097, 'average': 6.807, 'filled': 47.1, 'remaining': 0.0, 'status': 'closed', 'fee': None, 'trades': [], 'fees': []}
[Binance 2022-05-18 09:01:19.529060] End trading
