[Binance 2022-07-15 09:00:02.529880] Start trading...
[Binance 2022-07-15 09:00:06.571640] Cancelled all orders
[Binance 2022-07-15 09:01:18.021393] target amount: 80.070
[Binance 2022-07-15 09:01:18.565656] leverage for BTC/USDT: 0
[Binance 2022-07-15 09:01:19.252884] leverage for LINK/USDT: -2
{'symbol': 'LINKUSDT', 'leverage': '2', 'maxNotionalValue': '20000000'}
[Binance 2022-07-15 09:01:20.335939] {'info': {'orderId': '20220370658', 'symbol': 'LINKUSDT', 'status': 'FILLED', 'clientOrderId': 'x-xcKtGhcufbaef3739716e1066d2192', 'price': '0', 'avgPrice': '6.27797', 'origQty': '25.49', 'executedQty': '25.49', 'cumQty': '25.49', 'cumQuote': '160.02541', 'timeInForce': 'GTC', 'type': 'MARKET', 'reduceOnly': False, 'closePosition': False, 'side': 'SELL', 'positionSide': 'BOTH', 'stopPrice': '0', 'workingType': 'CONTRACT_PRICE', 'priceProtect': False, 'origType': 'MARKET', 'updateTime': '1657843280308'}, 'id': '20220370658', 'clientOrderId': 'x-xcKtGhcufbaef3739716e1066d2192', 'timestamp': None, 'datetime': None, 'lastTradeTimestamp': None, 'symbol': 'LINK/USDT', 'type': 'market', 'timeInForce': 'GTC', 'postOnly': False, 'side': 'sell', 'price': 6.27797, 'stopPrice': None, 'amount': 25.49, 'cost': 160.02541, 'average': 6.27797, 'filled': 25.49, 'remaining': 0.0, 'status': 'closed', 'fee': None, 'trades': [], 'fees': []}
[Binance 2022-07-15 09:01:20.888198] leverage for NEAR/USDT: -1
{'symbol': 'NEARUSDT', 'leverage': '1', 'maxNotionalValue': '5000000'}
[Binance 2022-07-15 09:01:21.898647] {'info': {'orderId': '10501785978', 'symbol': 'NEARUSDT', 'status': 'FILLED', 'clientOrderId': 'x-xcKtGhcu4138d3a5d35e5412835c86', 'price': '0', 'avgPrice': '3.4920', 'origQty': '22', 'executedQty': '22', 'cumQty': '22', 'cumQuote': '76.8240', 'timeInForce': 'GTC', 'type': 'MARKET', 'reduceOnly': False, 'closePosition': False, 'side': 'SELL', 'positionSide': 'BOTH', 'stopPrice': '0', 'workingType': 'CONTRACT_PRICE', 'priceProtect': False, 'origType': 'MARKET', 'updateTime': '1657843281872'}, 'id': '10501785978', 'clientOrderId': 'x-xcKtGhcu4138d3a5d35e5412835c86', 'timestamp': None, 'datetime': None, 'lastTradeTimestamp': None, 'symbol': 'NEAR/USDT', 'type': 'market', 'timeInForce': 'GTC', 'postOnly': False, 'side': 'sell', 'price': 3.492, 'stopPrice': None, 'amount': 22.0, 'cost': 76.824, 'average': 3.492, 'filled': 22.0, 'remaining': 0.0, 'status': 'closed', 'fee': None, 'trades': [], 'fees': []}
[Binance 2022-07-15 09:01:22.438588] leverage for SAND/USDT: 0
[Binance 2022-07-15 09:01:22.979386] leverage for 1000SHIB/USDT: -1
{'symbol': '1000SHIBUSDT', 'leverage': '1', 'maxNotionalValue': '30000000'}
[Binance 2022-07-15 09:01:23.747751] 0
[Binance 2022-07-15 09:01:24.290905] leverage for ADA/USDT: -2
{'symbol': 'ADAUSDT', 'leverage': '2', 'maxNotionalValue': '20000000'}
[Binance 2022-07-15 09:01:25.110643] {'info': {'orderId': '23355806456', 'symbol': 'ADAUSDT', 'status': 'FILLED', 'clientOrderId': 'x-xcKtGhcu3339c7b3450b037f1d84bd', 'price': '0', 'avgPrice': '0.44240', 'origQty': '362', 'executedQty': '362', 'cumQty': '362', 'cumQuote': '160.14880', 'timeInForce': 'GTC', 'type': 'MARKET', 'reduceOnly': False, 'closePosition': False, 'side': 'SELL', 'positionSide': 'BOTH', 'stopPrice': '0', 'workingType': 'CONTRACT_PRICE', 'priceProtect': False, 'origType': 'MARKET', 'updateTime': '1657843285083'}, 'id': '23355806456', 'clientOrderId': 'x-xcKtGhcu3339c7b3450b037f1d84bd', 'timestamp': None, 'datetime': None, 'lastTradeTimestamp': None, 'symbol': 'ADA/USDT', 'type': 'market', 'timeInForce': 'GTC', 'postOnly': False, 'side': 'sell', 'price': 0.4424, 'stopPrice': None, 'amount': 362.0, 'cost': 160.1488, 'average': 0.4424, 'filled': 362.0, 'remaining': 0.0, 'status': 'closed', 'fee': None, 'trades': [], 'fees': []}
[Binance 2022-07-15 09:01:25.655207] leverage for DOT/USDT: -2
{'symbol': 'DOTUSDT', 'leverage': '2', 'maxNotionalValue': '50000000'}
[Binance 2022-07-15 09:01:26.525477] {'info': {'orderId': '14563485231', 'symbol': 'DOTUSDT', 'status': 'FILLED', 'clientOrderId': 'x-xcKtGhcu2b9bad8f9e93d830d98a1e', 'price': '0', 'avgPrice': '6.7400', 'origQty': '23.7', 'executedQty': '23.7', 'cumQty': '23.7', 'cumQuote': '159.7380', 'timeInForce': 'GTC', 'type': 'MARKET', 'reduceOnly': False, 'closePosition': False, 'side': 'SELL', 'positionSide': 'BOTH', 'stopPrice': '0', 'workingType': 'CONTRACT_PRICE', 'priceProtect': False, 'origType': 'MARKET', 'updateTime': '1657843286498'}, 'id': '14563485231', 'clientOrderId': 'x-xcKtGhcu2b9bad8f9e93d830d98a1e', 'timestamp': None, 'datetime': None, 'lastTradeTimestamp': None, 'symbol': 'DOT/USDT', 'type': 'market', 'timeInForce': 'GTC', 'postOnly': False, 'side': 'sell', 'price': 6.74, 'stopPrice': None, 'amount': 23.7, 'cost': 159.738, 'average': 6.74, 'filled': 23.7, 'remaining': 0.0, 'status': 'closed', 'fee': None, 'trades': [], 'fees': []}
[Binance 2022-07-15 09:01:27.072964] leverage for WAVES/USDT: -2
{'symbol': 'WAVESUSDT', 'leverage': '2', 'maxNotionalValue': '1000000'}
[Binance 2022-07-15 09:01:27.926129] {'info': {'orderId': '8596614792', 'symbol': 'WAVESUSDT', 'status': 'FILLED', 'clientOrderId': 'x-xcKtGhcudb3ee663f9a760d67f902e', 'price': '0', 'avgPrice': '5.18900', 'origQty': '30.8', 'executedQty': '30.8', 'cumQty': '30.8', 'cumQuote': '159.82120', 'timeInForce': 'GTC', 'type': 'MARKET', 'reduceOnly': False, 'closePosition': False, 'side': 'SELL', 'positionSide': 'BOTH', 'stopPrice': '0', 'workingType': 'CONTRACT_PRICE', 'priceProtect': False, 'origType': 'MARKET', 'updateTime': '1657843287898'}, 'id': '8596614792', 'clientOrderId': 'x-xcKtGhcudb3ee663f9a760d67f902e', 'timestamp': None, 'datetime': None, 'lastTradeTimestamp': None, 'symbol': 'WAVES/USDT', 'type': 'market', 'timeInForce': 'GTC', 'postOnly': False, 'side': 'sell', 'price': 5.189, 'stopPrice': None, 'amount': 30.8, 'cost': 159.8212, 'average': 5.189, 'filled': 30.8, 'remaining': 0.0, 'status': 'closed', 'fee': None, 'trades': [], 'fees': []}
[Binance 2022-07-15 09:01:28.409654] End trading
