[Upbit 2021-11-08 10:02:03.389269] Start trading...
{'KRW-MANA': [0.483168403270129, 1740.0], 'KRW-SAND': [0.47082015702332647, 1735.0], 'KRW-CRO': [0.39547477879689, 164.0], 'KRW-ENJ': [0.2513856139419567, 930.0], 'KRW-WAXP': [0.2013436907988453, 152.0]}
['KRW-MANA', 'KRW-SAND', 'KRW-CRO', 'KRW-ENJ', 'KRW-WAXP']
[Upbit 2021-11-08 10:04:13.821321] target amount: 220433.00585287684
[Upbit 2021-11-08 10:04:16.093899] {'uuid': 'c07e93a6-ac1e-403f-9fcf-4fc668452260', 'side': 'ask', 'ord_type': 'market', 'price': None, 'state': 'wait', 'market': 'KRW-CRO', 'created_at': '2021-11-08T10:04:15+09:00', 'volume': '22.608', 'remaining_volume': '22.608', 'reserved_fee': '0.0', 'remaining_fee': '0.0', 'paid_fee': '0.0', 'locked': '22.608', 'executed_volume': '0.0', 'trades_count': 0}
['KRW-MANA', 'KRW-SAND', 'KRW-ENJ', 'KRW-WAXP']
KRW-ENJ 220433.00585287684 215920.910442 4512.095410876849
KRW-MANA 220433.00585287684 223236.7630671 -2803.757214223151
KRW-WAXP 220433.00585287684 216081.2540712 4351.751781676838
KRW-SAND 220433.00585287684 215184.2492212 5248.756631676835
[Upbit 2021-11-08 10:04:18.385252] {'uuid': '0e57696b-9781-4f7c-acb2-7a8b3e69cafa', 'side': 'bid', 'ord_type': 'price', 'price': '5248.0', 'state': 'wait', 'market': 'KRW-SAND', 'created_at': '2021-11-08T10:04:17+09:00', 'volume': None, 'remaining_volume': None, 'reserved_fee': '2.624', 'remaining_fee': '2.624', 'paid_fee': '0.0', 'locked': '5250.624', 'executed_volume': '0.0', 'trades_count': 0}
['KRW-MANA', 'KRW-ENJ', 'KRW-WAXP']
400
주문가능한 금액(KRW)이 부족합니다.
insufficient_funds_bid
UpbitError
[Upbit 2021-11-08 10:04:19.091937] None
400
주문가능한 금액(KRW)이 부족합니다.
insufficient_funds_bid
UpbitError
[Upbit 2021-11-08 10:04:19.806102] None
['KRW-ENJ']
[Upbit 2021-11-08 10:04:20.294766] End trading
[Upbit 2021-11-09 09:01:03.740331] Start trading...
[Upbit 2021-11-09 09:01:49.745361] ['KRW-CRO', 'KRW-SAND', 'KRW-MANA', 'KRW-BAT', 'KRW-VET']
[Upbit 2021-11-09 09:02:10.216841] {'uuid': '9960f95f-7efa-4908-bd72-4f9cf3be668f', 'side': 'ask', 'ord_type': 'market', 'price': None, 'state': 'wait', 'market': 'KRW-ENJ', 'created_at': '2021-11-09T09:02:09+09:00', 'volume': '55.9380597', 'remaining_volume': '55.9380597', 'reserved_fee': '0.0', 'remaining_fee': '0.0', 'paid_fee': '0.0', 'locked': '55.9380597', 'executed_volume': '0.0', 'trades_count': 0}
[Upbit 2021-11-09 09:02:14.299326] {'uuid': 'd8c430b6-58af-4f3c-9e26-54138beef28a', 'side': 'ask', 'ord_type': 'market', 'price': None, 'state': 'wait', 'market': 'KRW-WAXP', 'created_at': '2021-11-09T09:02:13+09:00', 'volume': '366.23941368', 'remaining_volume': '366.23941368', 'reserved_fee': '0.0', 'remaining_fee': '0.0', 'paid_fee': '0.0', 'locked': '366.23941368', 'executed_volume': '0.0', 'trades_count': 0}
[Upbit 2021-11-09 09:03:12.684988] target amount: 221191.62305322604
[Upbit 2021-11-09 09:03:14.977828] {'uuid': '1d1c50c6-97f2-4312-a1ec-9bb14d58a71e', 'side': 'ask', 'ord_type': 'market', 'price': None, 'state': 'wait', 'market': 'KRW-CRO', 'created_at': '2021-11-09T09:03:14+09:00', 'volume': '39.641', 'remaining_volume': '39.641', 'reserved_fee': '0.0', 'remaining_fee': '0.0', 'paid_fee': '0.0', 'locked': '39.641', 'executed_volume': '0.0', 'trades_count': 0}
[Upbit 2021-11-09 09:03:15.689222] {'uuid': '126e7969-7b69-4512-8074-37893ecd6575', 'side': 'bid', 'ord_type': 'price', 'price': '221191.0', 'state': 'wait', 'market': 'KRW-BAT', 'created_at': '2021-11-09T09:03:15+09:00', 'volume': None, 'remaining_volume': None, 'reserved_fee': '110.5955', 'remaining_fee': '110.5955', 'paid_fee': '0.0', 'locked': '221301.5955', 'executed_volume': '0.0', 'trades_count': 0}
[Upbit 2021-11-09 09:03:16.154907] End trading
[Upbit 2021-11-10 09:01:06.356519] Start trading...
[Upbit 2021-11-10 09:02:02.225886] ['KRW-MANA', 'KRW-BAT', 'KRW-SAND', 'KRW-LTC', 'KRW-CRO']
[Upbit 2021-11-10 09:02:31.113545] {'uuid': '1924b3d9-6fa6-4fad-8a39-afbf82af956c', 'side': 'ask', 'ord_type': 'market', 'price': None, 'state': 'wait', 'market': 'KRW-VET', 'created_at': '2021-11-10T09:02:30+09:00', 'volume': '1000.92093023', 'remaining_volume': '1000.92093023', 'reserved_fee': '0.0', 'remaining_fee': '0.0', 'paid_fee': '0.0', 'locked': '1000.92093023', 'executed_volume': '0.0', 'trades_count': 0}
[Upbit 2021-11-10 09:03:30.221573] target amount: 205263.8887733136
['KRW-LTC']
[Upbit 2021-11-10 09:03:32.678081] {'uuid': '10731ab4-f2b9-48ed-89c3-5434414df561', 'side': 'bid', 'ord_type': 'price', 'price': '205263.0', 'state': 'wait', 'market': 'KRW-LTC', 'created_at': '2021-11-10T09:03:32+09:00', 'volume': None, 'remaining_volume': None, 'reserved_fee': '102.6315', 'remaining_fee': '102.6315', 'paid_fee': '0.0', 'locked': '205365.6315', 'executed_volume': '0.0', 'trades_count': 0}
[Upbit 2021-11-10 09:03:33.145905] End trading
[Upbit 2021-11-11 09:01:03.731625] Start trading...
[Upbit 2021-11-11 09:01:55.811182] ['KRW-LTC', 'KRW-BCH', 'KRW-LINK', 'KRW-ADA', 'KRW-CHZ']
[Upbit 2021-11-11 09:01:58.865835] {'uuid': 'bc436ec6-bf20-4c5e-ab38-62a74bb037a2', 'side': 'ask', 'ord_type': 'market', 'price': None, 'state': 'wait', 'market': 'KRW-XRP', 'created_at': '2021-11-11T09:01:58+09:00', 'volume': '133.89842271', 'remaining_volume': '133.89842271', 'reserved_fee': '0.0', 'remaining_fee': '0.0', 'paid_fee': '0.0', 'locked': '133.89842271', 'executed_volume': '0.0', 'trades_count': 0}
[Upbit 2021-11-11 09:02:00.061573] {'uuid': '37fe4a51-964b-4fb0-a54a-5c3142439042', 'side': 'ask', 'ord_type': 'market', 'price': None, 'state': 'wait', 'market': 'KRW-ETC', 'created_at': '2021-11-11T09:01:59+09:00', 'volume': '2.87484124', 'remaining_volume': '2.87484124', 'reserved_fee': '0.0', 'remaining_fee': '0.0', 'paid_fee': '0.0', 'locked': '2.87484124', 'executed_volume': '0.0', 'trades_count': 0}
[Upbit 2021-11-11 09:02:07.543353] {'uuid': 'c5fa3053-b89e-429e-8fb6-656dbb200853', 'side': 'ask', 'ord_type': 'market', 'price': None, 'state': 'wait', 'market': 'KRW-EOS', 'created_at': '2021-11-11T09:02:07+09:00', 'volume': '33.86042491', 'remaining_volume': '33.86042491', 'reserved_fee': '0.0', 'remaining_fee': '0.0', 'paid_fee': '0.0', 'locked': '33.86042491', 'executed_volume': '0.0', 'trades_count': 0}
[Upbit 2021-11-11 09:03:17.849038] target amount: 200645.71530288298
['KRW-LINK', 'KRW-ADA', 'KRW-CHZ']
[Upbit 2021-11-11 09:03:19.227290] {'uuid': 'bad0dfaf-6969-4b05-8431-bc6d40f4ee20', 'side': 'bid', 'ord_type': 'price', 'price': '200645.0', 'state': 'wait', 'market': 'KRW-LINK', 'created_at': '2021-11-11T09:03:18+09:00', 'volume': None, 'remaining_volume': None, 'reserved_fee': '100.3225', 'remaining_fee': '100.3225', 'paid_fee': '0.0', 'locked': '200745.3225', 'executed_volume': '0.0', 'trades_count': 0}
[Upbit 2021-11-11 09:03:19.934157] {'uuid': '38972b86-8e85-4004-a414-bb26a5328675', 'side': 'bid', 'ord_type': 'price', 'price': '200645.0', 'state': 'wait', 'market': 'KRW-ADA', 'created_at': '2021-11-11T09:03:19+09:00', 'volume': None, 'remaining_volume': None, 'reserved_fee': '100.3225', 'remaining_fee': '100.3225', 'paid_fee': '0.0', 'locked': '200745.3225', 'executed_volume': '0.0', 'trades_count': 0}
[Upbit 2021-11-11 09:03:20.733634] {'uuid': 'a2eccaa7-b755-40bf-8e17-f0e342a5294f', 'side': 'bid', 'ord_type': 'price', 'price': '200645.0', 'state': 'wait', 'market': 'KRW-CHZ', 'created_at': '2021-11-11T09:03:20+09:00', 'volume': None, 'remaining_volume': None, 'reserved_fee': '100.3225', 'remaining_fee': '100.3225', 'paid_fee': '0.0', 'locked': '200745.3225', 'executed_volume': '0.0', 'trades_count': 0}
[Upbit 2021-11-11 09:03:21.191155] End trading
[Upbit 2021-11-12 09:01:03.526316] Start trading...
[Upbit 2021-11-12 09:01:57.683510] ['KRW-CHZ', 'KRW-WAXP', 'KRW-LTC', 'KRW-HBAR', 'KRW-STX']
[Upbit 2021-11-12 09:02:06.414732] {'uuid': 'bdd4124c-a5e8-4dba-9258-690825ac1de1', 'side': 'ask', 'ord_type': 'market', 'price': None, 'state': 'wait', 'market': 'KRW-ADA', 'created_at': '2021-11-12T09:02:05+09:00', 'volume': '78.22417153', 'remaining_volume': '78.22417153', 'reserved_fee': '0.0', 'remaining_fee': '0.0', 'paid_fee': '0.0', 'locked': '78.22417153', 'executed_volume': '0.0', 'trades_count': 0}
[Upbit 2021-11-12 09:02:12.185677] {'uuid': '8b87a401-bf79-4010-ac5d-e50f04cca31e', 'side': 'ask', 'ord_type': 'market', 'price': None, 'state': 'wait', 'market': 'KRW-BCH', 'created_at': '2021-11-12T09:02:11+09:00', 'volume': '0.24987315', 'remaining_volume': '0.24987315', 'reserved_fee': '0.0', 'remaining_fee': '0.0', 'paid_fee': '0.0', 'locked': '0.24987315', 'executed_volume': '0.0', 'trades_count': 0}
[Upbit 2021-11-12 09:02:26.880500] {'uuid': 'c51a314a-65e1-46ad-8a65-c3a49d8432cf', 'side': 'ask', 'ord_type': 'market', 'price': None, 'state': 'wait', 'market': 'KRW-LINK', 'created_at': '2021-11-12T09:02:26+09:00', 'volume': '4.84181949', 'remaining_volume': '4.84181949', 'reserved_fee': '0.0', 'remaining_fee': '0.0', 'paid_fee': '0.0', 'locked': '4.84181949', 'executed_volume': '0.0', 'trades_count': 0}
[Upbit 2021-11-12 09:03:18.361312] target amount: 205063.6733223552
[Upbit 2021-11-12 09:03:19.785134] {'uuid': '8721ae35-ab15-4615-b8ad-dfafe74530d8', 'side': 'ask', 'ord_type': 'market', 'price': None, 'state': 'wait', 'market': 'KRW-CHZ', 'created_at': '2021-11-12T09:03:19+09:00', 'volume': '27.225', 'remaining_volume': '27.225', 'reserved_fee': '0.0', 'remaining_fee': '0.0', 'paid_fee': '0.0', 'locked': '27.225', 'executed_volume': '0.0', 'trades_count': 0}
['KRW-WAXP', 'KRW-HBAR', 'KRW-STX']
[Upbit 2021-11-12 09:03:20.504874] {'uuid': '327f4f5b-73a0-43a4-9dcd-b451f49ed93a', 'side': 'bid', 'ord_type': 'price', 'price': '205063.0', 'state': 'wait', 'market': 'KRW-WAXP', 'created_at': '2021-11-12T09:03:20+09:00', 'volume': None, 'remaining_volume': None, 'reserved_fee': '102.5315', 'remaining_fee': '102.5315', 'paid_fee': '0.0', 'locked': '205165.5315', 'executed_volume': '0.0', 'trades_count': 0}
[Upbit 2021-11-12 09:03:21.269050] {'uuid': 'd5e04944-2c83-4bdb-801e-3f8aa17104e9', 'side': 'bid', 'ord_type': 'price', 'price': '205063.0', 'state': 'wait', 'market': 'KRW-HBAR', 'created_at': '2021-11-12T09:03:20+09:00', 'volume': None, 'remaining_volume': None, 'reserved_fee': '102.5315', 'remaining_fee': '102.5315', 'paid_fee': '0.0', 'locked': '205165.5315', 'executed_volume': '0.0', 'trades_count': 0}
[Upbit 2021-11-12 09:03:22.008359] {'uuid': '10429b2d-250a-4895-adf6-4ab3e82ecc6f', 'side': 'bid', 'ord_type': 'price', 'price': '205063.0', 'state': 'wait', 'market': 'KRW-STX', 'created_at': '2021-11-12T09:03:21+09:00', 'volume': None, 'remaining_volume': None, 'reserved_fee': '102.5315', 'remaining_fee': '102.5315', 'paid_fee': '0.0', 'locked': '205165.5315', 'executed_volume': '0.0', 'trades_count': 0}
[Upbit 2021-11-12 09:03:22.474002] End trading
[Upbit 2021-11-13 09:01:03.857133] Start trading...
[Upbit 2021-11-13 09:01:59.190636] ['KRW-MANA', 'KRW-HBAR', 'KRW-CHZ', 'KRW-STX']
[Upbit 2021-11-13 09:02:01.930235] {'uuid': '3e03c626-1efc-4444-9181-65e22d48d1d0', 'side': 'ask', 'ord_type': 'market', 'price': None, 'state': 'wait', 'market': 'KRW-LTC', 'created_at': '2021-11-13T09:02:03+09:00', 'volume': '0.63040712', 'remaining_volume': '0.63040712', 'reserved_fee': '0.0', 'remaining_fee': '0.0', 'paid_fee': '0.0', 'locked': '0.63040712', 'executed_volume': '0.0', 'trades_count': 0}
[Upbit 2021-11-13 09:02:23.899410] {'uuid': '57e01b76-9423-4e67-8bbd-da7c46b41e4c', 'side': 'ask', 'ord_type': 'market', 'price': None, 'state': 'wait', 'market': 'KRW-WAXP', 'created_at': '2021-11-13T09:02:25+09:00', 'volume': '316.45524691', 'remaining_volume': '316.45524691', 'reserved_fee': '0.0', 'remaining_fee': '0.0', 'paid_fee': '0.0', 'locked': '316.45524691', 'executed_volume': '0.0', 'trades_count': 0}
[Upbit 2021-11-13 09:03:22.959872] target amount: 213439.63877009455
[Upbit 2021-11-13 09:03:24.781718] {'uuid': 'c6d667c2-fd98-43b1-a623-8ac8030968de', 'side': 'ask', 'ord_type': 'market', 'price': None, 'state': 'wait', 'market': 'KRW-CHZ', 'created_at': '2021-11-13T09:03:26+09:00', 'volume': '8.321', 'remaining_volume': '8.321', 'reserved_fee': '0.0', 'remaining_fee': '0.0', 'paid_fee': '0.0', 'locked': '8.321', 'executed_volume': '0.0', 'trades_count': 0}
['KRW-MANA']
[Upbit 2021-11-13 09:03:25.512720] {'uuid': '319d71a3-e8a6-4ac1-aead-db129f732d27', 'side': 'bid', 'ord_type': 'price', 'price': '213439.0', 'state': 'wait', 'market': 'KRW-MANA', 'created_at': '2021-11-13T09:03:27+09:00', 'volume': None, 'remaining_volume': None, 'reserved_fee': '106.7195', 'remaining_fee': '106.7195', 'paid_fee': '0.0', 'locked': '213545.7195', 'executed_volume': '0.0', 'trades_count': 0}
[Upbit 2021-11-13 09:03:25.966093] End trading
[Upbit 2021-11-14 09:01:02.526878] Start trading...
[Upbit 2021-11-14 09:01:57.105313] ['KRW-SAND', 'KRW-CRO', 'KRW-MANA', 'KRW-CHZ', 'KRW-PLA']
[Upbit 2021-11-14 09:02:21.982285] {'uuid': '3928dff0-8852-405c-a569-d6b340017a1d', 'side': 'ask', 'ord_type': 'market', 'price': None, 'state': 'wait', 'market': 'KRW-HBAR', 'created_at': '2021-11-14T09:02:21+09:00', 'volume': '385.45676691', 'remaining_volume': '385.45676691', 'reserved_fee': '0.0', 'remaining_fee': '0.0', 'paid_fee': '0.0', 'locked': '385.45676691', 'executed_volume': '0.0', 'trades_count': 0}
[Upbit 2021-11-14 09:02:37.111667] {'uuid': '2a3d3720-8b12-48cb-960b-080bf608e18b', 'side': 'ask', 'ord_type': 'market', 'price': None, 'state': 'wait', 'market': 'KRW-STX', 'created_at': '2021-11-14T09:02:36+09:00', 'volume': '75.66900369', 'remaining_volume': '75.66900369', 'reserved_fee': '0.0', 'remaining_fee': '0.0', 'paid_fee': '0.0', 'locked': '75.66900369', 'executed_volume': '0.0', 'trades_count': 0}
[Upbit 2021-11-14 09:03:20.448655] target amount: 208527.98056856642
['KRW-SAND', 'KRW-CRO', 'KRW-PLA']
[Upbit 2021-11-14 09:03:22.156021] {'uuid': '4a13ef3f-f1c5-4c49-a71b-e4d3caadd01d', 'side': 'bid', 'ord_type': 'price', 'price': '208527.0', 'state': 'wait', 'market': 'KRW-SAND', 'created_at': '2021-11-14T09:03:21+09:00', 'volume': None, 'remaining_volume': None, 'reserved_fee': '104.2635', 'remaining_fee': '104.2635', 'paid_fee': '0.0', 'locked': '208631.2635', 'executed_volume': '0.0', 'trades_count': 0}
[Upbit 2021-11-14 09:03:22.857933] {'uuid': 'aaf3ad40-4796-4e33-a41f-6419f6ea1eb0', 'side': 'bid', 'ord_type': 'price', 'price': '208527.0', 'state': 'wait', 'market': 'KRW-CRO', 'created_at': '2021-11-14T09:03:22+09:00', 'volume': None, 'remaining_volume': None, 'reserved_fee': '104.2635', 'remaining_fee': '104.2635', 'paid_fee': '0.0', 'locked': '208631.2635', 'executed_volume': '0.0', 'trades_count': 0}
[Upbit 2021-11-14 09:03:23.597890] {'uuid': 'e0c59385-ff93-4315-9f9d-d75cf8f20741', 'side': 'bid', 'ord_type': 'price', 'price': '208527.0', 'state': 'wait', 'market': 'KRW-PLA', 'created_at': '2021-11-14T09:03:23+09:00', 'volume': None, 'remaining_volume': None, 'reserved_fee': '104.2635', 'remaining_fee': '104.2635', 'paid_fee': '0.0', 'locked': '208631.2635', 'executed_volume': '0.0', 'trades_count': 0}
[Upbit 2021-11-14 09:03:24.047644] End trading
[Upbit 2021-11-16 09:01:03.272927] Start trading...
[Upbit 2021-11-16 09:01:56.432254] ['KRW-BORA', 'KRW-POWR', 'KRW-PLA', 'KRW-WAXP', 'KRW-TRX']
[Upbit 2021-11-16 09:02:21.796485] {'uuid': '67d03d38-f40b-4ec4-8349-6a01142ba78b', 'side': 'ask', 'ord_type': 'market', 'price': None, 'state': 'wait', 'market': 'KRW-CHZ', 'created_at': '2021-11-16T09:02:21+09:00', 'volume': '319.3261522', 'remaining_volume': '319.3261522', 'reserved_fee': '0.0', 'remaining_fee': '0.0', 'paid_fee': '0.0', 'locked': '319.3261522', 'executed_volume': '0.0', 'trades_count': 0}
[Upbit 2021-11-16 09:02:25.896652] {'uuid': '77715274-f7be-48bb-a982-637aa3fa0849', 'side': 'ask', 'ord_type': 'market', 'price': None, 'state': 'wait', 'market': 'KRW-CRO', 'created_at': '2021-11-16T09:02:25+09:00', 'volume': '418.20548407', 'remaining_volume': '418.20548407', 'reserved_fee': '0.0', 'remaining_fee': '0.0', 'paid_fee': '0.0', 'locked': '418.20548407', 'executed_volume': '0.0', 'trades_count': 0}
[Upbit 2021-11-16 09:03:15.028095] target amount: 229219.80710675582
[Upbit 2021-11-16 09:03:16.889818] {'uuid': 'cb8ad12c-d1bc-4443-81f4-68815ceccba2', 'side': 'ask', 'ord_type': 'market', 'price': None, 'state': 'wait', 'market': 'KRW-BORA', 'created_at': '2021-11-16T09:03:16+09:00', 'volume': '29.448', 'remaining_volume': '29.448', 'reserved_fee': '0.0', 'remaining_fee': '0.0', 'paid_fee': '0.0', 'locked': '29.448', 'executed_volume': '0.0', 'trades_count': 0}
['KRW-POWR', 'KRW-TRX']
[Upbit 2021-11-16 09:03:17.609877] {'uuid': '00d04158-b06b-4f1b-a5be-23ee1da38007', 'side': 'bid', 'ord_type': 'price', 'price': '229219.0', 'state': 'wait', 'market': 'KRW-POWR', 'created_at': '2021-11-16T09:03:17+09:00', 'volume': None, 'remaining_volume': None, 'reserved_fee': '114.6095', 'remaining_fee': '114.6095', 'paid_fee': '0.0', 'locked': '229333.6095', 'executed_volume': '0.0', 'trades_count': 0}
[Upbit 2021-11-16 09:03:18.382953] {'uuid': '5aa94626-7ef6-479a-a85b-97fc4eb2ff6b', 'side': 'bid', 'ord_type': 'price', 'price': '229219.0', 'state': 'wait', 'market': 'KRW-TRX', 'created_at': '2021-11-16T09:03:17+09:00', 'volume': None, 'remaining_volume': None, 'reserved_fee': '114.6095', 'remaining_fee': '114.6095', 'paid_fee': '0.0', 'locked': '229333.6095', 'executed_volume': '0.0', 'trades_count': 0}
[Upbit 2021-11-16 09:03:18.832505] End trading
[Upbit 2021-11-17 09:01:03.595846] Start trading...
[Upbit 2021-11-17 09:01:57.160394] ['KRW-BORA', 'KRW-PLA', 'KRW-POWR', 'KRW-SSX', 'KRW-HUM']
[Upbit 2021-11-17 09:02:19.023951] {'uuid': '29a11d60-799b-45d5-b2de-18e4778e7378', 'side': 'ask', 'ord_type': 'market', 'price': None, 'state': 'wait', 'market': 'KRW-WAXP', 'created_at': '2021-11-17T09:02:18+09:00', 'volume': '260.77299122', 'remaining_volume': '260.77299122', 'reserved_fee': '0.0', 'remaining_fee': '0.0', 'paid_fee': '0.0', 'locked': '260.77299122', 'executed_volume': '0.0', 'trades_count': 0}
[Upbit 2021-11-17 09:03:14.903719] target amount: 292869.47857573803
[Upbit 2021-11-17 09:03:16.907953] {'uuid': '21624a90-cb6c-434f-a368-931329a34736', 'side': 'ask', 'ord_type': 'market', 'price': None, 'state': 'wait', 'market': 'KRW-BORA', 'created_at': '2021-11-17T09:03:16+09:00', 'volume': '154.001', 'remaining_volume': '154.001', 'reserved_fee': '0.0', 'remaining_fee': '0.0', 'paid_fee': '0.0', 'locked': '154.001', 'executed_volume': '0.0', 'trades_count': 0}
['KRW-SSX', 'KRW-HUM']
[Upbit 2021-11-17 09:03:17.695298] {'uuid': '1c8eb38f-1a33-4ee1-a789-987e369e8ed3', 'side': 'bid', 'ord_type': 'price', 'price': '292869.0', 'state': 'wait', 'market': 'KRW-SSX', 'created_at': '2021-11-17T09:03:17+09:00', 'volume': None, 'remaining_volume': None, 'reserved_fee': '146.4345', 'remaining_fee': '146.4345', 'paid_fee': '0.0', 'locked': '293015.4345', 'executed_volume': '0.0', 'trades_count': 0}
[Upbit 2021-11-17 09:03:18.391974] {'uuid': 'fd395f74-9ed3-4377-b38e-09eccf8e6eda', 'side': 'bid', 'ord_type': 'price', 'price': '292869.0', 'state': 'wait', 'market': 'KRW-HUM', 'created_at': '2021-11-17T09:03:17+09:00', 'volume': None, 'remaining_volume': None, 'reserved_fee': '146.4345', 'remaining_fee': '146.4345', 'paid_fee': '0.0', 'locked': '293015.4345', 'executed_volume': '0.0', 'trades_count': 0}
[Upbit 2021-11-17 09:03:18.846991] End trading
[Upbit 2021-11-18 09:01:03.193812] Start trading...
[Upbit 2021-11-18 09:01:56.485762] ['KRW-BORA', 'KRW-HUM', 'KRW-PLA', 'KRW-WAXP', 'KRW-MOC']
[Upbit 2021-11-18 09:02:05.766236] {'uuid': '2f94e8e9-f853-46c7-bc33-ef25b005854e', 'side': 'ask', 'ord_type': 'market', 'price': None, 'state': 'wait', 'market': 'KRW-POWR', 'created_at': '2021-11-18T09:02:05+09:00', 'volume': '333.94357503', 'remaining_volume': '333.94357503', 'reserved_fee': '0.0', 'remaining_fee': '0.0', 'paid_fee': '0.0', 'locked': '333.94357503', 'executed_volume': '0.0', 'trades_count': 0}
[Upbit 2021-11-18 09:02:30.473518] {'uuid': 'd454bb25-ba02-44ec-9f0d-ba4be4ebaa3f', 'side': 'ask', 'ord_type': 'market', 'price': None, 'state': 'wait', 'market': 'KRW-SSX', 'created_at': '2021-11-18T09:02:29+09:00', 'volume': '2614.90178571', 'remaining_volume': '2614.90178571', 'reserved_fee': '0.0', 'remaining_fee': '0.0', 'paid_fee': '0.0', 'locked': '2614.90178571', 'executed_volume': '0.0', 'trades_count': 0}
[Upbit 2021-11-18 09:03:21.631065] target amount: 331290.5571466074
[Upbit 2021-11-18 09:03:23.974724] {'uuid': '6ba2cba7-763b-47c9-9d9d-62a520d09a85', 'side': 'ask', 'ord_type': 'market', 'price': None, 'state': 'wait', 'market': 'KRW-HUM', 'created_at': '2021-11-18T09:03:23+09:00', 'volume': '261.456', 'remaining_volume': '261.456', 'reserved_fee': '0.0', 'remaining_fee': '0.0', 'paid_fee': '0.0', 'locked': '261.456', 'executed_volume': '0.0', 'trades_count': 0}
['KRW-WAXP', 'KRW-MOC']
[Upbit 2021-11-18 09:03:24.737481] {'uuid': 'd9cd6e7f-d974-4cbe-82fd-c2c9dd0a9900', 'side': 'bid', 'ord_type': 'price', 'price': '331290.0', 'state': 'wait', 'market': 'KRW-WAXP', 'created_at': '2021-11-18T09:03:24+09:00', 'volume': None, 'remaining_volume': None, 'reserved_fee': '165.645', 'remaining_fee': '165.645', 'paid_fee': '0.0', 'locked': '331455.645', 'executed_volume': '0.0', 'trades_count': 0}
[Upbit 2021-11-18 09:03:25.622341] {'uuid': 'c4b1e7bc-c6ec-4536-8e79-4cdf537b820d', 'side': 'bid', 'ord_type': 'price', 'price': '331290.0', 'state': 'wait', 'market': 'KRW-MOC', 'created_at': '2021-11-18T09:03:25+09:00', 'volume': None, 'remaining_volume': None, 'reserved_fee': '165.645', 'remaining_fee': '165.645', 'paid_fee': '0.0', 'locked': '331455.645', 'executed_volume': '0.0', 'trades_count': 0}
[Upbit 2021-11-18 09:03:26.162464] End trading
[Upbit 2021-11-19 09:01:02.875636] Start trading...
[Upbit 2021-11-19 09:01:55.010989] ['KRW-HUM', 'KRW-BORA', 'KRW-SAND', 'KRW-MANA', 'KRW-CRO']
[Upbit 2021-11-19 09:02:17.803052] {'uuid': '24f1bd2c-5009-4aa3-8e54-8b634038fa99', 'side': 'ask', 'ord_type': 'market', 'price': None, 'state': 'wait', 'market': 'KRW-WAXP', 'created_at': '2021-11-19T09:02:17+09:00', 'volume': '256.03909871', 'remaining_volume': '256.03909871', 'reserved_fee': '0.0', 'remaining_fee': '0.0', 'paid_fee': '0.0', 'locked': '256.03909871', 'executed_volume': '0.0', 'trades_count': 0}
[Upbit 2021-11-19 09:03:16.879567] target amount: 404013.07801939326
['KRW-MANA']
[Upbit 2021-11-19 09:03:20.015179] {'uuid': '61d61dbb-37d6-4ec8-bb7c-482bbdd9a64d', 'side': 'bid', 'ord_type': 'price', 'price': '404013.0', 'state': 'wait', 'market': 'KRW-MANA', 'created_at': '2021-11-19T09:03:19+09:00', 'volume': None, 'remaining_volume': None, 'reserved_fee': '202.0065', 'remaining_fee': '202.0065', 'paid_fee': '0.0', 'locked': '404215.0065', 'executed_volume': '0.0', 'trades_count': 0}
[Upbit 2021-11-19 09:03:20.468904] End trading
[Upbit 2021-11-20 09:01:02.596936] Start trading...
[Upbit 2021-11-20 09:01:57.533174] ['KRW-MOC', 'KRW-BORA', 'KRW-MANA', 'KRW-SAND', 'KRW-STORJ']
[Upbit 2021-11-20 09:02:26.143694] {'uuid': '198d3d8a-8c29-4db2-8636-4d55f24885fe', 'side': 'ask', 'ord_type': 'market', 'price': None, 'state': 'wait', 'market': 'KRW-CRO', 'created_at': '2021-11-20T09:02:25+09:00', 'volume': '647.14406362', 'remaining_volume': '647.14406362', 'reserved_fee': '0.0', 'remaining_fee': '0.0', 'paid_fee': '0.0', 'locked': '647.14406362', 'executed_volume': '0.0', 'trades_count': 0}
[Upbit 2021-11-20 09:02:32.699620] {'uuid': '457d3dda-8454-4bb7-907e-dc5024700958', 'side': 'ask', 'ord_type': 'market', 'price': None, 'state': 'wait', 'market': 'KRW-HUM', 'created_at': '2021-11-20T09:02:32+09:00', 'volume': '648.77813725', 'remaining_volume': '648.77813725', 'reserved_fee': '0.0', 'remaining_fee': '0.0', 'paid_fee': '0.0', 'locked': '648.77813725', 'executed_volume': '0.0', 'trades_count': 0}
[Upbit 2021-11-20 09:03:17.987813] target amount: 427488.0826387644
[Upbit 2021-11-20 09:03:19.549578] {'uuid': 'd7f93d48-8bb3-40e4-95ae-18c534f926b1', 'side': 'ask', 'ord_type': 'market', 'price': None, 'state': 'wait', 'market': 'KRW-BORA', 'created_at': '2021-11-20T09:03:19+09:00', 'volume': '8.684', 'remaining_volume': '8.684', 'reserved_fee': '0.0', 'remaining_fee': '0.0', 'paid_fee': '0.0', 'locked': '8.684', 'executed_volume': '0.0', 'trades_count': 0}
[Upbit 2021-11-20 09:03:20.741630] {'uuid': 'ad395a14-e5d3-4e04-aff0-04003947043e', 'side': 'ask', 'ord_type': 'market', 'price': None, 'state': 'wait', 'market': 'KRW-MANA', 'created_at': '2021-11-20T09:03:20+09:00', 'volume': '4.262', 'remaining_volume': '4.262', 'reserved_fee': '0.0', 'remaining_fee': '0.0', 'paid_fee': '0.0', 'locked': '4.262', 'executed_volume': '0.0', 'trades_count': 0}
['KRW-MOC', 'KRW-STORJ']
[Upbit 2021-11-20 09:03:21.433522] {'uuid': 'ab14ae9e-157d-4d2c-886f-b8268cc1516d', 'side': 'bid', 'ord_type': 'price', 'price': '427488.0', 'state': 'wait', 'market': 'KRW-MOC', 'created_at': '2021-11-20T09:03:20+09:00', 'volume': None, 'remaining_volume': None, 'reserved_fee': '213.744', 'remaining_fee': '213.744', 'paid_fee': '0.0', 'locked': '427701.744', 'executed_volume': '0.0', 'trades_count': 0}
[Upbit 2021-11-20 09:03:22.170349] {'uuid': '51bc4a20-4c4f-4a0f-91f2-fa8a4ed0950b', 'side': 'bid', 'ord_type': 'price', 'price': '427488.0', 'state': 'wait', 'market': 'KRW-STORJ', 'created_at': '2021-11-20T09:03:21+09:00', 'volume': None, 'remaining_volume': None, 'reserved_fee': '213.744', 'remaining_fee': '213.744', 'paid_fee': '0.0', 'locked': '427701.744', 'executed_volume': '0.0', 'trades_count': 0}
[Upbit 2021-11-20 09:03:22.632088] End trading
[Upbit 2021-11-21 09:01:02.586741] Start trading...
[Upbit 2021-11-21 09:01:57.463017] ['KRW-MOC', 'KRW-HUM', 'KRW-POWR', 'KRW-BORA']
[Upbit 2021-11-21 09:02:05.038206] {'uuid': '948bad5e-a58e-49f7-95e6-56b5ab17b9a7', 'side': 'ask', 'ord_type': 'market', 'price': None, 'state': 'wait', 'market': 'KRW-STORJ', 'created_at': '2021-11-21T09:02:04+09:00', 'volume': '66.85028142', 'remaining_volume': '66.85028142', 'reserved_fee': '0.0', 'remaining_fee': '0.0', 'paid_fee': '0.0', 'locked': '66.85028142', 'executed_volume': '0.0', 'trades_count': 0}
[Upbit 2021-11-21 09:02:19.691430] {'uuid': 'e5ea9988-3edb-4ecc-8d51-6e383135f219', 'side': 'ask', 'ord_type': 'market', 'price': None, 'state': 'wait', 'market': 'KRW-MANA', 'created_at': '2021-11-21T09:02:19+09:00', 'volume': '36.39550561', 'remaining_volume': '36.39550561', 'reserved_fee': '0.0', 'remaining_fee': '0.0', 'paid_fee': '0.0', 'locked': '36.39550561', 'executed_volume': '0.0', 'trades_count': 0}
[Upbit 2021-11-21 09:03:19.754633] target amount: 178645.8156090192
[Upbit 2021-11-21 09:03:21.507483] {'uuid': '607d32f5-2ff1-46c3-bb26-d8e9cec94890', 'side': 'ask', 'ord_type': 'market', 'price': None, 'state': 'wait', 'market': 'KRW-BORA', 'created_at': '2021-11-21T09:03:21+09:00', 'volume': '5.822', 'remaining_volume': '5.822', 'reserved_fee': '0.0', 'remaining_fee': '0.0', 'paid_fee': '0.0', 'locked': '5.822', 'executed_volume': '0.0', 'trades_count': 0}
['KRW-POWR']
[Upbit 2021-11-21 09:03:22.232848] {'uuid': 'd95469c9-c5df-4ce8-aee1-b3572cdd82b3', 'side': 'bid', 'ord_type': 'price', 'price': '178645.0', 'state': 'wait', 'market': 'KRW-POWR', 'created_at': '2021-11-21T09:03:21+09:00', 'volume': None, 'remaining_volume': None, 'reserved_fee': '89.3225', 'remaining_fee': '89.3225', 'paid_fee': '0.0', 'locked': '178734.3225', 'executed_volume': '0.0', 'trades_count': 0}
[Upbit 2021-11-21 09:03:22.692137] End trading
[Upbit 2021-11-22 09:01:02.436107] Start trading...
[Upbit 2021-11-22 09:01:48.327445] ['KRW-LOOM', 'KRW-CRO', 'KRW-POWR', 'KRW-HUM']
[Upbit 2021-11-22 09:02:08.185482] {'uuid': '41eb1140-7e47-49f7-af4a-8cf60762d213', 'side': 'ask', 'ord_type': 'market', 'price': None, 'state': 'wait', 'market': 'KRW-MOC', 'created_at': '2021-11-22T09:02:07+09:00', 'volume': '394.15207913', 'remaining_volume': '394.15207913', 'reserved_fee': '0.0', 'remaining_fee': '0.0', 'paid_fee': '0.0', 'locked': '394.15207913', 'executed_volume': '0.0', 'trades_count': 0}
[Upbit 2021-11-22 09:02:17.978015] {'uuid': '9060562e-8865-4209-8d49-15f737b6d6b1', 'side': 'ask', 'ord_type': 'market', 'price': None, 'state': 'wait', 'market': 'KRW-BORA', 'created_at': '2021-11-22T09:02:17+09:00', 'volume': '132.82175276', 'remaining_volume': '132.82175276', 'reserved_fee': '0.0', 'remaining_fee': '0.0', 'paid_fee': '0.0', 'locked': '132.82175276', 'executed_volume': '0.0', 'trades_count': 0}
[Upbit 2021-11-22 09:03:11.037856] target amount: 175288.6700480862
['KRW-LOOM', 'KRW-CRO']
[Upbit 2021-11-22 09:03:12.643394] {'uuid': '4691e022-fa6c-42c1-b60f-f8ba401079c4', 'side': 'bid', 'ord_type': 'price', 'price': '175288.0', 'state': 'wait', 'market': 'KRW-LOOM', 'created_at': '2021-11-22T09:03:12+09:00', 'volume': None, 'remaining_volume': None, 'reserved_fee': '87.644', 'remaining_fee': '87.644', 'paid_fee': '0.0', 'locked': '175375.644', 'executed_volume': '0.0', 'trades_count': 0}
[Upbit 2021-11-22 09:03:13.336552] {'uuid': 'ae7f90cf-0354-4a47-b78a-f464030ec38c', 'side': 'bid', 'ord_type': 'price', 'price': '175288.0', 'state': 'wait', 'market': 'KRW-CRO', 'created_at': '2021-11-22T09:03:12+09:00', 'volume': None, 'remaining_volume': None, 'reserved_fee': '87.644', 'remaining_fee': '87.644', 'paid_fee': '0.0', 'locked': '175375.644', 'executed_volume': '0.0', 'trades_count': 0}
[Upbit 2021-11-22 09:03:13.780287] End trading
[Upbit 2021-11-23 09:01:07.405038] Start trading...
[Upbit 2021-11-23 09:01:53.391634] ['KRW-LOOM', 'KRW-SAND', 'KRW-CRO', 'KRW-POWR', 'KRW-BORA']
[Upbit 2021-11-23 09:02:27.310777] {'uuid': 'e91c1216-c846-4b4c-83a7-86e0b4ed9793', 'side': 'ask', 'ord_type': 'market', 'price': None, 'state': 'wait', 'market': 'KRW-HUM', 'created_at': '2021-11-23T09:02:26+09:00', 'volume': '253.67276402', 'remaining_volume': '253.67276402', 'reserved_fee': '0.0', 'remaining_fee': '0.0', 'paid_fee': '0.0', 'locked': '253.67276402', 'executed_volume': '0.0', 'trades_count': 0}
[Upbit 2021-11-23 09:03:21.263738] target amount: 169504.11287055723
[Upbit 2021-11-23 09:03:23.541722] {'uuid': '7f490f95-cdeb-4aca-aa43-784509ed35b8', 'side': 'ask', 'ord_type': 'market', 'price': None, 'state': 'wait', 'market': 'KRW-CRO', 'created_at': '2021-11-23T09:03:23+09:00', 'volume': '8.348', 'remaining_volume': '8.348', 'reserved_fee': '0.0', 'remaining_fee': '0.0', 'paid_fee': '0.0', 'locked': '8.348', 'executed_volume': '0.0', 'trades_count': 0}
['KRW-SAND', 'KRW-BORA']
[Upbit 2021-11-23 09:03:24.294173] {'uuid': '7273a0c3-3df5-41ed-95d9-f22ca6b5e161', 'side': 'bid', 'ord_type': 'price', 'price': '169504.0', 'state': 'wait', 'market': 'KRW-SAND', 'created_at': '2021-11-23T09:03:23+09:00', 'volume': None, 'remaining_volume': None, 'reserved_fee': '84.752', 'remaining_fee': '84.752', 'paid_fee': '0.0', 'locked': '169588.752', 'executed_volume': '0.0', 'trades_count': 0}
[Upbit 2021-11-23 09:03:25.042529] {'uuid': '01227fd1-735a-41d7-9277-93ae98b7de75', 'side': 'bid', 'ord_type': 'price', 'price': '169504.0', 'state': 'wait', 'market': 'KRW-BORA', 'created_at': '2021-11-23T09:03:24+09:00', 'volume': None, 'remaining_volume': None, 'reserved_fee': '84.752', 'remaining_fee': '84.752', 'paid_fee': '0.0', 'locked': '169588.752', 'executed_volume': '0.0', 'trades_count': 0}
[Upbit 2021-11-23 09:03:25.512324] End trading
[Upbit 2021-11-24 09:01:03.898703] Start trading...
[Upbit 2021-11-24 09:01:58.483044] ['KRW-CRO', 'KRW-SSX', 'KRW-SAND', 'KRW-BORA', 'KRW-HIVE']
[Upbit 2021-11-24 09:02:07.897046] {'uuid': '920d1fd2-c54e-4cd5-a456-86d4063ff722', 'side': 'ask', 'ord_type': 'market', 'price': None, 'state': 'wait', 'market': 'KRW-POWR', 'created_at': '2021-11-24T09:02:07+09:00', 'volume': '184.36016511', 'remaining_volume': '184.36016511', 'reserved_fee': '0.0', 'remaining_fee': '0.0', 'paid_fee': '0.0', 'locked': '184.36016511', 'executed_volume': '0.0', 'trades_count': 0}
[Upbit 2021-11-24 09:02:12.179189] {'uuid': '67c73764-3ab7-4a9f-8555-2f21d5f26d7a', 'side': 'ask', 'ord_type': 'market', 'price': None, 'state': 'wait', 'market': 'KRW-LOOM', 'created_at': '2021-11-24T09:02:11+09:00', 'volume': '996.37567251', 'remaining_volume': '996.37567251', 'reserved_fee': '0.0', 'remaining_fee': '0.0', 'paid_fee': '0.0', 'locked': '996.37567251', 'executed_volume': '0.0', 'trades_count': 0}
[Upbit 2021-11-24 09:03:21.978193] target amount: 177821.543696715
[Upbit 2021-11-24 09:03:24.612682] {'uuid': 'e3fabaed-e896-48a5-9e21-76c0db1c3350', 'side': 'ask', 'ord_type': 'market', 'price': None, 'state': 'wait', 'market': 'KRW-CRO', 'created_at': '2021-11-24T09:03:23+09:00', 'volume': '25.11', 'remaining_volume': '25.11', 'reserved_fee': '0.0', 'remaining_fee': '0.0', 'paid_fee': '0.0', 'locked': '25.11', 'executed_volume': '0.0', 'trades_count': 0}
['KRW-SSX', 'KRW-HIVE']
[Upbit 2021-11-24 09:03:25.650234] {'uuid': '59cbeab2-fd42-4c7a-bb7d-6393e6c2978b', 'side': 'bid', 'ord_type': 'price', 'price': '177821.0', 'state': 'wait', 'market': 'KRW-SSX', 'created_at': '2021-11-24T09:03:25+09:00', 'volume': None, 'remaining_volume': None, 'reserved_fee': '88.9105', 'remaining_fee': '88.9105', 'paid_fee': '0.0', 'locked': '177909.9105', 'executed_volume': '0.0', 'trades_count': 0}
[Upbit 2021-11-24 09:03:27.889054] {'uuid': '9348fe45-a063-4b25-99d9-2a7b8fe6518a', 'side': 'bid', 'ord_type': 'price', 'price': '177821.0', 'state': 'wait', 'market': 'KRW-HIVE', 'created_at': '2021-11-24T09:03:26+09:00', 'volume': None, 'remaining_volume': None, 'reserved_fee': '88.9105', 'remaining_fee': '88.9105', 'paid_fee': '0.0', 'locked': '177909.9105', 'executed_volume': '0.0', 'trades_count': 0}
[Upbit 2021-11-24 09:03:28.640418] End trading
[Upbit 2021-11-25 09:01:03.385696] Start trading...
[Upbit 2021-11-25 09:01:58.065728] ['KRW-CRE', 'KRW-BORA', 'KRW-SAND', 'KRW-HIVE', 'KRW-MANA']
[Upbit 2021-11-25 09:02:27.989516] {'uuid': '9a021a9c-fb79-44b1-9b2f-4f09d02288ee', 'side': 'ask', 'ord_type': 'market', 'price': None, 'state': 'wait', 'market': 'KRW-CRO', 'created_at': '2021-11-25T09:02:27+09:00', 'volume': '162.39451396', 'remaining_volume': '162.39451396', 'reserved_fee': '0.0', 'remaining_fee': '0.0', 'paid_fee': '0.0', 'locked': '162.39451396', 'executed_volume': '0.0', 'trades_count': 0}
[Upbit 2021-11-25 09:02:32.991330] {'uuid': 'afc9e2e8-445c-4919-a100-d5dd58726fee', 'side': 'ask', 'ord_type': 'market', 'price': None, 'state': 'wait', 'market': 'KRW-SSX', 'created_at': '2021-11-25T09:02:32+09:00', 'volume': '1506.95762711', 'remaining_volume': '1506.95762711', 'reserved_fee': '0.0', 'remaining_fee': '0.0', 'paid_fee': '0.0', 'locked': '1506.95762711', 'executed_volume': '0.0', 'trades_count': 0}
[Upbit 2021-11-25 09:03:24.420804] target amount: 206596.2670827084
[Upbit 2021-11-25 09:03:25.929639] {'uuid': '7e8be3f3-283b-4f95-b6cb-b178eca40bb4', 'side': 'ask', 'ord_type': 'market', 'price': None, 'state': 'wait', 'market': 'KRW-BORA', 'created_at': '2021-11-25T09:03:25+09:00', 'volume': '8.244', 'remaining_volume': '8.244', 'reserved_fee': '0.0', 'remaining_fee': '0.0', 'paid_fee': '0.0', 'locked': '8.244', 'executed_volume': '0.0', 'trades_count': 0}
[Upbit 2021-11-25 09:03:26.985552] {'uuid': 'eff6a5ae-4083-428c-9103-62a38926bd59', 'side': 'ask', 'ord_type': 'market', 'price': None, 'state': 'wait', 'market': 'KRW-SAND', 'created_at': '2021-11-25T09:03:26+09:00', 'volume': '4.004', 'remaining_volume': '4.004', 'reserved_fee': '0.0', 'remaining_fee': '0.0', 'paid_fee': '0.0', 'locked': '4.004', 'executed_volume': '0.0', 'trades_count': 0}
['KRW-CRE', 'KRW-MANA']
[Upbit 2021-11-25 09:03:27.702787] {'uuid': 'b4e7fc3f-78e7-49b2-b784-28d33cd6b545', 'side': 'bid', 'ord_type': 'price', 'price': '206596.0', 'state': 'wait', 'market': 'KRW-CRE', 'created_at': '2021-11-25T09:03:27+09:00', 'volume': None, 'remaining_volume': None, 'reserved_fee': '103.298', 'remaining_fee': '103.298', 'paid_fee': '0.0', 'locked': '206699.298', 'executed_volume': '0.0', 'trades_count': 0}
[Upbit 2021-11-25 09:03:28.555348] {'uuid': '0b197cd8-8662-445e-912a-42708760b4c8', 'side': 'bid', 'ord_type': 'price', 'price': '206596.0', 'state': 'wait', 'market': 'KRW-MANA', 'created_at': '2021-11-25T09:03:28+09:00', 'volume': None, 'remaining_volume': None, 'reserved_fee': '103.298', 'remaining_fee': '103.298', 'paid_fee': '0.0', 'locked': '206699.298', 'executed_volume': '0.0', 'trades_count': 0}
[Upbit 2021-11-25 09:03:29.007549] End trading
[Upbit 2021-11-26 09:01:04.045646] Start trading...
[Upbit 2021-11-26 09:02:00.196298] ['KRW-HIVE', 'KRW-HUNT', 'KRW-MOC', 'KRW-MLK', 'KRW-BAT']
[Upbit 2021-11-26 09:02:20.985618] {'uuid': '86139dfa-8b81-4301-bddd-bbaf00d889f1', 'side': 'ask', 'ord_type': 'market', 'price': None, 'state': 'wait', 'market': 'KRW-MANA', 'created_at': '2021-11-26T09:02:20+09:00', 'volume': '32.4581304', 'remaining_volume': '32.4581304', 'reserved_fee': '0.0', 'remaining_fee': '0.0', 'paid_fee': '0.0', 'locked': '32.4581304', 'executed_volume': '0.0', 'trades_count': 0}
[Upbit 2021-11-26 09:02:24.574258] {'uuid': '420e3f16-c1ca-421f-9156-60197ee190d7', 'side': 'ask', 'ord_type': 'market', 'price': None, 'state': 'wait', 'market': 'KRW-CRE', 'created_at': '2021-11-26T09:02:24+09:00', 'volume': '7378.42857142', 'remaining_volume': '7378.42857142', 'reserved_fee': '0.0', 'remaining_fee': '0.0', 'paid_fee': '0.0', 'locked': '7378.42857142', 'executed_volume': '0.0', 'trades_count': 0}
[Upbit 2021-11-26 09:02:32.844323] {'uuid': 'aaaa8c53-0faf-4cba-9934-5aa53e004475', 'side': 'ask', 'ord_type': 'market', 'price': None, 'state': 'wait', 'market': 'KRW-BORA', 'created_at': '2021-11-26T09:02:32+09:00', 'volume': '114.14155956', 'remaining_volume': '114.14155956', 'reserved_fee': '0.0', 'remaining_fee': '0.0', 'paid_fee': '0.0', 'locked': '114.14155956', 'executed_volume': '0.0', 'trades_count': 0}
[Upbit 2021-11-26 09:02:39.860773] {'uuid': '971208c4-d198-4b44-9d04-6fedeced6389', 'side': 'ask', 'ord_type': 'market', 'price': None, 'state': 'wait', 'market': 'KRW-SAND', 'created_at': '2021-11-26T09:02:39+09:00', 'volume': '22.481', 'remaining_volume': '22.481', 'reserved_fee': '0.0', 'remaining_fee': '0.0', 'paid_fee': '0.0', 'locked': '22.481', 'executed_volume': '0.0', 'trades_count': 0}
[Upbit 2021-11-26 09:03:29.883440] target amount: 285679.15539943683
[Upbit 2021-11-26 09:03:31.039294] {'uuid': 'e22027aa-8a0a-4f19-96a0-900eebdcf56c', 'side': 'ask', 'ord_type': 'market', 'price': None, 'state': 'wait', 'market': 'KRW-HIVE', 'created_at': '2021-11-26T09:03:30+09:00', 'volume': '32.263', 'remaining_volume': '32.263', 'reserved_fee': '0.0', 'remaining_fee': '0.0', 'paid_fee': '0.0', 'locked': '32.263', 'executed_volume': '0.0', 'trades_count': 0}
['KRW-HUNT', 'KRW-MOC', 'KRW-MLK', 'KRW-BAT']
[Upbit 2021-11-26 09:03:31.818657] {'uuid': '1fb6e2c0-5c62-4183-bd8d-d8849f3ff529', 'side': 'bid', 'ord_type': 'price', 'price': '285679.0', 'state': 'wait', 'market': 'KRW-HUNT', 'created_at': '2021-11-26T09:03:31+09:00', 'volume': None, 'remaining_volume': None, 'reserved_fee': '142.8395', 'remaining_fee': '142.8395', 'paid_fee': '0.0', 'locked': '285821.8395', 'executed_volume': '0.0', 'trades_count': 0}
[Upbit 2021-11-26 09:03:32.548818] {'uuid': '87774d6d-406d-48f1-8bc1-7cb7de78bff4', 'side': 'bid', 'ord_type': 'price', 'price': '285679.0', 'state': 'wait', 'market': 'KRW-MOC', 'created_at': '2021-11-26T09:03:32+09:00', 'volume': None, 'remaining_volume': None, 'reserved_fee': '142.8395', 'remaining_fee': '142.8395', 'paid_fee': '0.0', 'locked': '285821.8395', 'executed_volume': '0.0', 'trades_count': 0}
[Upbit 2021-11-26 09:03:33.304028] {'uuid': '96cd0193-8ece-4cfd-96b1-e2a7071431ca', 'side': 'bid', 'ord_type': 'price', 'price': '285679.0', 'state': 'wait', 'market': 'KRW-MLK', 'created_at': '2021-11-26T09:03:32+09:00', 'volume': None, 'remaining_volume': None, 'reserved_fee': '142.8395', 'remaining_fee': '142.8395', 'paid_fee': '0.0', 'locked': '285821.8395', 'executed_volume': '0.0', 'trades_count': 0}
[Upbit 2021-11-26 09:03:34.001826] {'uuid': '952c6b87-5672-436a-aa4b-feda59b2567f', 'side': 'bid', 'ord_type': 'price', 'price': '285679.0', 'state': 'wait', 'market': 'KRW-BAT', 'created_at': '2021-11-26T09:03:33+09:00', 'volume': None, 'remaining_volume': None, 'reserved_fee': '142.8395', 'remaining_fee': '142.8395', 'paid_fee': '0.0', 'locked': '285821.8395', 'executed_volume': '0.0', 'trades_count': 0}
[Upbit 2021-11-26 09:03:34.452730] End trading
[Upbit 2021-11-28 09:01:02.397676] Start trading...
[Upbit 2021-11-28 09:01:50.125984] ['KRW-BAT', 'KRW-HUNT', 'KRW-HIVE', 'KRW-POLY', 'KRW-CVC']
[Upbit 2021-11-28 09:01:57.588778] {'uuid': 'a0afd5dd-18f5-44f9-b310-fc7fcd773431', 'side': 'ask', 'ord_type': 'market', 'price': None, 'state': 'wait', 'market': 'KRW-STORJ', 'created_at': '2021-11-28T09:01:57+09:00', 'volume': '32.92493368', 'remaining_volume': '32.92493368', 'reserved_fee': '0.0', 'remaining_fee': '0.0', 'paid_fee': '0.0', 'locked': '32.92493368', 'executed_volume': '0.0', 'trades_count': 0}
[Upbit 2021-11-28 09:03:13.354223] target amount: 126585.37051022702
[Upbit 2021-11-28 09:03:15.846112] {'uuid': 'b3e5d797-1c3d-4ff9-b71f-ada8834e5892', 'side': 'ask', 'ord_type': 'market', 'price': None, 'state': 'wait', 'market': 'KRW-BAT', 'created_at': '2021-11-28T09:03:15+09:00', 'volume': '8.65', 'remaining_volume': '8.65', 'reserved_fee': '0.0', 'remaining_fee': '0.0', 'paid_fee': '0.0', 'locked': '8.65', 'executed_volume': '0.0', 'trades_count': 0}
['KRW-POLY', 'KRW-CVC']
[Upbit 2021-11-28 09:03:16.815875] {'uuid': 'f271429a-412a-460d-bbb1-cf0af3ca7a54', 'side': 'bid', 'ord_type': 'price', 'price': '126585.0', 'state': 'wait', 'market': 'KRW-POLY', 'created_at': '2021-11-28T09:03:16+09:00', 'volume': None, 'remaining_volume': None, 'reserved_fee': '63.2925', 'remaining_fee': '63.2925', 'paid_fee': '0.0', 'locked': '126648.2925', 'executed_volume': '0.0', 'trades_count': 0}
[Upbit 2021-11-28 09:03:17.617215] {'uuid': 'e7863db1-d6ea-4d4f-9b57-438df0b86871', 'side': 'bid', 'ord_type': 'price', 'price': '126585.0', 'state': 'wait', 'market': 'KRW-CVC', 'created_at': '2021-11-28T09:03:17+09:00', 'volume': None, 'remaining_volume': None, 'reserved_fee': '63.2925', 'remaining_fee': '63.2925', 'paid_fee': '0.0', 'locked': '126648.2925', 'executed_volume': '0.0', 'trades_count': 0}
[Upbit 2021-11-28 09:03:18.083393] End trading
[Upbit 2021-11-29 09:01:02.171801] Start trading...
[Upbit 2021-11-29 09:01:57.185018] ['KRW-HIVE', 'KRW-HUNT', 'KRW-BAT', 'KRW-STORJ', 'KRW-SAND']
[Upbit 2021-11-29 09:02:08.817934] {'uuid': '4bd651eb-8ea3-4282-874b-c8eb47bb58b6', 'side': 'ask', 'ord_type': 'market', 'price': None, 'state': 'wait', 'market': 'KRW-POLY', 'created_at': '2021-11-29T09:02:08+09:00', 'volume': '106.37394957', 'remaining_volume': '106.37394957', 'reserved_fee': '0.0', 'remaining_fee': '0.0', 'paid_fee': '0.0', 'locked': '106.37394957', 'executed_volume': '0.0', 'trades_count': 0}
[Upbit 2021-11-29 09:02:11.821841] {'uuid': '090cfed5-2ee3-47b6-8c9a-8de3666b47dc', 'side': 'ask', 'ord_type': 'market', 'price': None, 'state': 'wait', 'market': 'KRW-CVC', 'created_at': '2021-11-29T09:02:11+09:00', 'volume': '160.84498094', 'remaining_volume': '160.84498094', 'reserved_fee': '0.0', 'remaining_fee': '0.0', 'paid_fee': '0.0', 'locked': '160.84498094', 'executed_volume': '0.0', 'trades_count': 0}
[Upbit 2021-11-30 09:01:02.906406] Start trading...
[Upbit 2021-11-30 09:01:52.220800] ['KRW-HIVE', 'KRW-GLM', 'KRW-HUNT']
[Upbit 2021-11-30 09:01:59.823823] {'uuid': '6debbfb7-c06e-4cc1-9804-3a71809f6a2a', 'side': 'ask', 'ord_type': 'market', 'price': None, 'state': 'wait', 'market': 'KRW-STORJ', 'created_at': '2021-11-30T09:01:59+09:00', 'volume': '33.0535326', 'remaining_volume': '33.0535326', 'reserved_fee': '0.0', 'remaining_fee': '0.0', 'paid_fee': '0.0', 'locked': '33.0535326', 'executed_volume': '0.0', 'trades_count': 0}
[Upbit 2021-11-30 09:02:07.112384] {'uuid': '569927a7-319a-4613-96c9-df00bbb8236e', 'side': 'ask', 'ord_type': 'market', 'price': None, 'state': 'wait', 'market': 'KRW-BAT', 'created_at': '2021-11-30T09:02:06+09:00', 'volume': '57.11257262', 'remaining_volume': '57.11257262', 'reserved_fee': '0.0', 'remaining_fee': '0.0', 'paid_fee': '0.0', 'locked': '57.11257262', 'executed_volume': '0.0', 'trades_count': 0}
[Upbit 2021-11-30 09:02:46.215224] Timed out
[Upbit 2021-11-30 09:03:31.749366] target amount: 122979.258555858
[Upbit 2021-11-30 09:03:33.242045] {'uuid': '2c41a56e-2afb-499d-851d-73239894b27f', 'side': 'ask', 'ord_type': 'market', 'price': None, 'state': 'wait', 'market': 'KRW-HIVE', 'created_at': '2021-11-30T09:03:32+09:00', 'volume': '7.087', 'remaining_volume': '7.087', 'reserved_fee': '0.0', 'remaining_fee': '0.0', 'paid_fee': '0.0', 'locked': '7.087', 'executed_volume': '0.0', 'trades_count': 0}
['KRW-GLM']
[Upbit 2021-11-30 09:03:34.080718] {'uuid': 'a8a543f9-14ff-4c9a-a03f-0b355a22697b', 'side': 'bid', 'ord_type': 'price', 'price': '122979.0', 'state': 'wait', 'market': 'KRW-GLM', 'created_at': '2021-11-30T09:03:33+09:00', 'volume': None, 'remaining_volume': None, 'reserved_fee': '61.4895', 'remaining_fee': '61.4895', 'paid_fee': '0.0', 'locked': '123040.4895', 'executed_volume': '0.0', 'trades_count': 0}
[Upbit 2021-11-30 09:03:34.540650] End trading
[Upbit 2021-12-01 09:01:02.778486] Start trading...
[Upbit 2021-12-01 09:01:51.956074] ['KRW-HIVE']
[Upbit 2021-12-01 09:02:22.253760] {'uuid': '84f7225b-6490-44e2-beb3-db3441a2843d', 'side': 'ask', 'ord_type': 'market', 'price': None, 'state': 'wait', 'market': 'KRW-HUNT', 'created_at': '2021-12-01T09:02:21+09:00', 'volume': '75.79919578', 'remaining_volume': '75.79919578', 'reserved_fee': '0.0', 'remaining_fee': '0.0', 'paid_fee': '0.0', 'locked': '75.79919578', 'executed_volume': '0.0', 'trades_count': 0}
[Upbit 2021-12-01 09:02:25.346903] {'uuid': '83738996-0ea2-4e83-bf54-4ea99a2ec365', 'side': 'ask', 'ord_type': 'market', 'price': None, 'state': 'wait', 'market': 'KRW-GLM', 'created_at': '2021-12-01T09:02:24+09:00', 'volume': '124.22121212', 'remaining_volume': '124.22121212', 'reserved_fee': '0.0', 'remaining_fee': '0.0', 'paid_fee': '0.0', 'locked': '124.22121212', 'executed_volume': '0.0', 'trades_count': 0}
[Upbit 2021-12-01 09:03:11.827988] target amount: 116435.66116525198
[]
[Upbit 2021-12-01 09:03:12.876154] End trading
[Upbit 2021-12-02 09:01:02.578539] Start trading...
[Upbit 2021-12-02 09:01:51.354964] ['KRW-META', 'KRW-STX', 'KRW-HIVE']
[Upbit 2021-12-02 09:03:11.474248] target amount: 115419.65049036178
['KRW-META', 'KRW-STX']
[Upbit 2021-12-02 09:03:12.612988] {'uuid': '37c37342-723a-4afa-b677-5f6891d8e29a', 'side': 'bid', 'ord_type': 'price', 'price': '115419.0', 'state': 'wait', 'market': 'KRW-META', 'created_at': '2021-12-02T09:03:12+09:00', 'volume': None, 'remaining_volume': None, 'reserved_fee': '57.7095', 'remaining_fee': '57.7095', 'paid_fee': '0.0', 'locked': '115476.7095', 'executed_volume': '0.0', 'trades_count': 0}
[Upbit 2021-12-02 09:03:13.390299] {'uuid': '3bbba16c-7b89-46d4-a2bd-9ee98a0430b8', 'side': 'bid', 'ord_type': 'price', 'price': '115419.0', 'state': 'wait', 'market': 'KRW-STX', 'created_at': '2021-12-02T09:03:12+09:00', 'volume': None, 'remaining_volume': None, 'reserved_fee': '57.7095', 'remaining_fee': '57.7095', 'paid_fee': '0.0', 'locked': '115476.7095', 'executed_volume': '0.0', 'trades_count': 0}
[Upbit 2021-12-02 09:03:13.858662] End trading
[Upbit 2021-12-03 09:01:02.145660] Start trading...
[Upbit 2021-12-03 09:01:56.423100] ['KRW-MLK']
[Upbit 2021-12-03 09:02:22.865668] {'uuid': '304602bb-1889-4506-8781-39d54293a175', 'side': 'ask', 'ord_type': 'market', 'price': None, 'state': 'wait', 'market': 'KRW-HIVE', 'created_at': '2021-12-03T09:02:22+09:00', 'volume': '36.15464402', 'remaining_volume': '36.15464402', 'reserved_fee': '0.0', 'remaining_fee': '0.0', 'paid_fee': '0.0', 'locked': '36.15464402', 'executed_volume': '0.0', 'trades_count': 0}
[Upbit 2021-12-03 09:02:30.056879] {'uuid': 'e14c2a42-882b-42c0-80dc-5a31b3e5a933', 'side': 'ask', 'ord_type': 'market', 'price': None, 'state': 'wait', 'market': 'KRW-META', 'created_at': '2021-12-03T09:02:29+09:00', 'volume': '499.64935064', 'remaining_volume': '499.64935064', 'reserved_fee': '0.0', 'remaining_fee': '0.0', 'paid_fee': '0.0', 'locked': '499.64935064', 'executed_volume': '0.0', 'trades_count': 0}
[Upbit 2021-12-03 09:02:34.557985] {'uuid': '717ce836-f536-4229-8b95-4e1c2c440b42', 'side': 'ask', 'ord_type': 'market', 'price': None, 'state': 'wait', 'market': 'KRW-STX', 'created_at': '2021-12-03T09:02:34+09:00', 'volume': '32.51239436', 'remaining_volume': '32.51239436', 'reserved_fee': '0.0', 'remaining_fee': '0.0', 'paid_fee': '0.0', 'locked': '32.51239436', 'executed_volume': '0.0', 'trades_count': 0}
[Upbit 2021-12-03 09:03:17.346741] target amount: 108753.39431291162
['KRW-MLK']
[Upbit 2021-12-03 09:03:18.063835] {'uuid': '026c375c-5468-421e-b35f-7d23c1df2b60', 'side': 'bid', 'ord_type': 'price', 'price': '108753.0', 'state': 'wait', 'market': 'KRW-MLK', 'created_at': '2021-12-03T09:03:17+09:00', 'volume': None, 'remaining_volume': None, 'reserved_fee': '54.3765', 'remaining_fee': '54.3765', 'paid_fee': '0.0', 'locked': '108807.3765', 'executed_volume': '0.0', 'trades_count': 0}
[Upbit 2021-12-03 09:03:18.530300] End trading
[Upbit 2021-12-04 09:01:02.910948] Start trading...
[Upbit 2021-12-04 09:01:56.781181] ['KRW-STX']
[Upbit 2021-12-04 09:02:21.832091] {'uuid': '8b16265f-90b5-4171-a995-d130ff9d334b', 'side': 'ask', 'ord_type': 'market', 'price': None, 'state': 'wait', 'market': 'KRW-MLK', 'created_at': '2021-12-04T09:02:21+09:00', 'volume': '47.80351648', 'remaining_volume': '47.80351648', 'reserved_fee': '0.0', 'remaining_fee': '0.0', 'paid_fee': '0.0', 'locked': '47.80351648', 'executed_volume': '0.0', 'trades_count': 0}
[Upbit 2021-12-04 09:03:21.352191] target amount: 108862.82373266101
['KRW-STX']
[Upbit 2021-12-04 09:03:22.137170] {'uuid': 'a87a9c71-f1a1-498f-9ea0-aefbea9b909a', 'side': 'bid', 'ord_type': 'price', 'price': '108862.0', 'state': 'wait', 'market': 'KRW-STX', 'created_at': '2021-12-04T09:03:21+09:00', 'volume': None, 'remaining_volume': None, 'reserved_fee': '54.431', 'remaining_fee': '54.431', 'paid_fee': '0.0', 'locked': '108916.431', 'executed_volume': '0.0', 'trades_count': 0}
[Upbit 2021-12-04 09:03:22.588831] End trading
[Upbit 2021-12-05 09:01:02.450162] Start trading...
[Upbit 2021-12-05 09:01:57.285145] []
[Upbit 2021-12-05 09:01:59.043789] {'uuid': 'a9b5aa7d-54e0-4e7e-9d36-3cea05c72a24', 'side': 'ask', 'ord_type': 'market', 'price': None, 'state': 'wait', 'market': 'KRW-ETH', 'created_at': '2021-12-05T09:01:58+09:00', 'volume': '0.04898992', 'remaining_volume': '0.04898992', 'reserved_fee': '0.0', 'remaining_fee': '0.0', 'paid_fee': '0.0', 'locked': '0.04898992', 'executed_volume': '0.0', 'trades_count': 0}
[Upbit 2021-12-05 09:02:35.846482] {'uuid': 'c6562aca-2920-4a71-8aa3-3c2acf0bf0dc', 'side': 'ask', 'ord_type': 'market', 'price': None, 'state': 'wait', 'market': 'KRW-STX', 'created_at': '2021-12-05T09:02:35+09:00', 'volume': '33.59938271', 'remaining_volume': '33.59938271', 'reserved_fee': '0.0', 'remaining_fee': '0.0', 'paid_fee': '0.0', 'locked': '33.59938271', 'executed_volume': '0.0', 'trades_count': 0}
[Upbit 2021-12-05 09:03:19.387242] target amount: 107734.1923449144
[]
[Upbit 2021-12-05 09:03:19.836803] End trading
